-- The C compiler identification is GNU 13.3.0
-- The CXX compiler identification is GNU 13.3.0
-- Detecting C compiler ABI info
-- Detecting C compiler ABI info - done
-- Check for working C compiler: /usr/bin/cc - skipped
-- Detecting C compile features
-- Detecting C compile features - done
-- Detecting CXX compiler ABI info
-- Detecting CXX compiler ABI info - done
-- Check for working CXX compiler: /usr/bin/c++ - skipped
-- Detecting CXX compile features
-- Detecting CXX compile features - done
-- Found ament_cmake: 2.5.5 (/opt/ros/jazzy/share/ament_cmake/cmake)
-- Found Python3: /usr/bin/python3 (found version "3.12.3") found components: Interpreter 
-- Found rosidl_default_generators: 1.6.0 (/opt/ros/jazzy/share/rosidl_default_generators/cmake)
-- Using all available rosidl_typesupport_c: rosidl_typesupport_fastrtps_c;rosidl_typesupport_introspection_c
-- Using all available rosidl_typesupport_cpp: rosidl_typesupport_fastrtps_cpp;rosidl_typesupport_introspection_cpp
-- Found rosidl_adapter: 4.6.7 (/opt/ros/jazzy/share/rosidl_adapter/cmake)
-- Found builtin_interfaces: 2.0.3 (/opt/ros/jazzy/share/builtin_interfaces/cmake)
-- Found ament_cmake_ros: 0.12.0 (/opt/ros/jazzy/share/ament_cmake_ros/cmake)
-- Using all available rosidl_typesupport_c: rosidl_typesupport_fastrtps_c;rosidl_typesupport_introspection_c
-- Using all available rosidl_typesupport_cpp: rosidl_typesupport_fastrtps_cpp;rosidl_typesupport_introspection_cpp
-- Found python_cmake_module: 0.11.1 (/opt/ros/jazzy/share/python_cmake_module/cmake)
-- Found PythonExtra: /usr/bin/python3  
-- Found Python3: /usr/bin/python3 (found version "3.12.3") found components: Interpreter Development NumPy Development.Module Development.Embed 
-- Configuring done (11.1s)
-- Generating done (2.0s)
CMake Warning:
  Manually-specified variables were not used by the project:

    CATKIN_INSTALL_INTO_PREFIX_ROOT
    CATKIN_SYMLINK_INSTALL


-- Build files have been written to: /app/sp_vision/ros2_ws/build/sp_msgs
[  2%] Generating type hashes for ROS interfaces
[  2%] Built target ament_cmake_python_copy_sp_msgs
running egg_info
creating sp_msgs.egg-info
writing sp_msgs.egg-info/PKG-INFO
writing dependency_links to sp_msgs.egg-info/dependency_links.txt
writing top-level names to sp_msgs.egg-info/top_level.txt
writing manifest file 'sp_msgs.egg-info/SOURCES.txt'
[  2%] Built target sp_msgs__rosidl_generator_type_description
reading manifest file 'sp_msgs.egg-info/SOURCES.txt'
[  4%] Generating C code for ROS interfaces
writing manifest file 'sp_msgs.egg-info/SOURCES.txt'
[  6%] Built target ament_cmake_python_build_sp_msgs_egg
[  6%] Generating C++ code for ROS interfaces
[  6%] Built target sp_msgs__cpp
[  9%] Building C object CMakeFiles/sp_msgs__rosidl_generator_c.dir/rosidl_generator_c/sp_msgs/msg/detail/enemy_status_msg__description.c.o
[ 11%] Building C object CMakeFiles/sp_msgs__rosidl_generator_c.dir/rosidl_generator_c/sp_msgs/msg/detail/enemy_status_msg__functions.c.o
[ 13%] Building C object CMakeFiles/sp_msgs__rosidl_generator_c.dir/rosidl_generator_c/sp_msgs/msg/detail/enemy_status_msg__type_support.c.o
[ 15%] Building C object CMakeFiles/sp_msgs__rosidl_generator_c.dir/rosidl_generator_c/sp_msgs/msg/detail/autoaim_target_msg__description.c.o
[ 18%] Building C object CMakeFiles/sp_msgs__rosidl_generator_c.dir/rosidl_generator_c/sp_msgs/msg/detail/autoaim_target_msg__functions.c.o
[ 20%] Building C object CMakeFiles/sp_msgs__rosidl_generator_c.dir/rosidl_generator_c/sp_msgs/msg/detail/autoaim_target_msg__type_support.c.o
[ 22%] Linking C shared library libsp_msgs__rosidl_generator_c.so
[ 22%] Built target sp_msgs__rosidl_generator_c
[ 36%] Generating C type support dispatch for ROS interfaces
[ 36%] Generating C++ type support for eProsima Fast-RTPS
[ 36%] Generating C++ type support dispatch for ROS interfaces
[ 36%] Generating C introspection for ROS interfaces
[ 36%] Generating C++ introspection for ROS interfaces
[ 36%] Generating C type support for eProsima Fast-RTPS
[ 40%] Building CXX object CMakeFiles/sp_msgs__rosidl_typesupport_c.dir/rosidl_typesupport_c/sp_msgs/msg/enemy_status_msg__type_support.cpp.o
[ 40%] Building CXX object CMakeFiles/sp_msgs__rosidl_typesupport_cpp.dir/rosidl_typesupport_cpp/sp_msgs/msg/enemy_status_msg__type_support.cpp.o
[ 45%] Building CXX object CMakeFiles/sp_msgs__rosidl_typesupport_cpp.dir/rosidl_typesupport_cpp/sp_msgs/msg/autoaim_target_msg__type_support.cpp.o
[ 45%] Building CXX object CMakeFiles/sp_msgs__rosidl_typesupport_c.dir/rosidl_typesupport_c/sp_msgs/msg/autoaim_target_msg__type_support.cpp.o
[ 47%] Building C object CMakeFiles/sp_msgs__rosidl_typesupport_introspection_c.dir/rosidl_typesupport_introspection_c/sp_msgs/msg/detail/enemy_status_msg__type_support.c.o
[ 52%] Building C object CMakeFiles/sp_msgs__rosidl_typesupport_introspection_c.dir/rosidl_typesupport_introspection_c/sp_msgs/msg/detail/autoaim_target_msg__type_support.c.o
[ 52%] Building CXX object CMakeFiles/sp_msgs__rosidl_typesupport_introspection_cpp.dir/rosidl_typesupport_introspection_cpp/sp_msgs/msg/detail/enemy_status_msg__type_support.cpp.o
[ 54%] Building CXX object CMakeFiles/sp_msgs__rosidl_typesupport_introspection_cpp.dir/rosidl_typesupport_introspection_cpp/sp_msgs/msg/detail/autoaim_target_msg__type_support.cpp.o
[ 56%] Building CXX object CMakeFiles/sp_msgs__rosidl_typesupport_fastrtps_cpp.dir/rosidl_typesupport_fastrtps_cpp/sp_msgs/msg/detail/dds_fastrtps/enemy_status_msg__type_support.cpp.o
[ 59%] Building CXX object CMakeFiles/sp_msgs__rosidl_typesupport_fastrtps_cpp.dir/rosidl_typesupport_fastrtps_cpp/sp_msgs/msg/detail/dds_fastrtps/autoaim_target_msg__type_support.cpp.o
[ 61%] Building CXX object CMakeFiles/sp_msgs__rosidl_typesupport_fastrtps_c.dir/rosidl_typesupport_fastrtps_c/sp_msgs/msg/detail/enemy_status_msg__type_support_c.cpp.o
[ 63%] Building CXX object CMakeFiles/sp_msgs__rosidl_typesupport_fastrtps_c.dir/rosidl_typesupport_fastrtps_c/sp_msgs/msg/detail/autoaim_target_msg__type_support_c.cpp.o
[ 65%] Linking CXX shared library libsp_msgs__rosidl_typesupport_c.so
[ 68%] Linking C shared library libsp_msgs__rosidl_typesupport_introspection_c.so
[ 68%] Built target sp_msgs__rosidl_typesupport_c
[ 68%] Built target sp_msgs__rosidl_typesupport_introspection_c
[ 70%] Linking CXX shared library libsp_msgs__rosidl_typesupport_cpp.so
[ 70%] Built target sp_msgs__rosidl_typesupport_cpp
[ 72%] Linking CXX shared library libsp_msgs__rosidl_typesupport_fastrtps_c.so
[ 75%] Linking CXX shared library libsp_msgs__rosidl_typesupport_introspection_cpp.so
[ 75%] Built target sp_msgs__rosidl_typesupport_fastrtps_c
[ 77%] Linking CXX shared library libsp_msgs__rosidl_typesupport_fastrtps_cpp.so
[ 77%] Built target sp_msgs__rosidl_typesupport_introspection_cpp
[ 77%] Built target sp_msgs__rosidl_typesupport_fastrtps_cpp
[ 77%] Built target sp_msgs
[ 79%] Generating Python code for ROS interfaces
[ 79%] Built target sp_msgs__py
[ 81%] Building C object CMakeFiles/sp_msgs__rosidl_generator_py.dir/rosidl_generator_py/sp_msgs/msg/_enemy_status_msg_s.c.o
[ 84%] Building C object CMakeFiles/sp_msgs__rosidl_generator_py.dir/rosidl_generator_py/sp_msgs/msg/_autoaim_target_msg_s.c.o
[ 86%] Linking C shared library libsp_msgs__rosidl_generator_py.so
[ 86%] Built target sp_msgs__rosidl_generator_py
[ 93%] Building C object CMakeFiles/sp_msgs_s__rosidl_typesupport_c.dir/rosidl_generator_py/sp_msgs/_sp_msgs_s.ep.rosidl_typesupport_c.c.o
[ 93%] Building C object CMakeFiles/sp_msgs_s__rosidl_typesupport_fastrtps_c.dir/rosidl_generator_py/sp_msgs/_sp_msgs_s.ep.rosidl_typesupport_fastrtps_c.c.o
[ 93%] Building C object CMakeFiles/sp_msgs_s__rosidl_typesupport_introspection_c.dir/rosidl_generator_py/sp_msgs/_sp_msgs_s.ep.rosidl_typesupport_introspection_c.c.o
[ 95%] Linking C shared module rosidl_generator_py/sp_msgs/sp_msgs_s__rosidl_typesupport_c.so
[ 97%] Linking C shared module rosidl_generator_py/sp_msgs/sp_msgs_s__rosidl_typesupport_fastrtps_c.so
[100%] Linking C shared module rosidl_generator_py/sp_msgs/sp_msgs_s__rosidl_typesupport_introspection_c.so
[100%] Built target sp_msgs_s__rosidl_typesupport_c
[100%] Built target sp_msgs_s__rosidl_typesupport_fastrtps_c
[100%] Built target sp_msgs_s__rosidl_typesupport_introspection_c
-- Install configuration: ""
-- Installing: /app/sp_vision/ros2_ws/install/share/ament_index/resource_index/rosidl_interfaces/sp_msgs
-- Installing: /app/sp_vision/ros2_ws/install/share/sp_msgs/msg/EnemyStatusMsg.json
-- Installing: /app/sp_vision/ros2_ws/install/share/sp_msgs/msg/AutoaimTargetMsg.json
-- Installing: /app/sp_vision/ros2_ws/install/include/sp_msgs/sp_msgs
-- Installing: /app/sp_vision/ros2_ws/install/include/sp_msgs/sp_msgs/msg
-- Installing: /app/sp_vision/ros2_ws/install/include/sp_msgs/sp_msgs/msg/autoaim_target_msg.h
-- Installing: /app/sp_vision/ros2_ws/install/include/sp_msgs/sp_msgs/msg/detail
-- Installing: /app/sp_vision/ros2_ws/install/include/sp_msgs/sp_msgs/msg/detail/autoaim_target_msg__description.c
-- Installing: /app/sp_vision/ros2_ws/install/include/sp_msgs/sp_msgs/msg/detail/autoaim_target_msg__functions.c
-- Installing: /app/sp_vision/ros2_ws/install/include/sp_msgs/sp_msgs/msg/detail/autoaim_target_msg__functions.h
-- Installing: /app/sp_vision/ros2_ws/install/include/sp_msgs/sp_msgs/msg/detail/autoaim_target_msg__struct.h
-- Installing: /app/sp_vision/ros2_ws/install/include/sp_msgs/sp_msgs/msg/detail/autoaim_target_msg__type_support.c
-- Installing: /app/sp_vision/ros2_ws/install/include/sp_msgs/sp_msgs/msg/detail/autoaim_target_msg__type_support.h
-- Installing: /app/sp_vision/ros2_ws/install/include/sp_msgs/sp_msgs/msg/detail/enemy_status_msg__description.c
-- Installing: /app/sp_vision/ros2_ws/install/include/sp_msgs/sp_msgs/msg/detail/enemy_status_msg__functions.c
-- Installing: /app/sp_vision/ros2_ws/install/include/sp_msgs/sp_msgs/msg/detail/enemy_status_msg__functions.h
-- Installing: /app/sp_vision/ros2_ws/install/include/sp_msgs/sp_msgs/msg/detail/enemy_status_msg__struct.h
-- Installing: /app/sp_vision/ros2_ws/install/include/sp_msgs/sp_msgs/msg/detail/enemy_status_msg__type_support.c
-- Installing: /app/sp_vision/ros2_ws/install/include/sp_msgs/sp_msgs/msg/detail/enemy_status_msg__type_support.h
-- Installing: /app/sp_vision/ros2_ws/install/include/sp_msgs/sp_msgs/msg/enemy_status_msg.h
-- Installing: /app/sp_vision/ros2_ws/install/include/sp_msgs/sp_msgs/msg/rosidl_generator_c__visibility_control.h
-- Installing: /app/sp_vision/ros2_ws/install/share/sp_msgs/environment/library_path.sh
-- Installing: /app/sp_vision/ros2_ws/install/share/sp_msgs/environment/library_path.dsv
-- Installing: /app/sp_vision/ros2_ws/install/lib/libsp_msgs__rosidl_generator_c.so
-- Set non-toolchain portion of runtime path of "/app/sp_vision/ros2_ws/install/lib/libsp_msgs__rosidl_generator_c.so" to ""
-- Up-to-date: /app/sp_vision/ros2_ws/install/include/sp_msgs/sp_msgs
-- Up-to-date: /app/sp_vision/ros2_ws/install/include/sp_msgs/sp_msgs/msg
-- Up-to-date: /app/sp_vision/ros2_ws/install/include/sp_msgs/sp_msgs/msg/detail
-- Installing: /app/sp_vision/ros2_ws/install/include/sp_msgs/sp_msgs/msg/detail/autoaim_target_msg__rosidl_typesupport_fastrtps_c.h
-- Installing: /app/sp_vision/ros2_ws/install/include/sp_msgs/sp_msgs/msg/detail/enemy_status_msg__rosidl_typesupport_fastrtps_c.h
-- Installing: /app/sp_vision/ros2_ws/install/include/sp_msgs/sp_msgs/msg/rosidl_typesupport_fastrtps_c__visibility_control.h
-- Installing: /app/sp_vision/ros2_ws/install/lib/libsp_msgs__rosidl_typesupport_fastrtps_c.so
-- Set non-toolchain portion of runtime path of "/app/sp_vision/ros2_ws/install/lib/libsp_msgs__rosidl_typesupport_fastrtps_c.so" to ""
-- Up-to-date: /app/sp_vision/ros2_ws/install/include/sp_msgs/sp_msgs
-- Up-to-date: /app/sp_vision/ros2_ws/install/include/sp_msgs/sp_msgs/msg
-- Up-to-date: /app/sp_vision/ros2_ws/install/include/sp_msgs/sp_msgs/msg/detail
-- Installing: /app/sp_vision/ros2_ws/install/include/sp_msgs/sp_msgs/msg/detail/autoaim_target_msg__rosidl_typesupport_introspection_c.h
-- Up-to-date: /app/sp_vision/ros2_ws/install/include/sp_msgs/sp_msgs/msg/detail/autoaim_target_msg__type_support.c
-- Installing: /app/sp_vision/ros2_ws/install/include/sp_msgs/sp_msgs/msg/detail/enemy_status_msg__rosidl_typesupport_introspection_c.h
-- Up-to-date: /app/sp_vision/ros2_ws/install/include/sp_msgs/sp_msgs/msg/detail/enemy_status_msg__type_support.c
-- Installing: /app/sp_vision/ros2_ws/install/include/sp_msgs/sp_msgs/msg/rosidl_typesupport_introspection_c__visibility_control.h
-- Installing: /app/sp_vision/ros2_ws/install/lib/libsp_msgs__rosidl_typesupport_introspection_c.so
-- Set non-toolchain portion of runtime path of "/app/sp_vision/ros2_ws/install/lib/libsp_msgs__rosidl_typesupport_introspection_c.so" to ""
-- Installing: /app/sp_vision/ros2_ws/install/lib/libsp_msgs__rosidl_typesupport_c.so
-- Set non-toolchain portion of runtime path of "/app/sp_vision/ros2_ws/install/lib/libsp_msgs__rosidl_typesupport_c.so" to ""
-- Up-to-date: /app/sp_vision/ros2_ws/install/include/sp_msgs/sp_msgs
-- Up-to-date: /app/sp_vision/ros2_ws/install/include/sp_msgs/sp_msgs/msg
-- Installing: /app/sp_vision/ros2_ws/install/include/sp_msgs/sp_msgs/msg/autoaim_target_msg.hpp
-- Up-to-date: /app/sp_vision/ros2_ws/install/include/sp_msgs/sp_msgs/msg/detail
-- Installing: /app/sp_vision/ros2_ws/install/include/sp_msgs/sp_msgs/msg/detail/autoaim_target_msg__builder.hpp
-- Installing: /app/sp_vision/ros2_ws/install/include/sp_msgs/sp_msgs/msg/detail/autoaim_target_msg__struct.hpp
-- Installing: /app/sp_vision/ros2_ws/install/include/sp_msgs/sp_msgs/msg/detail/autoaim_target_msg__traits.hpp
-- Installing: /app/sp_vision/ros2_ws/install/include/sp_msgs/sp_msgs/msg/detail/autoaim_target_msg__type_support.hpp
-- Installing: /app/sp_vision/ros2_ws/install/include/sp_msgs/sp_msgs/msg/detail/enemy_status_msg__builder.hpp
-- Installing: /app/sp_vision/ros2_ws/install/include/sp_msgs/sp_msgs/msg/detail/enemy_status_msg__struct.hpp
-- Installing: /app/sp_vision/ros2_ws/install/include/sp_msgs/sp_msgs/msg/detail/enemy_status_msg__traits.hpp
-- Installing: /app/sp_vision/ros2_ws/install/include/sp_msgs/sp_msgs/msg/detail/enemy_status_msg__type_support.hpp
-- Installing: /app/sp_vision/ros2_ws/install/include/sp_msgs/sp_msgs/msg/enemy_status_msg.hpp
-- Installing: /app/sp_vision/ros2_ws/install/include/sp_msgs/sp_msgs/msg/rosidl_generator_cpp__visibility_control.hpp
-- Up-to-date: /app/sp_vision/ros2_ws/install/include/sp_msgs/sp_msgs
-- Up-to-date: /app/sp_vision/ros2_ws/install/include/sp_msgs/sp_msgs/msg
-- Up-to-date: /app/sp_vision/ros2_ws/install/include/sp_msgs/sp_msgs/msg/detail
-- Installing: /app/sp_vision/ros2_ws/install/include/sp_msgs/sp_msgs/msg/detail/autoaim_target_msg__rosidl_typesupport_fastrtps_cpp.hpp
-- Installing: /app/sp_vision/ros2_ws/install/include/sp_msgs/sp_msgs/msg/detail/dds_fastrtps
-- Installing: /app/sp_vision/ros2_ws/install/include/sp_msgs/sp_msgs/msg/detail/enemy_status_msg__rosidl_typesupport_fastrtps_cpp.hpp
-- Installing: /app/sp_vision/ros2_ws/install/include/sp_msgs/sp_msgs/msg/rosidl_typesupport_fastrtps_cpp__visibility_control.h
-- Installing: /app/sp_vision/ros2_ws/install/lib/libsp_msgs__rosidl_typesupport_fastrtps_cpp.so
-- Set non-toolchain portion of runtime path of "/app/sp_vision/ros2_ws/install/lib/libsp_msgs__rosidl_typesupport_fastrtps_cpp.so" to ""
-- Up-to-date: /app/sp_vision/ros2_ws/install/include/sp_msgs/sp_msgs
-- Up-to-date: /app/sp_vision/ros2_ws/install/include/sp_msgs/sp_msgs/msg
-- Up-to-date: /app/sp_vision/ros2_ws/install/include/sp_msgs/sp_msgs/msg/detail
-- Installing: /app/sp_vision/ros2_ws/install/include/sp_msgs/sp_msgs/msg/detail/autoaim_target_msg__rosidl_typesupport_introspection_cpp.hpp
-- Installing: /app/sp_vision/ros2_ws/install/include/sp_msgs/sp_msgs/msg/detail/autoaim_target_msg__type_support.cpp
-- Installing: /app/sp_vision/ros2_ws/install/include/sp_msgs/sp_msgs/msg/detail/enemy_status_msg__rosidl_typesupport_introspection_cpp.hpp
-- Installing: /app/sp_vision/ros2_ws/install/include/sp_msgs/sp_msgs/msg/detail/enemy_status_msg__type_support.cpp
-- Installing: /app/sp_vision/ros2_ws/install/lib/libsp_msgs__rosidl_typesupport_introspection_cpp.so
-- Set non-toolchain portion of runtime path of "/app/sp_vision/ros2_ws/install/lib/libsp_msgs__rosidl_typesupport_introspection_cpp.so" to ""
-- Installing: /app/sp_vision/ros2_ws/install/lib/libsp_msgs__rosidl_typesupport_cpp.so
-- Set non-toolchain portion of runtime path of "/app/sp_vision/ros2_ws/install/lib/libsp_msgs__rosidl_typesupport_cpp.so" to ""
-- Installing: /app/sp_vision/ros2_ws/install/share/sp_msgs/environment/pythonpath.sh
-- Installing: /app/sp_vision/ros2_ws/install/share/sp_msgs/environment/pythonpath.dsv
-- Installing: /app/sp_vision/ros2_ws/install/lib/python3.12/site-packages/sp_msgs-0.0.1-py3.12.egg-info
-- Installing: /app/sp_vision/ros2_ws/install/lib/python3.12/site-packages/sp_msgs-0.0.1-py3.12.egg-info/dependency_links.txt
-- Installing: /app/sp_vision/ros2_ws/install/lib/python3.12/site-packages/sp_msgs-0.0.1-py3.12.egg-info/PKG-INFO
-- Installing: /app/sp_vision/ros2_ws/install/lib/python3.12/site-packages/sp_msgs-0.0.1-py3.12.egg-info/SOURCES.txt
-- Installing: /app/sp_vision/ros2_ws/install/lib/python3.12/site-packages/sp_msgs-0.0.1-py3.12.egg-info/top_level.txt
-- Installing: /app/sp_vision/ros2_ws/install/lib/python3.12/site-packages/sp_msgs
-- Installing: /app/sp_vision/ros2_ws/install/lib/python3.12/site-packages/sp_msgs/msg
-- Installing: /app/sp_vision/ros2_ws/install/lib/python3.12/site-packages/sp_msgs/msg/_autoaim_target_msg.py
-- Installing: /app/sp_vision/ros2_ws/install/lib/python3.12/site-packages/sp_msgs/msg/_autoaim_target_msg_s.c
-- Installing: /app/sp_vision/ros2_ws/install/lib/python3.12/site-packages/sp_msgs/msg/_enemy_status_msg.py
-- Installing: /app/sp_vision/ros2_ws/install/lib/python3.12/site-packages/sp_msgs/msg/_enemy_status_msg_s.c
-- Installing: /app/sp_vision/ros2_ws/install/lib/python3.12/site-packages/sp_msgs/msg/__init__.py
-- Installing: /app/sp_vision/ros2_ws/install/lib/python3.12/site-packages/sp_msgs/sp_msgs_s__rosidl_typesupport_c.so
-- Installing: /app/sp_vision/ros2_ws/install/lib/python3.12/site-packages/sp_msgs/sp_msgs_s__rosidl_typesupport_fastrtps_c.so
-- Installing: /app/sp_vision/ros2_ws/install/lib/python3.12/site-packages/sp_msgs/sp_msgs_s__rosidl_typesupport_introspection_c.so
-- Installing: /app/sp_vision/ros2_ws/install/lib/python3.12/site-packages/sp_msgs/_sp_msgs_s.ep.rosidl_typesupport_c.c
-- Installing: /app/sp_vision/ros2_ws/install/lib/python3.12/site-packages/sp_msgs/_sp_msgs_s.ep.rosidl_typesupport_fastrtps_c.c
-- Installing: /app/sp_vision/ros2_ws/install/lib/python3.12/site-packages/sp_msgs/_sp_msgs_s.ep.rosidl_typesupport_introspection_c.c
-- Installing: /app/sp_vision/ros2_ws/install/lib/python3.12/site-packages/sp_msgs/__init__.py
Listing '/app/sp_vision/ros2_ws/install/lib/python3.12/site-packages/sp_msgs'...
Compiling '/app/sp_vision/ros2_ws/install/lib/python3.12/site-packages/sp_msgs/__init__.py'...
Listing '/app/sp_vision/ros2_ws/install/lib/python3.12/site-packages/sp_msgs/msg'...
Compiling '/app/sp_vision/ros2_ws/install/lib/python3.12/site-packages/sp_msgs/msg/__init__.py'...
Compiling '/app/sp_vision/ros2_ws/install/lib/python3.12/site-packages/sp_msgs/msg/_autoaim_target_msg.py'...
Compiling '/app/sp_vision/ros2_ws/install/lib/python3.12/site-packages/sp_msgs/msg/_enemy_status_msg.py'...
-- Installing: /app/sp_vision/ros2_ws/install/lib/python3.12/site-packages/sp_msgs/sp_msgs_s__rosidl_typesupport_fastrtps_c.so
-- Set non-toolchain portion of runtime path of "/app/sp_vision/ros2_ws/install/lib/python3.12/site-packages/sp_msgs/sp_msgs_s__rosidl_typesupport_fastrtps_c.so" to ""
-- Installing: /app/sp_vision/ros2_ws/install/lib/python3.12/site-packages/sp_msgs/sp_msgs_s__rosidl_typesupport_introspection_c.so
-- Set non-toolchain portion of runtime path of "/app/sp_vision/ros2_ws/install/lib/python3.12/site-packages/sp_msgs/sp_msgs_s__rosidl_typesupport_introspection_c.so" to ""
-- Installing: /app/sp_vision/ros2_ws/install/lib/python3.12/site-packages/sp_msgs/sp_msgs_s__rosidl_typesupport_c.so
-- Set non-toolchain portion of runtime path of "/app/sp_vision/ros2_ws/install/lib/python3.12/site-packages/sp_msgs/sp_msgs_s__rosidl_typesupport_c.so" to ""
-- Installing: /app/sp_vision/ros2_ws/install/lib/libsp_msgs__rosidl_generator_py.so
-- Set non-toolchain portion of runtime path of "/app/sp_vision/ros2_ws/install/lib/libsp_msgs__rosidl_generator_py.so" to ""
-- Installing: /app/sp_vision/ros2_ws/install/share/sp_msgs/msg/EnemyStatusMsg.idl
-- Installing: /app/sp_vision/ros2_ws/install/share/sp_msgs/msg/AutoaimTargetMsg.idl
-- Installing: /app/sp_vision/ros2_ws/install/share/sp_msgs/msg/EnemyStatusMsg.msg
-- Installing: /app/sp_vision/ros2_ws/install/share/sp_msgs/msg/AutoaimTargetMsg.msg
-- Installing: /app/sp_vision/ros2_ws/install/share/ament_index/resource_index/package_run_dependencies/sp_msgs
-- Installing: /app/sp_vision/ros2_ws/install/share/ament_index/resource_index/parent_prefix_path/sp_msgs
-- Installing: /app/sp_vision/ros2_ws/install/share/sp_msgs/environment/ament_prefix_path.sh
-- Installing: /app/sp_vision/ros2_ws/install/share/sp_msgs/environment/ament_prefix_path.dsv
-- Installing: /app/sp_vision/ros2_ws/install/share/sp_msgs/environment/path.sh
-- Installing: /app/sp_vision/ros2_ws/install/share/sp_msgs/environment/path.dsv
-- Installing: /app/sp_vision/ros2_ws/install/share/sp_msgs/local_setup.bash
-- Installing: /app/sp_vision/ros2_ws/install/share/sp_msgs/local_setup.sh
-- Installing: /app/sp_vision/ros2_ws/install/share/sp_msgs/local_setup.zsh
-- Installing: /app/sp_vision/ros2_ws/install/share/sp_msgs/local_setup.dsv
-- Installing: /app/sp_vision/ros2_ws/install/share/sp_msgs/package.dsv
-- Installing: /app/sp_vision/ros2_ws/install/share/ament_index/resource_index/packages/sp_msgs
-- Installing: /app/sp_vision/ros2_ws/install/share/sp_msgs/cmake/export_sp_msgs__rosidl_generator_cExport.cmake
-- Installing: /app/sp_vision/ros2_ws/install/share/sp_msgs/cmake/export_sp_msgs__rosidl_generator_cExport-noconfig.cmake
-- Installing: /app/sp_vision/ros2_ws/install/share/sp_msgs/cmake/export_sp_msgs__rosidl_typesupport_fastrtps_cExport.cmake
-- Installing: /app/sp_vision/ros2_ws/install/share/sp_msgs/cmake/export_sp_msgs__rosidl_typesupport_fastrtps_cExport-noconfig.cmake
-- Installing: /app/sp_vision/ros2_ws/install/share/sp_msgs/cmake/sp_msgs__rosidl_typesupport_introspection_cExport.cmake
-- Installing: /app/sp_vision/ros2_ws/install/share/sp_msgs/cmake/sp_msgs__rosidl_typesupport_introspection_cExport-noconfig.cmake
-- Installing: /app/sp_vision/ros2_ws/install/share/sp_msgs/cmake/sp_msgs__rosidl_typesupport_cExport.cmake
-- Installing: /app/sp_vision/ros2_ws/install/share/sp_msgs/cmake/sp_msgs__rosidl_typesupport_cExport-noconfig.cmake
-- Installing: /app/sp_vision/ros2_ws/install/share/sp_msgs/cmake/export_sp_msgs__rosidl_generator_cppExport.cmake
-- Installing: /app/sp_vision/ros2_ws/install/share/sp_msgs/cmake/export_sp_msgs__rosidl_typesupport_fastrtps_cppExport.cmake
-- Installing: /app/sp_vision/ros2_ws/install/share/sp_msgs/cmake/export_sp_msgs__rosidl_typesupport_fastrtps_cppExport-noconfig.cmake
-- Installing: /app/sp_vision/ros2_ws/install/share/sp_msgs/cmake/sp_msgs__rosidl_typesupport_introspection_cppExport.cmake
-- Installing: /app/sp_vision/ros2_ws/install/share/sp_msgs/cmake/sp_msgs__rosidl_typesupport_introspection_cppExport-noconfig.cmake
-- Installing: /app/sp_vision/ros2_ws/install/share/sp_msgs/cmake/sp_msgs__rosidl_typesupport_cppExport.cmake
-- Installing: /app/sp_vision/ros2_ws/install/share/sp_msgs/cmake/sp_msgs__rosidl_typesupport_cppExport-noconfig.cmake
-- Installing: /app/sp_vision/ros2_ws/install/share/sp_msgs/cmake/export_sp_msgs__rosidl_generator_pyExport.cmake
-- Installing: /app/sp_vision/ros2_ws/install/share/sp_msgs/cmake/export_sp_msgs__rosidl_generator_pyExport-noconfig.cmake
-- Installing: /app/sp_vision/ros2_ws/install/share/sp_msgs/cmake/rosidl_cmake-extras.cmake
-- Installing: /app/sp_vision/ros2_ws/install/share/sp_msgs/cmake/ament_cmake_export_dependencies-extras.cmake
-- Installing: /app/sp_vision/ros2_ws/install/share/sp_msgs/cmake/ament_cmake_export_include_directories-extras.cmake
-- Installing: /app/sp_vision/ros2_ws/install/share/sp_msgs/cmake/ament_cmake_export_libraries-extras.cmake
-- Installing: /app/sp_vision/ros2_ws/install/share/sp_msgs/cmake/ament_cmake_export_targets-extras.cmake
-- Installing: /app/sp_vision/ros2_ws/install/share/sp_msgs/cmake/rosidl_cmake_export_typesupport_targets-extras.cmake
-- Installing: /app/sp_vision/ros2_ws/install/share/sp_msgs/cmake/rosidl_cmake_export_typesupport_libraries-extras.cmake
-- Installing: /app/sp_vision/ros2_ws/install/share/sp_msgs/cmake/sp_msgsConfig.cmake
-- Installing: /app/sp_vision/ros2_ws/install/share/sp_msgs/cmake/sp_msgsConfig-version.cmake
-- Installing: /app/sp_vision/ros2_ws/install/share/sp_msgs/package.xml
