[0.062s] Invoking command in '/app/sp_vision/ros2_ws/build/sp_msgs': DEBUGINFOD_URLS=https://debuginfod.ubuntu.com /usr/bin/cmake /app/sp_vision/ros2_ws/src/sp_msgs -DCATKIN_INSTALL_INTO_PREFIX_ROOT=0 -DCATKIN_SYMLINK_INSTALL=ON -DCMAKE_INSTALL_PREFIX=/app/sp_vision/ros2_ws/install
[0.420s] -- The C compiler identification is GNU 13.3.0
[0.713s] -- The CXX compiler identification is GNU 13.3.0
[0.769s] -- Detecting C compiler ABI info
[1.406s] -- Detecting C compiler ABI info - done
[1.448s] -- Check for working C compiler: /usr/bin/cc - skipped
[1.451s] -- Detecting C compile features
[1.452s] -- Detecting C compile features - done
[1.511s] -- Detecting CXX compiler ABI info
[2.145s] -- Detecting CXX compiler ABI info - done
[2.168s] -- Check for working CXX compiler: /usr/bin/c++ - skipped
[2.169s] -- Detecting CXX compile features
[2.169s] -- Detecting CXX compile features - done
[2.228s] -- Found ament_cmake: 2.5.5 (/opt/ros/jazzy/share/ament_cmake/cmake)
[2.372s] -- Found Python3: /usr/bin/python3 (found version "3.12.3") found components: Interpreter 
[2.801s] -- Found rosidl_default_generators: 1.6.0 (/opt/ros/jazzy/share/rosidl_default_generators/cmake)
[2.848s] -- Using all available rosidl_typesupport_c: rosidl_typesupport_fastrtps_c;rosidl_typesupport_introspection_c
[3.259s] -- Using all available rosidl_typesupport_cpp: rosidl_typesupport_fastrtps_cpp;rosidl_typesupport_introspection_cpp
[3.541s] -- Found rosidl_adapter: 4.6.7 (/opt/ros/jazzy/share/rosidl_adapter/cmake)
[3.565s] -- Found builtin_interfaces: 2.0.3 (/opt/ros/jazzy/share/builtin_interfaces/cmake)
[5.273s] -- Found ament_cmake_ros: 0.12.0 (/opt/ros/jazzy/share/ament_cmake_ros/cmake)
[7.061s] -- Using all available rosidl_typesupport_c: rosidl_typesupport_fastrtps_c;rosidl_typesupport_introspection_c
[9.088s] -- Using all available rosidl_typesupport_cpp: rosidl_typesupport_fastrtps_cpp;rosidl_typesupport_introspection_cpp
[9.112s] -- Found python_cmake_module: 0.11.1 (/opt/ros/jazzy/share/python_cmake_module/cmake)
[9.210s] -- Found PythonExtra: /usr/bin/python3  
[9.769s] -- Found Python3: /usr/bin/python3 (found version "3.12.3") found components: Interpreter Development NumPy Development.Module Development.Embed 
[11.197s] -- Configuring done (11.1s)
[13.328s] -- Generating done (2.0s)
[13.555s] CMake Warning:
[13.556s]   Manually-specified variables were not used by the project:
[13.558s] 
[13.562s]     CATKIN_INSTALL_INTO_PREFIX_ROOT
[13.564s]     CATKIN_SYMLINK_INSTALL
[13.566s] 
[13.571s] 
[14.205s] -- Build files have been written to: /app/sp_vision/ros2_ws/build/sp_msgs
[14.212s] Invoked command in '/app/sp_vision/ros2_ws/build/sp_msgs' returned '0': DEBUGINFOD_URLS=https://debuginfod.ubuntu.com /usr/bin/cmake /app/sp_vision/ros2_ws/src/sp_msgs -DCATKIN_INSTALL_INTO_PREFIX_ROOT=0 -DCATKIN_SYMLINK_INSTALL=ON -DCMAKE_INSTALL_PREFIX=/app/sp_vision/ros2_ws/install
[14.224s] Invoking command in '/app/sp_vision/ros2_ws/build/sp_msgs': DEBUGINFOD_URLS=https://debuginfod.ubuntu.com /usr/bin/cmake --build /app/sp_vision/ros2_ws/build/sp_msgs -- -j20 -l20
[14.407s] [  2%] Generating type hashes for ROS interfaces
[14.435s] [  2%] Built target ament_cmake_python_copy_sp_msgs
[14.643s] running egg_info
[14.645s] creating sp_msgs.egg-info
[14.656s] writing sp_msgs.egg-info/PKG-INFO
[14.673s] writing dependency_links to sp_msgs.egg-info/dependency_links.txt
[14.694s] writing top-level names to sp_msgs.egg-info/top_level.txt
[14.703s] writing manifest file 'sp_msgs.egg-info/SOURCES.txt'
[14.732s] [  2%] Built target sp_msgs__rosidl_generator_type_description
[14.755s] reading manifest file 'sp_msgs.egg-info/SOURCES.txt'
[14.786s] [  4%] Generating C code for ROS interfaces
[14.789s] writing manifest file 'sp_msgs.egg-info/SOURCES.txt'
[14.819s] [  6%] Built target ament_cmake_python_build_sp_msgs_egg
[14.820s] [  6%] Generating C++ code for ROS interfaces
[15.268s] [  6%] Built target sp_msgs__cpp
[15.424s] [  9%] Building C object CMakeFiles/sp_msgs__rosidl_generator_c.dir/rosidl_generator_c/sp_msgs/msg/detail/enemy_status_msg__description.c.o
[15.428s] [ 11%] Building C object CMakeFiles/sp_msgs__rosidl_generator_c.dir/rosidl_generator_c/sp_msgs/msg/detail/enemy_status_msg__functions.c.o
[15.431s] [ 13%] Building C object CMakeFiles/sp_msgs__rosidl_generator_c.dir/rosidl_generator_c/sp_msgs/msg/detail/enemy_status_msg__type_support.c.o
[15.438s] [ 15%] Building C object CMakeFiles/sp_msgs__rosidl_generator_c.dir/rosidl_generator_c/sp_msgs/msg/detail/autoaim_target_msg__description.c.o
[15.444s] [ 18%] Building C object CMakeFiles/sp_msgs__rosidl_generator_c.dir/rosidl_generator_c/sp_msgs/msg/detail/autoaim_target_msg__functions.c.o
[15.449s] [ 20%] Building C object CMakeFiles/sp_msgs__rosidl_generator_c.dir/rosidl_generator_c/sp_msgs/msg/detail/autoaim_target_msg__type_support.c.o
[15.569s] [ 22%] Linking C shared library libsp_msgs__rosidl_generator_c.so
[15.781s] [ 22%] Built target sp_msgs__rosidl_generator_c
[15.862s] [ 36%] Generating C type support dispatch for ROS interfaces
[15.863s] [ 36%] Generating C++ type support for eProsima Fast-RTPS
[15.864s] [ 36%] Generating C++ type support dispatch for ROS interfaces
[15.865s] [ 36%] Generating C introspection for ROS interfaces
[15.865s] [ 36%] Generating C++ introspection for ROS interfaces
[15.866s] [ 36%] Generating C type support for eProsima Fast-RTPS
[16.228s] [ 40%] Building CXX object CMakeFiles/sp_msgs__rosidl_typesupport_c.dir/rosidl_typesupport_c/sp_msgs/msg/enemy_status_msg__type_support.cpp.o
[16.233s] [ 40%] Building CXX object CMakeFiles/sp_msgs__rosidl_typesupport_cpp.dir/rosidl_typesupport_cpp/sp_msgs/msg/enemy_status_msg__type_support.cpp.o
[16.237s] [ 45%] Building CXX object CMakeFiles/sp_msgs__rosidl_typesupport_cpp.dir/rosidl_typesupport_cpp/sp_msgs/msg/autoaim_target_msg__type_support.cpp.o
[16.239s] [ 45%] Building CXX object CMakeFiles/sp_msgs__rosidl_typesupport_c.dir/rosidl_typesupport_c/sp_msgs/msg/autoaim_target_msg__type_support.cpp.o
[16.318s] [ 47%] Building C object CMakeFiles/sp_msgs__rosidl_typesupport_introspection_c.dir/rosidl_typesupport_introspection_c/sp_msgs/msg/detail/enemy_status_msg__type_support.c.o
[16.325s] [ 52%] Building C object CMakeFiles/sp_msgs__rosidl_typesupport_introspection_c.dir/rosidl_typesupport_introspection_c/sp_msgs/msg/detail/autoaim_target_msg__type_support.c.o
[16.328s] [ 52%] Building CXX object CMakeFiles/sp_msgs__rosidl_typesupport_introspection_cpp.dir/rosidl_typesupport_introspection_cpp/sp_msgs/msg/detail/enemy_status_msg__type_support.cpp.o
[16.338s] [ 54%] Building CXX object CMakeFiles/sp_msgs__rosidl_typesupport_introspection_cpp.dir/rosidl_typesupport_introspection_cpp/sp_msgs/msg/detail/autoaim_target_msg__type_support.cpp.o
[16.352s] [ 56%] Building CXX object CMakeFiles/sp_msgs__rosidl_typesupport_fastrtps_cpp.dir/rosidl_typesupport_fastrtps_cpp/sp_msgs/msg/detail/dds_fastrtps/enemy_status_msg__type_support.cpp.o
[16.361s] [ 59%] Building CXX object CMakeFiles/sp_msgs__rosidl_typesupport_fastrtps_cpp.dir/rosidl_typesupport_fastrtps_cpp/sp_msgs/msg/detail/dds_fastrtps/autoaim_target_msg__type_support.cpp.o
[16.366s] [ 61%] Building CXX object CMakeFiles/sp_msgs__rosidl_typesupport_fastrtps_c.dir/rosidl_typesupport_fastrtps_c/sp_msgs/msg/detail/enemy_status_msg__type_support_c.cpp.o
[16.372s] [ 63%] Building CXX object CMakeFiles/sp_msgs__rosidl_typesupport_fastrtps_c.dir/rosidl_typesupport_fastrtps_c/sp_msgs/msg/detail/autoaim_target_msg__type_support_c.cpp.o
[16.466s] [ 65%] Linking CXX shared library libsp_msgs__rosidl_typesupport_c.so
[16.605s] [ 68%] Linking C shared library libsp_msgs__rosidl_typesupport_introspection_c.so
[16.652s] [ 68%] Built target sp_msgs__rosidl_typesupport_c
[16.774s] [ 68%] Built target sp_msgs__rosidl_typesupport_introspection_c
[17.020s] [ 70%] Linking CXX shared library libsp_msgs__rosidl_typesupport_cpp.so
[17.151s] [ 70%] Built target sp_msgs__rosidl_typesupport_cpp
[17.372s] [ 72%] Linking CXX shared library libsp_msgs__rosidl_typesupport_fastrtps_c.so
[17.388s] [ 75%] Linking CXX shared library libsp_msgs__rosidl_typesupport_introspection_cpp.so
[17.548s] [ 75%] Built target sp_msgs__rosidl_typesupport_fastrtps_c
[17.584s] [ 77%] Linking CXX shared library libsp_msgs__rosidl_typesupport_fastrtps_cpp.so
[17.585s] [ 77%] Built target sp_msgs__rosidl_typesupport_introspection_cpp
[17.830s] [ 77%] Built target sp_msgs__rosidl_typesupport_fastrtps_cpp
[17.897s] [ 77%] Built target sp_msgs
[18.114s] [ 79%] Generating Python code for ROS interfaces
[18.692s] [ 79%] Built target sp_msgs__py
[18.764s] [ 81%] Building C object CMakeFiles/sp_msgs__rosidl_generator_py.dir/rosidl_generator_py/sp_msgs/msg/_enemy_status_msg_s.c.o
[18.768s] [ 84%] Building C object CMakeFiles/sp_msgs__rosidl_generator_py.dir/rosidl_generator_py/sp_msgs/msg/_autoaim_target_msg_s.c.o
[19.238s] [ 86%] Linking C shared library libsp_msgs__rosidl_generator_py.so
[19.334s] [ 86%] Built target sp_msgs__rosidl_generator_py
[19.409s] [ 93%] Building C object CMakeFiles/sp_msgs_s__rosidl_typesupport_c.dir/rosidl_generator_py/sp_msgs/_sp_msgs_s.ep.rosidl_typesupport_c.c.o
[19.410s] [ 93%] Building C object CMakeFiles/sp_msgs_s__rosidl_typesupport_fastrtps_c.dir/rosidl_generator_py/sp_msgs/_sp_msgs_s.ep.rosidl_typesupport_fastrtps_c.c.o
[19.411s] [ 93%] Building C object CMakeFiles/sp_msgs_s__rosidl_typesupport_introspection_c.dir/rosidl_generator_py/sp_msgs/_sp_msgs_s.ep.rosidl_typesupport_introspection_c.c.o
[19.714s] [ 95%] Linking C shared module rosidl_generator_py/sp_msgs/sp_msgs_s__rosidl_typesupport_c.so
[19.789s] [ 97%] Linking C shared module rosidl_generator_py/sp_msgs/sp_msgs_s__rosidl_typesupport_fastrtps_c.so
[19.795s] [100%] Linking C shared module rosidl_generator_py/sp_msgs/sp_msgs_s__rosidl_typesupport_introspection_c.so
[19.829s] [100%] Built target sp_msgs_s__rosidl_typesupport_c
[19.943s] [100%] Built target sp_msgs_s__rosidl_typesupport_fastrtps_c
[20.005s] [100%] Built target sp_msgs_s__rosidl_typesupport_introspection_c
[20.167s] Invoked command in '/app/sp_vision/ros2_ws/build/sp_msgs' returned '0': DEBUGINFOD_URLS=https://debuginfod.ubuntu.com /usr/bin/cmake --build /app/sp_vision/ros2_ws/build/sp_msgs -- -j20 -l20
[20.201s] Invoking command in '/app/sp_vision/ros2_ws/build/sp_msgs': DEBUGINFOD_URLS=https://debuginfod.ubuntu.com /usr/bin/cmake --install /app/sp_vision/ros2_ws/build/sp_msgs
[20.212s] -- Install configuration: ""
[20.233s] -- Installing: /app/sp_vision/ros2_ws/install/share/ament_index/resource_index/rosidl_interfaces/sp_msgs
[20.299s] -- Installing: /app/sp_vision/ros2_ws/install/share/sp_msgs/msg/EnemyStatusMsg.json
[20.351s] -- Installing: /app/sp_vision/ros2_ws/install/share/sp_msgs/msg/AutoaimTargetMsg.json
[20.388s] -- Installing: /app/sp_vision/ros2_ws/install/include/sp_msgs/sp_msgs
[20.402s] -- Installing: /app/sp_vision/ros2_ws/install/include/sp_msgs/sp_msgs/msg
[20.422s] -- Installing: /app/sp_vision/ros2_ws/install/include/sp_msgs/sp_msgs/msg/autoaim_target_msg.h
[20.481s] -- Installing: /app/sp_vision/ros2_ws/install/include/sp_msgs/sp_msgs/msg/detail
[20.505s] -- Installing: /app/sp_vision/ros2_ws/install/include/sp_msgs/sp_msgs/msg/detail/autoaim_target_msg__description.c
[20.606s] -- Installing: /app/sp_vision/ros2_ws/install/include/sp_msgs/sp_msgs/msg/detail/autoaim_target_msg__functions.c
[20.704s] -- Installing: /app/sp_vision/ros2_ws/install/include/sp_msgs/sp_msgs/msg/detail/autoaim_target_msg__functions.h
[20.764s] -- Installing: /app/sp_vision/ros2_ws/install/include/sp_msgs/sp_msgs/msg/detail/autoaim_target_msg__struct.h
[20.852s] -- Installing: /app/sp_vision/ros2_ws/install/include/sp_msgs/sp_msgs/msg/detail/autoaim_target_msg__type_support.c
[21.110s] -- Installing: /app/sp_vision/ros2_ws/install/include/sp_msgs/sp_msgs/msg/detail/autoaim_target_msg__type_support.h
[21.200s] -- Installing: /app/sp_vision/ros2_ws/install/include/sp_msgs/sp_msgs/msg/detail/enemy_status_msg__description.c
[21.269s] -- Installing: /app/sp_vision/ros2_ws/install/include/sp_msgs/sp_msgs/msg/detail/enemy_status_msg__functions.c
[21.347s] -- Installing: /app/sp_vision/ros2_ws/install/include/sp_msgs/sp_msgs/msg/detail/enemy_status_msg__functions.h
[21.414s] -- Installing: /app/sp_vision/ros2_ws/install/include/sp_msgs/sp_msgs/msg/detail/enemy_status_msg__struct.h
[21.485s] -- Installing: /app/sp_vision/ros2_ws/install/include/sp_msgs/sp_msgs/msg/detail/enemy_status_msg__type_support.c
[21.552s] -- Installing: /app/sp_vision/ros2_ws/install/include/sp_msgs/sp_msgs/msg/detail/enemy_status_msg__type_support.h
[21.617s] -- Installing: /app/sp_vision/ros2_ws/install/include/sp_msgs/sp_msgs/msg/enemy_status_msg.h
[21.669s] -- Installing: /app/sp_vision/ros2_ws/install/include/sp_msgs/sp_msgs/msg/rosidl_generator_c__visibility_control.h
[21.736s] -- Installing: /app/sp_vision/ros2_ws/install/share/sp_msgs/environment/library_path.sh
[21.802s] -- Installing: /app/sp_vision/ros2_ws/install/share/sp_msgs/environment/library_path.dsv
[21.850s] -- Installing: /app/sp_vision/ros2_ws/install/lib/libsp_msgs__rosidl_generator_c.so
[22.006s] -- Set non-toolchain portion of runtime path of "/app/sp_vision/ros2_ws/install/lib/libsp_msgs__rosidl_generator_c.so" to ""
[22.017s] -- Up-to-date: /app/sp_vision/ros2_ws/install/include/sp_msgs/sp_msgs
[22.031s] -- Up-to-date: /app/sp_vision/ros2_ws/install/include/sp_msgs/sp_msgs/msg
[22.048s] -- Up-to-date: /app/sp_vision/ros2_ws/install/include/sp_msgs/sp_msgs/msg/detail
[22.069s] -- Installing: /app/sp_vision/ros2_ws/install/include/sp_msgs/sp_msgs/msg/detail/autoaim_target_msg__rosidl_typesupport_fastrtps_c.h
[22.147s] -- Installing: /app/sp_vision/ros2_ws/install/include/sp_msgs/sp_msgs/msg/detail/enemy_status_msg__rosidl_typesupport_fastrtps_c.h
[22.232s] -- Installing: /app/sp_vision/ros2_ws/install/include/sp_msgs/sp_msgs/msg/rosidl_typesupport_fastrtps_c__visibility_control.h
[22.294s] -- Installing: /app/sp_vision/ros2_ws/install/lib/libsp_msgs__rosidl_typesupport_fastrtps_c.so
[22.355s] -- Set non-toolchain portion of runtime path of "/app/sp_vision/ros2_ws/install/lib/libsp_msgs__rosidl_typesupport_fastrtps_c.so" to ""
[22.368s] -- Up-to-date: /app/sp_vision/ros2_ws/install/include/sp_msgs/sp_msgs
[22.387s] -- Up-to-date: /app/sp_vision/ros2_ws/install/include/sp_msgs/sp_msgs/msg
[22.413s] -- Up-to-date: /app/sp_vision/ros2_ws/install/include/sp_msgs/sp_msgs/msg/detail
[22.435s] -- Installing: /app/sp_vision/ros2_ws/install/include/sp_msgs/sp_msgs/msg/detail/autoaim_target_msg__rosidl_typesupport_introspection_c.h
[22.487s] -- Up-to-date: /app/sp_vision/ros2_ws/install/include/sp_msgs/sp_msgs/msg/detail/autoaim_target_msg__type_support.c
[22.512s] -- Installing: /app/sp_vision/ros2_ws/install/include/sp_msgs/sp_msgs/msg/detail/enemy_status_msg__rosidl_typesupport_introspection_c.h
[22.570s] -- Up-to-date: /app/sp_vision/ros2_ws/install/include/sp_msgs/sp_msgs/msg/detail/enemy_status_msg__type_support.c
[22.582s] -- Installing: /app/sp_vision/ros2_ws/install/include/sp_msgs/sp_msgs/msg/rosidl_typesupport_introspection_c__visibility_control.h
[22.641s] -- Installing: /app/sp_vision/ros2_ws/install/lib/libsp_msgs__rosidl_typesupport_introspection_c.so
[22.690s] -- Set non-toolchain portion of runtime path of "/app/sp_vision/ros2_ws/install/lib/libsp_msgs__rosidl_typesupport_introspection_c.so" to ""
[22.705s] -- Installing: /app/sp_vision/ros2_ws/install/lib/libsp_msgs__rosidl_typesupport_c.so
[22.783s] -- Set non-toolchain portion of runtime path of "/app/sp_vision/ros2_ws/install/lib/libsp_msgs__rosidl_typesupport_c.so" to ""
[22.797s] -- Up-to-date: /app/sp_vision/ros2_ws/install/include/sp_msgs/sp_msgs
[22.810s] -- Up-to-date: /app/sp_vision/ros2_ws/install/include/sp_msgs/sp_msgs/msg
[22.828s] -- Installing: /app/sp_vision/ros2_ws/install/include/sp_msgs/sp_msgs/msg/autoaim_target_msg.hpp
[22.951s] -- Up-to-date: /app/sp_vision/ros2_ws/install/include/sp_msgs/sp_msgs/msg/detail
[22.984s] -- Installing: /app/sp_vision/ros2_ws/install/include/sp_msgs/sp_msgs/msg/detail/autoaim_target_msg__builder.hpp
[23.069s] -- Installing: /app/sp_vision/ros2_ws/install/include/sp_msgs/sp_msgs/msg/detail/autoaim_target_msg__struct.hpp
[23.173s] -- Installing: /app/sp_vision/ros2_ws/install/include/sp_msgs/sp_msgs/msg/detail/autoaim_target_msg__traits.hpp
[23.276s] -- Installing: /app/sp_vision/ros2_ws/install/include/sp_msgs/sp_msgs/msg/detail/autoaim_target_msg__type_support.hpp
[23.351s] -- Installing: /app/sp_vision/ros2_ws/install/include/sp_msgs/sp_msgs/msg/detail/enemy_status_msg__builder.hpp
[23.423s] -- Installing: /app/sp_vision/ros2_ws/install/include/sp_msgs/sp_msgs/msg/detail/enemy_status_msg__struct.hpp
[23.485s] -- Installing: /app/sp_vision/ros2_ws/install/include/sp_msgs/sp_msgs/msg/detail/enemy_status_msg__traits.hpp
[23.538s] -- Installing: /app/sp_vision/ros2_ws/install/include/sp_msgs/sp_msgs/msg/detail/enemy_status_msg__type_support.hpp
[23.602s] -- Installing: /app/sp_vision/ros2_ws/install/include/sp_msgs/sp_msgs/msg/enemy_status_msg.hpp
[23.671s] -- Installing: /app/sp_vision/ros2_ws/install/include/sp_msgs/sp_msgs/msg/rosidl_generator_cpp__visibility_control.hpp
[23.793s] -- Up-to-date: /app/sp_vision/ros2_ws/install/include/sp_msgs/sp_msgs
[23.831s] -- Up-to-date: /app/sp_vision/ros2_ws/install/include/sp_msgs/sp_msgs/msg
[23.878s] -- Up-to-date: /app/sp_vision/ros2_ws/install/include/sp_msgs/sp_msgs/msg/detail
[23.978s] -- Installing: /app/sp_vision/ros2_ws/install/include/sp_msgs/sp_msgs/msg/detail/autoaim_target_msg__rosidl_typesupport_fastrtps_cpp.hpp
[24.061s] -- Installing: /app/sp_vision/ros2_ws/install/include/sp_msgs/sp_msgs/msg/detail/dds_fastrtps
[24.094s] -- Installing: /app/sp_vision/ros2_ws/install/include/sp_msgs/sp_msgs/msg/detail/enemy_status_msg__rosidl_typesupport_fastrtps_cpp.hpp
[24.164s] -- Installing: /app/sp_vision/ros2_ws/install/include/sp_msgs/sp_msgs/msg/rosidl_typesupport_fastrtps_cpp__visibility_control.h
[24.237s] -- Installing: /app/sp_vision/ros2_ws/install/lib/libsp_msgs__rosidl_typesupport_fastrtps_cpp.so
[24.289s] -- Set non-toolchain portion of runtime path of "/app/sp_vision/ros2_ws/install/lib/libsp_msgs__rosidl_typesupport_fastrtps_cpp.so" to ""
[24.303s] -- Up-to-date: /app/sp_vision/ros2_ws/install/include/sp_msgs/sp_msgs
[24.318s] -- Up-to-date: /app/sp_vision/ros2_ws/install/include/sp_msgs/sp_msgs/msg
[24.346s] -- Up-to-date: /app/sp_vision/ros2_ws/install/include/sp_msgs/sp_msgs/msg/detail
[24.365s] -- Installing: /app/sp_vision/ros2_ws/install/include/sp_msgs/sp_msgs/msg/detail/autoaim_target_msg__rosidl_typesupport_introspection_cpp.hpp
[24.420s] -- Installing: /app/sp_vision/ros2_ws/install/include/sp_msgs/sp_msgs/msg/detail/autoaim_target_msg__type_support.cpp
[24.485s] -- Installing: /app/sp_vision/ros2_ws/install/include/sp_msgs/sp_msgs/msg/detail/enemy_status_msg__rosidl_typesupport_introspection_cpp.hpp
[24.654s] -- Installing: /app/sp_vision/ros2_ws/install/include/sp_msgs/sp_msgs/msg/detail/enemy_status_msg__type_support.cpp
[24.729s] -- Installing: /app/sp_vision/ros2_ws/install/lib/libsp_msgs__rosidl_typesupport_introspection_cpp.so
[24.795s] -- Set non-toolchain portion of runtime path of "/app/sp_vision/ros2_ws/install/lib/libsp_msgs__rosidl_typesupport_introspection_cpp.so" to ""
[24.812s] -- Installing: /app/sp_vision/ros2_ws/install/lib/libsp_msgs__rosidl_typesupport_cpp.so
[24.934s] -- Set non-toolchain portion of runtime path of "/app/sp_vision/ros2_ws/install/lib/libsp_msgs__rosidl_typesupport_cpp.so" to ""
[25.004s] -- Installing: /app/sp_vision/ros2_ws/install/share/sp_msgs/environment/pythonpath.sh
[25.045s] -- Installing: /app/sp_vision/ros2_ws/install/share/sp_msgs/environment/pythonpath.dsv
[25.094s] -- Installing: /app/sp_vision/ros2_ws/install/lib/python3.12/site-packages/sp_msgs-0.0.1-py3.12.egg-info
[25.119s] -- Installing: /app/sp_vision/ros2_ws/install/lib/python3.12/site-packages/sp_msgs-0.0.1-py3.12.egg-info/dependency_links.txt
[25.171s] -- Installing: /app/sp_vision/ros2_ws/install/lib/python3.12/site-packages/sp_msgs-0.0.1-py3.12.egg-info/PKG-INFO
[25.248s] -- Installing: /app/sp_vision/ros2_ws/install/lib/python3.12/site-packages/sp_msgs-0.0.1-py3.12.egg-info/SOURCES.txt
[25.337s] -- Installing: /app/sp_vision/ros2_ws/install/lib/python3.12/site-packages/sp_msgs-0.0.1-py3.12.egg-info/top_level.txt
[25.400s] -- Installing: /app/sp_vision/ros2_ws/install/lib/python3.12/site-packages/sp_msgs
[25.426s] -- Installing: /app/sp_vision/ros2_ws/install/lib/python3.12/site-packages/sp_msgs/msg
[25.449s] -- Installing: /app/sp_vision/ros2_ws/install/lib/python3.12/site-packages/sp_msgs/msg/_autoaim_target_msg.py
[25.517s] -- Installing: /app/sp_vision/ros2_ws/install/lib/python3.12/site-packages/sp_msgs/msg/_autoaim_target_msg_s.c
[25.585s] -- Installing: /app/sp_vision/ros2_ws/install/lib/python3.12/site-packages/sp_msgs/msg/_enemy_status_msg.py
[25.683s] -- Installing: /app/sp_vision/ros2_ws/install/lib/python3.12/site-packages/sp_msgs/msg/_enemy_status_msg_s.c
[25.760s] -- Installing: /app/sp_vision/ros2_ws/install/lib/python3.12/site-packages/sp_msgs/msg/__init__.py
[25.835s] -- Installing: /app/sp_vision/ros2_ws/install/lib/python3.12/site-packages/sp_msgs/sp_msgs_s__rosidl_typesupport_c.so
[25.994s] -- Installing: /app/sp_vision/ros2_ws/install/lib/python3.12/site-packages/sp_msgs/sp_msgs_s__rosidl_typesupport_fastrtps_c.so
[26.056s] -- Installing: /app/sp_vision/ros2_ws/install/lib/python3.12/site-packages/sp_msgs/sp_msgs_s__rosidl_typesupport_introspection_c.so
[26.118s] -- Installing: /app/sp_vision/ros2_ws/install/lib/python3.12/site-packages/sp_msgs/_sp_msgs_s.ep.rosidl_typesupport_c.c
[26.186s] -- Installing: /app/sp_vision/ros2_ws/install/lib/python3.12/site-packages/sp_msgs/_sp_msgs_s.ep.rosidl_typesupport_fastrtps_c.c
[26.239s] -- Installing: /app/sp_vision/ros2_ws/install/lib/python3.12/site-packages/sp_msgs/_sp_msgs_s.ep.rosidl_typesupport_introspection_c.c
[26.307s] -- Installing: /app/sp_vision/ros2_ws/install/lib/python3.12/site-packages/sp_msgs/__init__.py
[26.622s] Listing '/app/sp_vision/ros2_ws/install/lib/python3.12/site-packages/sp_msgs'...
[26.623s] Compiling '/app/sp_vision/ros2_ws/install/lib/python3.12/site-packages/sp_msgs/__init__.py'...
[26.624s] Listing '/app/sp_vision/ros2_ws/install/lib/python3.12/site-packages/sp_msgs/msg'...
[26.625s] Compiling '/app/sp_vision/ros2_ws/install/lib/python3.12/site-packages/sp_msgs/msg/__init__.py'...
[26.627s] Compiling '/app/sp_vision/ros2_ws/install/lib/python3.12/site-packages/sp_msgs/msg/_autoaim_target_msg.py'...
[26.628s] Compiling '/app/sp_vision/ros2_ws/install/lib/python3.12/site-packages/sp_msgs/msg/_enemy_status_msg.py'...
[26.688s] -- Installing: /app/sp_vision/ros2_ws/install/lib/python3.12/site-packages/sp_msgs/sp_msgs_s__rosidl_typesupport_fastrtps_c.so
[26.796s] -- Set non-toolchain portion of runtime path of "/app/sp_vision/ros2_ws/install/lib/python3.12/site-packages/sp_msgs/sp_msgs_s__rosidl_typesupport_fastrtps_c.so" to ""
[26.848s] -- Installing: /app/sp_vision/ros2_ws/install/lib/python3.12/site-packages/sp_msgs/sp_msgs_s__rosidl_typesupport_introspection_c.so
[27.032s] -- Set non-toolchain portion of runtime path of "/app/sp_vision/ros2_ws/install/lib/python3.12/site-packages/sp_msgs/sp_msgs_s__rosidl_typesupport_introspection_c.so" to ""
[27.078s] -- Installing: /app/sp_vision/ros2_ws/install/lib/python3.12/site-packages/sp_msgs/sp_msgs_s__rosidl_typesupport_c.so
[27.193s] -- Set non-toolchain portion of runtime path of "/app/sp_vision/ros2_ws/install/lib/python3.12/site-packages/sp_msgs/sp_msgs_s__rosidl_typesupport_c.so" to ""
[27.206s] -- Installing: /app/sp_vision/ros2_ws/install/lib/libsp_msgs__rosidl_generator_py.so
[27.286s] -- Set non-toolchain portion of runtime path of "/app/sp_vision/ros2_ws/install/lib/libsp_msgs__rosidl_generator_py.so" to ""
[27.307s] -- Installing: /app/sp_vision/ros2_ws/install/share/sp_msgs/msg/EnemyStatusMsg.idl
[27.373s] -- Installing: /app/sp_vision/ros2_ws/install/share/sp_msgs/msg/AutoaimTargetMsg.idl
[27.459s] -- Installing: /app/sp_vision/ros2_ws/install/share/sp_msgs/msg/EnemyStatusMsg.msg
[27.514s] -- Installing: /app/sp_vision/ros2_ws/install/share/sp_msgs/msg/AutoaimTargetMsg.msg
[27.593s] -- Installing: /app/sp_vision/ros2_ws/install/share/ament_index/resource_index/package_run_dependencies/sp_msgs
[27.679s] -- Installing: /app/sp_vision/ros2_ws/install/share/ament_index/resource_index/parent_prefix_path/sp_msgs
[27.737s] -- Installing: /app/sp_vision/ros2_ws/install/share/sp_msgs/environment/ament_prefix_path.sh
[27.810s] -- Installing: /app/sp_vision/ros2_ws/install/share/sp_msgs/environment/ament_prefix_path.dsv
[27.877s] -- Installing: /app/sp_vision/ros2_ws/install/share/sp_msgs/environment/path.sh
[28.088s] -- Installing: /app/sp_vision/ros2_ws/install/share/sp_msgs/environment/path.dsv
[28.126s] -- Installing: /app/sp_vision/ros2_ws/install/share/sp_msgs/local_setup.bash
[28.170s] -- Installing: /app/sp_vision/ros2_ws/install/share/sp_msgs/local_setup.sh
[28.215s] -- Installing: /app/sp_vision/ros2_ws/install/share/sp_msgs/local_setup.zsh
[28.270s] -- Installing: /app/sp_vision/ros2_ws/install/share/sp_msgs/local_setup.dsv
[28.316s] -- Installing: /app/sp_vision/ros2_ws/install/share/sp_msgs/package.dsv
[28.380s] -- Installing: /app/sp_vision/ros2_ws/install/share/ament_index/resource_index/packages/sp_msgs
[28.448s] -- Installing: /app/sp_vision/ros2_ws/install/share/sp_msgs/cmake/export_sp_msgs__rosidl_generator_cExport.cmake
[28.506s] -- Installing: /app/sp_vision/ros2_ws/install/share/sp_msgs/cmake/export_sp_msgs__rosidl_generator_cExport-noconfig.cmake
[28.567s] -- Installing: /app/sp_vision/ros2_ws/install/share/sp_msgs/cmake/export_sp_msgs__rosidl_typesupport_fastrtps_cExport.cmake
[28.628s] -- Installing: /app/sp_vision/ros2_ws/install/share/sp_msgs/cmake/export_sp_msgs__rosidl_typesupport_fastrtps_cExport-noconfig.cmake
[28.689s] -- Installing: /app/sp_vision/ros2_ws/install/share/sp_msgs/cmake/sp_msgs__rosidl_typesupport_introspection_cExport.cmake
[28.747s] -- Installing: /app/sp_vision/ros2_ws/install/share/sp_msgs/cmake/sp_msgs__rosidl_typesupport_introspection_cExport-noconfig.cmake
[28.809s] -- Installing: /app/sp_vision/ros2_ws/install/share/sp_msgs/cmake/sp_msgs__rosidl_typesupport_cExport.cmake
[28.923s] -- Installing: /app/sp_vision/ros2_ws/install/share/sp_msgs/cmake/sp_msgs__rosidl_typesupport_cExport-noconfig.cmake
[28.997s] -- Installing: /app/sp_vision/ros2_ws/install/share/sp_msgs/cmake/export_sp_msgs__rosidl_generator_cppExport.cmake
[29.045s] -- Installing: /app/sp_vision/ros2_ws/install/share/sp_msgs/cmake/export_sp_msgs__rosidl_typesupport_fastrtps_cppExport.cmake
[29.143s] -- Installing: /app/sp_vision/ros2_ws/install/share/sp_msgs/cmake/export_sp_msgs__rosidl_typesupport_fastrtps_cppExport-noconfig.cmake
[29.213s] -- Installing: /app/sp_vision/ros2_ws/install/share/sp_msgs/cmake/sp_msgs__rosidl_typesupport_introspection_cppExport.cmake
[29.271s] -- Installing: /app/sp_vision/ros2_ws/install/share/sp_msgs/cmake/sp_msgs__rosidl_typesupport_introspection_cppExport-noconfig.cmake
[29.334s] -- Installing: /app/sp_vision/ros2_ws/install/share/sp_msgs/cmake/sp_msgs__rosidl_typesupport_cppExport.cmake
[29.399s] -- Installing: /app/sp_vision/ros2_ws/install/share/sp_msgs/cmake/sp_msgs__rosidl_typesupport_cppExport-noconfig.cmake
[29.450s] -- Installing: /app/sp_vision/ros2_ws/install/share/sp_msgs/cmake/export_sp_msgs__rosidl_generator_pyExport.cmake
[29.539s] -- Installing: /app/sp_vision/ros2_ws/install/share/sp_msgs/cmake/export_sp_msgs__rosidl_generator_pyExport-noconfig.cmake
[29.598s] -- Installing: /app/sp_vision/ros2_ws/install/share/sp_msgs/cmake/rosidl_cmake-extras.cmake
[29.641s] -- Installing: /app/sp_vision/ros2_ws/install/share/sp_msgs/cmake/ament_cmake_export_dependencies-extras.cmake
[29.750s] -- Installing: /app/sp_vision/ros2_ws/install/share/sp_msgs/cmake/ament_cmake_export_include_directories-extras.cmake
[29.823s] -- Installing: /app/sp_vision/ros2_ws/install/share/sp_msgs/cmake/ament_cmake_export_libraries-extras.cmake
[29.952s] -- Installing: /app/sp_vision/ros2_ws/install/share/sp_msgs/cmake/ament_cmake_export_targets-extras.cmake
[30.044s] -- Installing: /app/sp_vision/ros2_ws/install/share/sp_msgs/cmake/rosidl_cmake_export_typesupport_targets-extras.cmake
[30.101s] -- Installing: /app/sp_vision/ros2_ws/install/share/sp_msgs/cmake/rosidl_cmake_export_typesupport_libraries-extras.cmake
[30.155s] -- Installing: /app/sp_vision/ros2_ws/install/share/sp_msgs/cmake/sp_msgsConfig.cmake
[30.202s] -- Installing: /app/sp_vision/ros2_ws/install/share/sp_msgs/cmake/sp_msgsConfig-version.cmake
[30.272s] -- Installing: /app/sp_vision/ros2_ws/install/share/sp_msgs/package.xml
[30.321s] Invoked command in '/app/sp_vision/ros2_ws/build/sp_msgs' returned '0': DEBUGINFOD_URLS=https://debuginfod.ubuntu.com /usr/bin/cmake --install /app/sp_vision/ros2_ws/build/sp_msgs
