[0.046s] Invoking command in '/app/sp_vision/ros2_ws/build/sp_msgs': DEBUGINFOD_URLS=https://debuginfod.ubuntu.com /usr/bin/cmake --build /app/sp_vision/ros2_ws/build/sp_msgs -- -j20 -l20
[0.243s] -- Found ament_cmake: 2.5.5 (/opt/ros/jazzy/share/ament_cmake/cmake)
[0.264s] -- Found Python3: /usr/bin/python3 (found version "3.12.3") found components: Interpreter 
[0.386s] -- Found rosidl_default_generators: 1.6.0 (/opt/ros/jazzy/share/rosidl_default_generators/cmake)
[0.415s] -- Using all available rosidl_typesupport_c: rosidl_typesupport_fastrtps_c;rosidl_typesupport_introspection_c
[0.531s] -- Using all available rosidl_typesupport_cpp: rosidl_typesupport_fastrtps_cpp;rosidl_typesupport_introspection_cpp
[0.719s] -- Found rosidl_adapter: 4.6.7 (/opt/ros/jazzy/share/rosidl_adapter/cmake)
[0.727s] -- Found builtin_interfaces: 2.0.3 (/opt/ros/jazzy/share/builtin_interfaces/cmake)
[1.918s] -- Found ament_cmake_ros: 0.12.0 (/opt/ros/jazzy/share/ament_cmake_ros/cmake)
[2.880s] -- Using all available rosidl_typesupport_c: rosidl_typesupport_fastrtps_c;rosidl_typesupport_introspection_c
[4.402s] -- Using all available rosidl_typesupport_cpp: rosidl_typesupport_fastrtps_cpp;rosidl_typesupport_introspection_cpp
[4.409s] -- Found python_cmake_module: 0.11.1 (/opt/ros/jazzy/share/python_cmake_module/cmake)
[4.797s] -- Found Python3: /usr/bin/python3 (found version "3.12.3") found components: Interpreter Development NumPy Development.Module Development.Embed 
[5.794s] -- Configuring done (5.6s)
[7.652s] -- Generating done (1.6s)
[8.492s] -- Build files have been written to: /app/sp_vision/ros2_ws/build/sp_msgs
[8.594s] [  1%] Generating type hashes for ROS interfaces
[8.964s] [  1%] Built target sp_msgs__rosidl_generator_type_description
[9.005s] [  3%] Generating C code for ROS interfaces
[9.006s] [  3%] Built target ament_cmake_python_copy_sp_msgs
[9.049s] [  5%] Generating C++ code for ROS interfaces
[9.214s] running egg_info
[9.225s] writing sp_msgs.egg-info/PKG-INFO
[9.228s] writing dependency_links to sp_msgs.egg-info/dependency_links.txt
[9.239s] writing top-level names to sp_msgs.egg-info/top_level.txt
[9.317s] reading manifest file 'sp_msgs.egg-info/SOURCES.txt'
[9.346s] writing manifest file 'sp_msgs.egg-info/SOURCES.txt'
[9.374s] [  5%] Built target ament_cmake_python_build_sp_msgs_egg
[9.676s] [  5%] Built target sp_msgs__cpp
[9.993s] [  7%] Building C object CMakeFiles/sp_msgs__rosidl_generator_c.dir/rosidl_generator_c/sp_msgs/msg/detail/enemy_status_msg__description.c.o
[10.000s] [  9%] Building C object CMakeFiles/sp_msgs__rosidl_generator_c.dir/rosidl_generator_c/sp_msgs/msg/detail/enemy_status_msg__functions.c.o
[10.003s] [ 11%] Building C object CMakeFiles/sp_msgs__rosidl_generator_c.dir/rosidl_generator_c/sp_msgs/msg/detail/enemy_status_msg__type_support.c.o
[10.020s] [ 12%] Building C object CMakeFiles/sp_msgs__rosidl_generator_c.dir/rosidl_generator_c/sp_msgs/msg/detail/autoaim_target_msg__description.c.o
[10.029s] [ 14%] Building C object CMakeFiles/sp_msgs__rosidl_generator_c.dir/rosidl_generator_c/sp_msgs/msg/detail/autoaim_target_msg__functions.c.o
[10.038s] [ 16%] Building C object CMakeFiles/sp_msgs__rosidl_generator_c.dir/rosidl_generator_c/sp_msgs/msg/detail/autoaim_target_msg__type_support.c.o
[10.045s] [ 18%] Building C object CMakeFiles/sp_msgs__rosidl_generator_c.dir/rosidl_generator_c/sp_msgs/msg/detail/dm02_serial_copy_msg__description.c.o
[10.049s] [ 20%] Building C object CMakeFiles/sp_msgs__rosidl_generator_c.dir/rosidl_generator_c/sp_msgs/msg/detail/dm02_serial_copy_msg__functions.c.o
[10.057s] [ 22%] Building C object CMakeFiles/sp_msgs__rosidl_generator_c.dir/rosidl_generator_c/sp_msgs/msg/detail/dm02_serial_copy_msg__type_support.c.o
[10.186s] [ 24%] Linking C shared library libsp_msgs__rosidl_generator_c.so
[10.426s] [ 24%] Built target sp_msgs__rosidl_generator_c
[10.475s] [ 27%] Generating C type support dispatch for ROS interfaces
[10.480s] [ 31%] Generating C++ type support dispatch for ROS interfaces
[10.483s] [ 35%] Generating C introspection for ROS interfaces
[10.483s] [ 35%] Generating C++ type support for eProsima Fast-RTPS
[10.484s] [ 35%] Generating C type support for eProsima Fast-RTPS
[10.485s] [ 35%] Generating C++ introspection for ROS interfaces
[11.119s] [ 37%] Building CXX object CMakeFiles/sp_msgs__rosidl_typesupport_c.dir/rosidl_typesupport_c/sp_msgs/msg/enemy_status_msg__type_support.cpp.o
[11.136s] [ 38%] Building CXX object CMakeFiles/sp_msgs__rosidl_typesupport_c.dir/rosidl_typesupport_c/sp_msgs/msg/autoaim_target_msg__type_support.cpp.o
[11.143s] [ 40%] Building CXX object CMakeFiles/sp_msgs__rosidl_typesupport_c.dir/rosidl_typesupport_c/sp_msgs/msg/dm02_serial_copy_msg__type_support.cpp.o
[11.228s] [ 42%] Building C object CMakeFiles/sp_msgs__rosidl_typesupport_introspection_c.dir/rosidl_typesupport_introspection_c/sp_msgs/msg/detail/enemy_status_msg__type_support.c.o
[11.245s] [ 44%] Building C object CMakeFiles/sp_msgs__rosidl_typesupport_introspection_c.dir/rosidl_typesupport_introspection_c/sp_msgs/msg/detail/autoaim_target_msg__type_support.c.o
[11.253s] [ 46%] Building C object CMakeFiles/sp_msgs__rosidl_typesupport_introspection_c.dir/rosidl_typesupport_introspection_c/sp_msgs/msg/detail/dm02_serial_copy_msg__type_support.c.o
[11.301s] [ 48%] Building CXX object CMakeFiles/sp_msgs__rosidl_typesupport_cpp.dir/rosidl_typesupport_cpp/sp_msgs/msg/enemy_status_msg__type_support.cpp.o
[11.325s] [ 50%] Building CXX object CMakeFiles/sp_msgs__rosidl_typesupport_cpp.dir/rosidl_typesupport_cpp/sp_msgs/msg/autoaim_target_msg__type_support.cpp.o
[11.333s] [ 53%] Linking CXX shared library libsp_msgs__rosidl_typesupport_c.so
[11.334s] [ 53%] Building CXX object CMakeFiles/sp_msgs__rosidl_typesupport_cpp.dir/rosidl_typesupport_cpp/sp_msgs/msg/dm02_serial_copy_msg__type_support.cpp.o
[11.458s] [ 55%] Building CXX object CMakeFiles/sp_msgs__rosidl_typesupport_introspection_cpp.dir/rosidl_typesupport_introspection_cpp/sp_msgs/msg/detail/enemy_status_msg__type_support.cpp.o
[11.481s] [ 57%] Building CXX object CMakeFiles/sp_msgs__rosidl_typesupport_introspection_cpp.dir/rosidl_typesupport_introspection_cpp/sp_msgs/msg/detail/autoaim_target_msg__type_support.cpp.o
[11.492s] [ 59%] Building CXX object CMakeFiles/sp_msgs__rosidl_typesupport_introspection_cpp.dir/rosidl_typesupport_introspection_cpp/sp_msgs/msg/detail/dm02_serial_copy_msg__type_support.cpp.o
[11.548s] [ 61%] Linking C shared library libsp_msgs__rosidl_typesupport_introspection_c.so
[11.604s] [ 61%] Built target sp_msgs__rosidl_typesupport_c
[11.645s] [ 62%] Building CXX object CMakeFiles/sp_msgs__rosidl_typesupport_fastrtps_c.dir/rosidl_typesupport_fastrtps_c/sp_msgs/msg/detail/enemy_status_msg__type_support_c.cpp.o
[11.672s] [ 64%] Building CXX object CMakeFiles/sp_msgs__rosidl_typesupport_fastrtps_c.dir/rosidl_typesupport_fastrtps_c/sp_msgs/msg/detail/autoaim_target_msg__type_support_c.cpp.o
[11.681s] [ 66%] Building CXX object CMakeFiles/sp_msgs__rosidl_typesupport_fastrtps_c.dir/rosidl_typesupport_fastrtps_c/sp_msgs/msg/detail/dm02_serial_copy_msg__type_support_c.cpp.o
[11.698s] [ 68%] Building CXX object CMakeFiles/sp_msgs__rosidl_typesupport_fastrtps_cpp.dir/rosidl_typesupport_fastrtps_cpp/sp_msgs/msg/detail/dds_fastrtps/enemy_status_msg__type_support.cpp.o
[11.759s] [ 70%] Building CXX object CMakeFiles/sp_msgs__rosidl_typesupport_fastrtps_cpp.dir/rosidl_typesupport_fastrtps_cpp/sp_msgs/msg/detail/dds_fastrtps/autoaim_target_msg__type_support.cpp.o
[11.769s] [ 72%] Building CXX object CMakeFiles/sp_msgs__rosidl_typesupport_fastrtps_cpp.dir/rosidl_typesupport_fastrtps_cpp/sp_msgs/msg/detail/dds_fastrtps/dm02_serial_copy_msg__type_support.cpp.o
[11.919s] [ 72%] Built target sp_msgs__rosidl_typesupport_introspection_c
[12.112s] [ 74%] Linking CXX shared library libsp_msgs__rosidl_typesupport_cpp.so
[12.283s] [ 74%] Built target sp_msgs__rosidl_typesupport_cpp
[12.473s] [ 75%] Linking CXX shared library libsp_msgs__rosidl_typesupport_introspection_cpp.so
[12.532s] [ 77%] Linking CXX shared library libsp_msgs__rosidl_typesupport_fastrtps_c.so
[12.657s] [ 77%] Built target sp_msgs__rosidl_typesupport_introspection_cpp
[12.718s] [ 77%] Built target sp_msgs__rosidl_typesupport_fastrtps_c
[12.783s] [ 79%] Linking CXX shared library libsp_msgs__rosidl_typesupport_fastrtps_cpp.so
[13.009s] [ 79%] Built target sp_msgs__rosidl_typesupport_fastrtps_cpp
[13.044s] [ 79%] Built target sp_msgs
[13.108s] [ 81%] Generating Python code for ROS interfaces
[13.900s] [ 81%] Built target sp_msgs__py
[14.094s] [ 83%] Building C object CMakeFiles/sp_msgs__rosidl_generator_py.dir/rosidl_generator_py/sp_msgs/msg/_enemy_status_msg_s.c.o
[14.098s] [ 85%] Building C object CMakeFiles/sp_msgs__rosidl_generator_py.dir/rosidl_generator_py/sp_msgs/msg/_autoaim_target_msg_s.c.o
[14.102s] [ 87%] Building C object CMakeFiles/sp_msgs__rosidl_generator_py.dir/rosidl_generator_py/sp_msgs/msg/_dm02_serial_copy_msg_s.c.o
[14.430s] [ 88%] Linking C shared library libsp_msgs__rosidl_generator_py.so
[14.559s] [ 88%] Built target sp_msgs__rosidl_generator_py
[14.773s] [ 94%] Building C object CMakeFiles/sp_msgs_s__rosidl_typesupport_introspection_c.dir/rosidl_generator_py/sp_msgs/_sp_msgs_s.ep.rosidl_typesupport_introspection_c.c.o
[14.775s] [ 94%] Building C object CMakeFiles/sp_msgs_s__rosidl_typesupport_c.dir/rosidl_generator_py/sp_msgs/_sp_msgs_s.ep.rosidl_typesupport_c.c.o
[14.775s] [ 94%] Building C object CMakeFiles/sp_msgs_s__rosidl_typesupport_fastrtps_c.dir/rosidl_generator_py/sp_msgs/_sp_msgs_s.ep.rosidl_typesupport_fastrtps_c.c.o
[15.134s] [ 96%] Linking C shared module rosidl_generator_py/sp_msgs/sp_msgs_s__rosidl_typesupport_c.so
[15.197s] [ 98%] Linking C shared module rosidl_generator_py/sp_msgs/sp_msgs_s__rosidl_typesupport_introspection_c.so
[15.200s] [100%] Linking C shared module rosidl_generator_py/sp_msgs/sp_msgs_s__rosidl_typesupport_fastrtps_c.so
[15.263s] [100%] Built target sp_msgs_s__rosidl_typesupport_c
[15.294s] [100%] Built target sp_msgs_s__rosidl_typesupport_introspection_c
[15.299s] [100%] Built target sp_msgs_s__rosidl_typesupport_fastrtps_c
[15.442s] Invoked command in '/app/sp_vision/ros2_ws/build/sp_msgs' returned '0': DEBUGINFOD_URLS=https://debuginfod.ubuntu.com /usr/bin/cmake --build /app/sp_vision/ros2_ws/build/sp_msgs -- -j20 -l20
[15.481s] Invoking command in '/app/sp_vision/ros2_ws/build/sp_msgs': DEBUGINFOD_URLS=https://debuginfod.ubuntu.com /usr/bin/cmake --install /app/sp_vision/ros2_ws/build/sp_msgs
[15.492s] -- Install configuration: ""
[15.509s] -- Installing: /app/sp_vision/ros2_ws/install/share/ament_index/resource_index/rosidl_interfaces/sp_msgs
[15.586s] -- Installing: /app/sp_vision/ros2_ws/install/share/sp_msgs/msg/EnemyStatusMsg.json
[15.640s] -- Installing: /app/sp_vision/ros2_ws/install/share/sp_msgs/msg/AutoaimTargetMsg.json
[15.702s] -- Installing: /app/sp_vision/ros2_ws/install/share/sp_msgs/msg/Dm02SerialCopyMsg.json
[15.776s] -- Up-to-date: /app/sp_vision/ros2_ws/install/include/sp_msgs/sp_msgs
[15.788s] -- Up-to-date: /app/sp_vision/ros2_ws/install/include/sp_msgs/sp_msgs/msg
[15.802s] -- Installing: /app/sp_vision/ros2_ws/install/include/sp_msgs/sp_msgs/msg/autoaim_target_msg.h
[15.895s] -- Up-to-date: /app/sp_vision/ros2_ws/install/include/sp_msgs/sp_msgs/msg/detail
[15.914s] -- Installing: /app/sp_vision/ros2_ws/install/include/sp_msgs/sp_msgs/msg/detail/autoaim_target_msg__description.c
[15.977s] -- Installing: /app/sp_vision/ros2_ws/install/include/sp_msgs/sp_msgs/msg/detail/autoaim_target_msg__functions.c
[16.050s] -- Installing: /app/sp_vision/ros2_ws/install/include/sp_msgs/sp_msgs/msg/detail/autoaim_target_msg__functions.h
[16.114s] -- Installing: /app/sp_vision/ros2_ws/install/include/sp_msgs/sp_msgs/msg/detail/autoaim_target_msg__struct.h
[16.164s] -- Installing: /app/sp_vision/ros2_ws/install/include/sp_msgs/sp_msgs/msg/detail/autoaim_target_msg__type_support.c
[16.232s] -- Installing: /app/sp_vision/ros2_ws/install/include/sp_msgs/sp_msgs/msg/detail/autoaim_target_msg__type_support.h
[16.295s] -- Installing: /app/sp_vision/ros2_ws/install/include/sp_msgs/sp_msgs/msg/detail/dm02_serial_copy_msg__description.c
[16.373s] -- Installing: /app/sp_vision/ros2_ws/install/include/sp_msgs/sp_msgs/msg/detail/dm02_serial_copy_msg__functions.c
[16.449s] -- Installing: /app/sp_vision/ros2_ws/install/include/sp_msgs/sp_msgs/msg/detail/dm02_serial_copy_msg__functions.h
[16.537s] -- Installing: /app/sp_vision/ros2_ws/install/include/sp_msgs/sp_msgs/msg/detail/dm02_serial_copy_msg__struct.h
[16.623s] -- Installing: /app/sp_vision/ros2_ws/install/include/sp_msgs/sp_msgs/msg/detail/dm02_serial_copy_msg__type_support.c
[16.688s] -- Installing: /app/sp_vision/ros2_ws/install/include/sp_msgs/sp_msgs/msg/detail/dm02_serial_copy_msg__type_support.h
[16.778s] -- Installing: /app/sp_vision/ros2_ws/install/include/sp_msgs/sp_msgs/msg/detail/enemy_status_msg__description.c
[16.840s] -- Installing: /app/sp_vision/ros2_ws/install/include/sp_msgs/sp_msgs/msg/detail/enemy_status_msg__functions.c
[16.945s] -- Installing: /app/sp_vision/ros2_ws/install/include/sp_msgs/sp_msgs/msg/detail/enemy_status_msg__functions.h
[17.026s] -- Installing: /app/sp_vision/ros2_ws/install/include/sp_msgs/sp_msgs/msg/detail/enemy_status_msg__struct.h
[17.083s] -- Installing: /app/sp_vision/ros2_ws/install/include/sp_msgs/sp_msgs/msg/detail/enemy_status_msg__type_support.c
[17.145s] -- Installing: /app/sp_vision/ros2_ws/install/include/sp_msgs/sp_msgs/msg/detail/enemy_status_msg__type_support.h
[17.227s] -- Installing: /app/sp_vision/ros2_ws/install/include/sp_msgs/sp_msgs/msg/dm02_serial_copy_msg.h
[17.279s] -- Installing: /app/sp_vision/ros2_ws/install/include/sp_msgs/sp_msgs/msg/enemy_status_msg.h
[17.328s] -- Up-to-date: /app/sp_vision/ros2_ws/install/include/sp_msgs/sp_msgs/msg/rosidl_generator_c__visibility_control.h
[17.334s] -- Up-to-date: /app/sp_vision/ros2_ws/install/share/sp_msgs/environment/library_path.sh
[17.357s] -- Up-to-date: /app/sp_vision/ros2_ws/install/share/sp_msgs/environment/library_path.dsv
[17.379s] -- Installing: /app/sp_vision/ros2_ws/install/lib/libsp_msgs__rosidl_generator_c.so
[17.445s] -- Set non-toolchain portion of runtime path of "/app/sp_vision/ros2_ws/install/lib/libsp_msgs__rosidl_generator_c.so" to ""
[17.462s] -- Up-to-date: /app/sp_vision/ros2_ws/install/include/sp_msgs/sp_msgs
[17.482s] -- Up-to-date: /app/sp_vision/ros2_ws/install/include/sp_msgs/sp_msgs/msg
[17.503s] -- Up-to-date: /app/sp_vision/ros2_ws/install/include/sp_msgs/sp_msgs/msg/detail
[17.532s] -- Installing: /app/sp_vision/ros2_ws/install/include/sp_msgs/sp_msgs/msg/detail/autoaim_target_msg__rosidl_typesupport_fastrtps_c.h
[17.614s] -- Installing: /app/sp_vision/ros2_ws/install/include/sp_msgs/sp_msgs/msg/detail/dm02_serial_copy_msg__rosidl_typesupport_fastrtps_c.h
[17.704s] -- Installing: /app/sp_vision/ros2_ws/install/include/sp_msgs/sp_msgs/msg/detail/enemy_status_msg__rosidl_typesupport_fastrtps_c.h
[17.801s] -- Up-to-date: /app/sp_vision/ros2_ws/install/include/sp_msgs/sp_msgs/msg/rosidl_typesupport_fastrtps_c__visibility_control.h
[17.861s] -- Installing: /app/sp_vision/ros2_ws/install/lib/libsp_msgs__rosidl_typesupport_fastrtps_c.so
[17.933s] -- Set non-toolchain portion of runtime path of "/app/sp_vision/ros2_ws/install/lib/libsp_msgs__rosidl_typesupport_fastrtps_c.so" to ""
[17.938s] -- Up-to-date: /app/sp_vision/ros2_ws/install/include/sp_msgs/sp_msgs
[17.950s] -- Up-to-date: /app/sp_vision/ros2_ws/install/include/sp_msgs/sp_msgs/msg
[17.972s] -- Up-to-date: /app/sp_vision/ros2_ws/install/include/sp_msgs/sp_msgs/msg/detail
[17.989s] -- Installing: /app/sp_vision/ros2_ws/install/include/sp_msgs/sp_msgs/msg/detail/autoaim_target_msg__rosidl_typesupport_introspection_c.h
[18.075s] -- Installing: /app/sp_vision/ros2_ws/install/include/sp_msgs/sp_msgs/msg/detail/autoaim_target_msg__type_support.c
[18.147s] -- Installing: /app/sp_vision/ros2_ws/install/include/sp_msgs/sp_msgs/msg/detail/dm02_serial_copy_msg__rosidl_typesupport_introspection_c.h
[18.218s] -- Installing: /app/sp_vision/ros2_ws/install/include/sp_msgs/sp_msgs/msg/detail/dm02_serial_copy_msg__type_support.c
[18.298s] -- Installing: /app/sp_vision/ros2_ws/install/include/sp_msgs/sp_msgs/msg/detail/enemy_status_msg__rosidl_typesupport_introspection_c.h
[18.370s] -- Installing: /app/sp_vision/ros2_ws/install/include/sp_msgs/sp_msgs/msg/detail/enemy_status_msg__type_support.c
[18.438s] -- Up-to-date: /app/sp_vision/ros2_ws/install/include/sp_msgs/sp_msgs/msg/rosidl_typesupport_introspection_c__visibility_control.h
[18.467s] -- Installing: /app/sp_vision/ros2_ws/install/lib/libsp_msgs__rosidl_typesupport_introspection_c.so
[18.517s] -- Set non-toolchain portion of runtime path of "/app/sp_vision/ros2_ws/install/lib/libsp_msgs__rosidl_typesupport_introspection_c.so" to ""
[18.550s] -- Installing: /app/sp_vision/ros2_ws/install/lib/libsp_msgs__rosidl_typesupport_c.so
[18.639s] -- Set non-toolchain portion of runtime path of "/app/sp_vision/ros2_ws/install/lib/libsp_msgs__rosidl_typesupport_c.so" to ""
[18.650s] -- Up-to-date: /app/sp_vision/ros2_ws/install/include/sp_msgs/sp_msgs
[18.665s] -- Up-to-date: /app/sp_vision/ros2_ws/install/include/sp_msgs/sp_msgs/msg
[18.684s] -- Installing: /app/sp_vision/ros2_ws/install/include/sp_msgs/sp_msgs/msg/autoaim_target_msg.hpp
[18.761s] -- Up-to-date: /app/sp_vision/ros2_ws/install/include/sp_msgs/sp_msgs/msg/detail
[18.790s] -- Installing: /app/sp_vision/ros2_ws/install/include/sp_msgs/sp_msgs/msg/detail/autoaim_target_msg__builder.hpp
[18.889s] -- Installing: /app/sp_vision/ros2_ws/install/include/sp_msgs/sp_msgs/msg/detail/autoaim_target_msg__struct.hpp
[18.956s] -- Installing: /app/sp_vision/ros2_ws/install/include/sp_msgs/sp_msgs/msg/detail/autoaim_target_msg__traits.hpp
[19.021s] -- Installing: /app/sp_vision/ros2_ws/install/include/sp_msgs/sp_msgs/msg/detail/autoaim_target_msg__type_support.hpp
[19.119s] -- Installing: /app/sp_vision/ros2_ws/install/include/sp_msgs/sp_msgs/msg/detail/dm02_serial_copy_msg__builder.hpp
[19.180s] -- Installing: /app/sp_vision/ros2_ws/install/include/sp_msgs/sp_msgs/msg/detail/dm02_serial_copy_msg__struct.hpp
[19.264s] -- Installing: /app/sp_vision/ros2_ws/install/include/sp_msgs/sp_msgs/msg/detail/dm02_serial_copy_msg__traits.hpp
[19.329s] -- Installing: /app/sp_vision/ros2_ws/install/include/sp_msgs/sp_msgs/msg/detail/dm02_serial_copy_msg__type_support.hpp
[19.408s] -- Installing: /app/sp_vision/ros2_ws/install/include/sp_msgs/sp_msgs/msg/detail/enemy_status_msg__builder.hpp
[19.480s] -- Installing: /app/sp_vision/ros2_ws/install/include/sp_msgs/sp_msgs/msg/detail/enemy_status_msg__struct.hpp
[19.553s] -- Installing: /app/sp_vision/ros2_ws/install/include/sp_msgs/sp_msgs/msg/detail/enemy_status_msg__traits.hpp
[19.611s] -- Installing: /app/sp_vision/ros2_ws/install/include/sp_msgs/sp_msgs/msg/detail/enemy_status_msg__type_support.hpp
[19.700s] -- Installing: /app/sp_vision/ros2_ws/install/include/sp_msgs/sp_msgs/msg/dm02_serial_copy_msg.hpp
[19.761s] -- Installing: /app/sp_vision/ros2_ws/install/include/sp_msgs/sp_msgs/msg/enemy_status_msg.hpp
[19.847s] -- Installing: /app/sp_vision/ros2_ws/install/include/sp_msgs/sp_msgs/msg/rosidl_generator_cpp__visibility_control.hpp
[19.910s] -- Up-to-date: /app/sp_vision/ros2_ws/install/include/sp_msgs/sp_msgs
[19.933s] -- Up-to-date: /app/sp_vision/ros2_ws/install/include/sp_msgs/sp_msgs/msg
[19.986s] -- Up-to-date: /app/sp_vision/ros2_ws/install/include/sp_msgs/sp_msgs/msg/detail
[20.014s] -- Installing: /app/sp_vision/ros2_ws/install/include/sp_msgs/sp_msgs/msg/detail/autoaim_target_msg__rosidl_typesupport_fastrtps_cpp.hpp
[20.080s] -- Up-to-date: /app/sp_vision/ros2_ws/install/include/sp_msgs/sp_msgs/msg/detail/dds_fastrtps
[20.114s] -- Installing: /app/sp_vision/ros2_ws/install/include/sp_msgs/sp_msgs/msg/detail/dm02_serial_copy_msg__rosidl_typesupport_fastrtps_cpp.hpp
[20.169s] -- Installing: /app/sp_vision/ros2_ws/install/include/sp_msgs/sp_msgs/msg/detail/enemy_status_msg__rosidl_typesupport_fastrtps_cpp.hpp
[20.227s] -- Up-to-date: /app/sp_vision/ros2_ws/install/include/sp_msgs/sp_msgs/msg/rosidl_typesupport_fastrtps_cpp__visibility_control.h
[20.248s] -- Installing: /app/sp_vision/ros2_ws/install/lib/libsp_msgs__rosidl_typesupport_fastrtps_cpp.so
[20.315s] -- Set non-toolchain portion of runtime path of "/app/sp_vision/ros2_ws/install/lib/libsp_msgs__rosidl_typesupport_fastrtps_cpp.so" to ""
[20.324s] -- Up-to-date: /app/sp_vision/ros2_ws/install/include/sp_msgs/sp_msgs
[20.339s] -- Up-to-date: /app/sp_vision/ros2_ws/install/include/sp_msgs/sp_msgs/msg
[20.360s] -- Up-to-date: /app/sp_vision/ros2_ws/install/include/sp_msgs/sp_msgs/msg/detail
[20.386s] -- Installing: /app/sp_vision/ros2_ws/install/include/sp_msgs/sp_msgs/msg/detail/autoaim_target_msg__rosidl_typesupport_introspection_cpp.hpp
[20.440s] -- Installing: /app/sp_vision/ros2_ws/install/include/sp_msgs/sp_msgs/msg/detail/autoaim_target_msg__type_support.cpp
[20.543s] -- Installing: /app/sp_vision/ros2_ws/install/include/sp_msgs/sp_msgs/msg/detail/dm02_serial_copy_msg__rosidl_typesupport_introspection_cpp.hpp
[20.654s] -- Installing: /app/sp_vision/ros2_ws/install/include/sp_msgs/sp_msgs/msg/detail/dm02_serial_copy_msg__type_support.cpp
[20.752s] -- Installing: /app/sp_vision/ros2_ws/install/include/sp_msgs/sp_msgs/msg/detail/enemy_status_msg__rosidl_typesupport_introspection_cpp.hpp
[20.860s] -- Installing: /app/sp_vision/ros2_ws/install/include/sp_msgs/sp_msgs/msg/detail/enemy_status_msg__type_support.cpp
[20.970s] -- Installing: /app/sp_vision/ros2_ws/install/lib/libsp_msgs__rosidl_typesupport_introspection_cpp.so
[21.057s] -- Set non-toolchain portion of runtime path of "/app/sp_vision/ros2_ws/install/lib/libsp_msgs__rosidl_typesupport_introspection_cpp.so" to ""
[21.099s] -- Installing: /app/sp_vision/ros2_ws/install/lib/libsp_msgs__rosidl_typesupport_cpp.so
[21.171s] -- Set non-toolchain portion of runtime path of "/app/sp_vision/ros2_ws/install/lib/libsp_msgs__rosidl_typesupport_cpp.so" to ""
[21.189s] -- Up-to-date: /app/sp_vision/ros2_ws/install/share/sp_msgs/environment/pythonpath.sh
[21.207s] -- Up-to-date: /app/sp_vision/ros2_ws/install/share/sp_msgs/environment/pythonpath.dsv
[21.226s] -- Up-to-date: /app/sp_vision/ros2_ws/install/lib/python3.12/site-packages/sp_msgs-0.0.1-py3.12.egg-info
[21.260s] -- Installing: /app/sp_vision/ros2_ws/install/lib/python3.12/site-packages/sp_msgs-0.0.1-py3.12.egg-info/dependency_links.txt
[21.323s] -- Installing: /app/sp_vision/ros2_ws/install/lib/python3.12/site-packages/sp_msgs-0.0.1-py3.12.egg-info/PKG-INFO
[21.406s] -- Installing: /app/sp_vision/ros2_ws/install/lib/python3.12/site-packages/sp_msgs-0.0.1-py3.12.egg-info/SOURCES.txt
[21.491s] -- Installing: /app/sp_vision/ros2_ws/install/lib/python3.12/site-packages/sp_msgs-0.0.1-py3.12.egg-info/top_level.txt
[21.586s] -- Up-to-date: /app/sp_vision/ros2_ws/install/lib/python3.12/site-packages/sp_msgs
[21.615s] -- Up-to-date: /app/sp_vision/ros2_ws/install/lib/python3.12/site-packages/sp_msgs/msg
[21.655s] -- Installing: /app/sp_vision/ros2_ws/install/lib/python3.12/site-packages/sp_msgs/msg/_autoaim_target_msg.py
[21.735s] -- Installing: /app/sp_vision/ros2_ws/install/lib/python3.12/site-packages/sp_msgs/msg/_autoaim_target_msg_s.c
[21.855s] -- Installing: /app/sp_vision/ros2_ws/install/lib/python3.12/site-packages/sp_msgs/msg/_dm02_serial_copy_msg.py
[21.964s] -- Installing: /app/sp_vision/ros2_ws/install/lib/python3.12/site-packages/sp_msgs/msg/_dm02_serial_copy_msg_s.c
[22.065s] -- Installing: /app/sp_vision/ros2_ws/install/lib/python3.12/site-packages/sp_msgs/msg/_enemy_status_msg.py
[22.171s] -- Installing: /app/sp_vision/ros2_ws/install/lib/python3.12/site-packages/sp_msgs/msg/_enemy_status_msg_s.c
[22.248s] -- Installing: /app/sp_vision/ros2_ws/install/lib/python3.12/site-packages/sp_msgs/msg/__init__.py
[22.334s] -- Installing: /app/sp_vision/ros2_ws/install/lib/python3.12/site-packages/sp_msgs/sp_msgs_s__rosidl_typesupport_c.so
[22.402s] -- Installing: /app/sp_vision/ros2_ws/install/lib/python3.12/site-packages/sp_msgs/sp_msgs_s__rosidl_typesupport_fastrtps_c.so
[22.466s] -- Installing: /app/sp_vision/ros2_ws/install/lib/python3.12/site-packages/sp_msgs/sp_msgs_s__rosidl_typesupport_introspection_c.so
[22.529s] -- Installing: /app/sp_vision/ros2_ws/install/lib/python3.12/site-packages/sp_msgs/_sp_msgs_s.ep.rosidl_typesupport_c.c
[22.603s] -- Installing: /app/sp_vision/ros2_ws/install/lib/python3.12/site-packages/sp_msgs/_sp_msgs_s.ep.rosidl_typesupport_fastrtps_c.c
[22.679s] -- Installing: /app/sp_vision/ros2_ws/install/lib/python3.12/site-packages/sp_msgs/_sp_msgs_s.ep.rosidl_typesupport_introspection_c.c
[22.755s] -- Installing: /app/sp_vision/ros2_ws/install/lib/python3.12/site-packages/sp_msgs/__init__.py
[23.129s] Listing '/app/sp_vision/ros2_ws/install/lib/python3.12/site-packages/sp_msgs'...
[23.130s] Compiling '/app/sp_vision/ros2_ws/install/lib/python3.12/site-packages/sp_msgs/__init__.py'...
[23.131s] Listing '/app/sp_vision/ros2_ws/install/lib/python3.12/site-packages/sp_msgs/msg'...
[23.132s] Compiling '/app/sp_vision/ros2_ws/install/lib/python3.12/site-packages/sp_msgs/msg/__init__.py'...
[23.139s] Compiling '/app/sp_vision/ros2_ws/install/lib/python3.12/site-packages/sp_msgs/msg/_autoaim_target_msg.py'...
[23.140s] Compiling '/app/sp_vision/ros2_ws/install/lib/python3.12/site-packages/sp_msgs/msg/_dm02_serial_copy_msg.py'...
[23.142s] Compiling '/app/sp_vision/ros2_ws/install/lib/python3.12/site-packages/sp_msgs/msg/_enemy_status_msg.py'...
[23.196s] -- Installing: /app/sp_vision/ros2_ws/install/lib/python3.12/site-packages/sp_msgs/sp_msgs_s__rosidl_typesupport_fastrtps_c.so
[23.285s] -- Set non-toolchain portion of runtime path of "/app/sp_vision/ros2_ws/install/lib/python3.12/site-packages/sp_msgs/sp_msgs_s__rosidl_typesupport_fastrtps_c.so" to ""
[23.332s] -- Installing: /app/sp_vision/ros2_ws/install/lib/python3.12/site-packages/sp_msgs/sp_msgs_s__rosidl_typesupport_introspection_c.so
[23.416s] -- Set non-toolchain portion of runtime path of "/app/sp_vision/ros2_ws/install/lib/python3.12/site-packages/sp_msgs/sp_msgs_s__rosidl_typesupport_introspection_c.so" to ""
[23.472s] -- Installing: /app/sp_vision/ros2_ws/install/lib/python3.12/site-packages/sp_msgs/sp_msgs_s__rosidl_typesupport_c.so
[23.745s] -- Set non-toolchain portion of runtime path of "/app/sp_vision/ros2_ws/install/lib/python3.12/site-packages/sp_msgs/sp_msgs_s__rosidl_typesupport_c.so" to ""
[23.783s] -- Installing: /app/sp_vision/ros2_ws/install/lib/libsp_msgs__rosidl_generator_py.so
[23.898s] -- Set non-toolchain portion of runtime path of "/app/sp_vision/ros2_ws/install/lib/libsp_msgs__rosidl_generator_py.so" to ""
[23.920s] -- Up-to-date: /app/sp_vision/ros2_ws/install/share/sp_msgs/msg/EnemyStatusMsg.idl
[23.945s] -- Up-to-date: /app/sp_vision/ros2_ws/install/share/sp_msgs/msg/AutoaimTargetMsg.idl
[23.962s] -- Installing: /app/sp_vision/ros2_ws/install/share/sp_msgs/msg/Dm02SerialCopyMsg.idl
[24.021s] -- Up-to-date: /app/sp_vision/ros2_ws/install/share/sp_msgs/msg/EnemyStatusMsg.msg
[24.052s] -- Up-to-date: /app/sp_vision/ros2_ws/install/share/sp_msgs/msg/AutoaimTargetMsg.msg
[24.069s] -- Installing: /app/sp_vision/ros2_ws/install/share/sp_msgs/msg/Dm02SerialCopyMsg.msg
[24.125s] -- Up-to-date: /app/sp_vision/ros2_ws/install/share/ament_index/resource_index/package_run_dependencies/sp_msgs
[24.149s] -- Up-to-date: /app/sp_vision/ros2_ws/install/share/ament_index/resource_index/parent_prefix_path/sp_msgs
[24.162s] -- Up-to-date: /app/sp_vision/ros2_ws/install/share/sp_msgs/environment/ament_prefix_path.sh
[24.176s] -- Up-to-date: /app/sp_vision/ros2_ws/install/share/sp_msgs/environment/ament_prefix_path.dsv
[24.187s] -- Up-to-date: /app/sp_vision/ros2_ws/install/share/sp_msgs/environment/path.sh
[24.205s] -- Up-to-date: /app/sp_vision/ros2_ws/install/share/sp_msgs/environment/path.dsv
[24.219s] -- Up-to-date: /app/sp_vision/ros2_ws/install/share/sp_msgs/local_setup.bash
[24.230s] -- Up-to-date: /app/sp_vision/ros2_ws/install/share/sp_msgs/local_setup.sh
[24.238s] -- Up-to-date: /app/sp_vision/ros2_ws/install/share/sp_msgs/local_setup.zsh
[24.247s] -- Up-to-date: /app/sp_vision/ros2_ws/install/share/sp_msgs/local_setup.dsv
[24.256s] -- Installing: /app/sp_vision/ros2_ws/install/share/sp_msgs/package.dsv
[24.309s] -- Up-to-date: /app/sp_vision/ros2_ws/install/share/ament_index/resource_index/packages/sp_msgs
[24.333s] -- Up-to-date: /app/sp_vision/ros2_ws/install/share/sp_msgs/cmake/export_sp_msgs__rosidl_generator_cExport.cmake
[24.350s] -- Up-to-date: /app/sp_vision/ros2_ws/install/share/sp_msgs/cmake/export_sp_msgs__rosidl_generator_cExport-noconfig.cmake
[24.379s] -- Up-to-date: /app/sp_vision/ros2_ws/install/share/sp_msgs/cmake/export_sp_msgs__rosidl_typesupport_fastrtps_cExport.cmake
[24.410s] -- Up-to-date: /app/sp_vision/ros2_ws/install/share/sp_msgs/cmake/export_sp_msgs__rosidl_typesupport_fastrtps_cExport-noconfig.cmake
[24.437s] -- Up-to-date: /app/sp_vision/ros2_ws/install/share/sp_msgs/cmake/sp_msgs__rosidl_typesupport_introspection_cExport.cmake
[24.454s] -- Up-to-date: /app/sp_vision/ros2_ws/install/share/sp_msgs/cmake/sp_msgs__rosidl_typesupport_introspection_cExport-noconfig.cmake
[24.482s] -- Up-to-date: /app/sp_vision/ros2_ws/install/share/sp_msgs/cmake/sp_msgs__rosidl_typesupport_cExport.cmake
[24.500s] -- Up-to-date: /app/sp_vision/ros2_ws/install/share/sp_msgs/cmake/sp_msgs__rosidl_typesupport_cExport-noconfig.cmake
[24.526s] -- Up-to-date: /app/sp_vision/ros2_ws/install/share/sp_msgs/cmake/export_sp_msgs__rosidl_generator_cppExport.cmake
[24.547s] -- Up-to-date: /app/sp_vision/ros2_ws/install/share/sp_msgs/cmake/export_sp_msgs__rosidl_typesupport_fastrtps_cppExport.cmake
[24.569s] -- Up-to-date: /app/sp_vision/ros2_ws/install/share/sp_msgs/cmake/export_sp_msgs__rosidl_typesupport_fastrtps_cppExport-noconfig.cmake
[24.597s] -- Up-to-date: /app/sp_vision/ros2_ws/install/share/sp_msgs/cmake/sp_msgs__rosidl_typesupport_introspection_cppExport.cmake
[24.634s] -- Up-to-date: /app/sp_vision/ros2_ws/install/share/sp_msgs/cmake/sp_msgs__rosidl_typesupport_introspection_cppExport-noconfig.cmake
[24.667s] -- Up-to-date: /app/sp_vision/ros2_ws/install/share/sp_msgs/cmake/sp_msgs__rosidl_typesupport_cppExport.cmake
[24.687s] -- Up-to-date: /app/sp_vision/ros2_ws/install/share/sp_msgs/cmake/sp_msgs__rosidl_typesupport_cppExport-noconfig.cmake
[24.716s] -- Up-to-date: /app/sp_vision/ros2_ws/install/share/sp_msgs/cmake/export_sp_msgs__rosidl_generator_pyExport.cmake
[24.734s] -- Up-to-date: /app/sp_vision/ros2_ws/install/share/sp_msgs/cmake/export_sp_msgs__rosidl_generator_pyExport-noconfig.cmake
[24.749s] -- Installing: /app/sp_vision/ros2_ws/install/share/sp_msgs/cmake/rosidl_cmake-extras.cmake
[24.792s] -- Up-to-date: /app/sp_vision/ros2_ws/install/share/sp_msgs/cmake/ament_cmake_export_dependencies-extras.cmake
[24.814s] -- Up-to-date: /app/sp_vision/ros2_ws/install/share/sp_msgs/cmake/ament_cmake_export_include_directories-extras.cmake
[24.830s] -- Up-to-date: /app/sp_vision/ros2_ws/install/share/sp_msgs/cmake/ament_cmake_export_libraries-extras.cmake
[24.897s] -- Up-to-date: /app/sp_vision/ros2_ws/install/share/sp_msgs/cmake/ament_cmake_export_targets-extras.cmake
[24.905s] -- Up-to-date: /app/sp_vision/ros2_ws/install/share/sp_msgs/cmake/rosidl_cmake_export_typesupport_targets-extras.cmake
[24.922s] -- Up-to-date: /app/sp_vision/ros2_ws/install/share/sp_msgs/cmake/rosidl_cmake_export_typesupport_libraries-extras.cmake
[24.936s] -- Up-to-date: /app/sp_vision/ros2_ws/install/share/sp_msgs/cmake/sp_msgsConfig.cmake
[24.960s] -- Up-to-date: /app/sp_vision/ros2_ws/install/share/sp_msgs/cmake/sp_msgsConfig-version.cmake
[24.969s] -- Up-to-date: /app/sp_vision/ros2_ws/install/share/sp_msgs/package.xml
[24.981s] Invoked command in '/app/sp_vision/ros2_ws/build/sp_msgs' returned '0': DEBUGINFOD_URLS=https://debuginfod.ubuntu.com /usr/bin/cmake --install /app/sp_vision/ros2_ws/build/sp_msgs
