[  2%] Built target sp_msgs__rosidl_generator_type_description
[  4%] Built target sp_msgs__cpp
[ 11%] Built target ament_cmake_python_copy_sp_msgs
[ 22%] Built target sp_msgs__rosidl_generator_c
running egg_info
writing sp_msgs.egg-info/PKG-INFO
writing dependency_links to sp_msgs.egg-info/dependency_links.txt
writing top-level names to sp_msgs.egg-info/top_level.txt
[ 31%] Built target sp_msgs__rosidl_typesupport_c
reading manifest file 'sp_msgs.egg-info/SOURCES.txt'
[ 40%] Built target sp_msgs__rosidl_typesupport_introspection_c
writing manifest file 'sp_msgs.egg-info/SOURCES.txt'
[ 40%] Built target ament_cmake_python_build_sp_msgs_egg
[ 50%] Built target sp_msgs__rosidl_typesupport_cpp
[ 59%] Built target sp_msgs__rosidl_typesupport_introspection_cpp
[ 70%] Built target sp_msgs__rosidl_typesupport_fastrtps_c
[ 77%] Built target sp_msgs__rosidl_typesupport_fastrtps_cpp
[ 77%] Built target sp_msgs
[ 79%] Built target sp_msgs__py
[ 86%] Built target sp_msgs__rosidl_generator_py
[ 95%] Built target sp_msgs_s__rosidl_typesupport_c
[ 95%] Built target sp_msgs_s__rosidl_typesupport_introspection_c
[100%] Built target sp_msgs_s__rosidl_typesupport_fastrtps_c
-- Install configuration: ""
-- Up-to-date: /app/sp_vision/ros2_ws/install/share/ament_index/resource_index/rosidl_interfaces/sp_msgs
-- Up-to-date: /app/sp_vision/ros2_ws/install/share/sp_msgs/msg/EnemyStatusMsg.json
-- Up-to-date: /app/sp_vision/ros2_ws/install/share/sp_msgs/msg/AutoaimTargetMsg.json
-- Up-to-date: /app/sp_vision/ros2_ws/install/include/sp_msgs/sp_msgs
-- Up-to-date: /app/sp_vision/ros2_ws/install/include/sp_msgs/sp_msgs/msg
-- Up-to-date: /app/sp_vision/ros2_ws/install/include/sp_msgs/sp_msgs/msg/autoaim_target_msg.h
-- Up-to-date: /app/sp_vision/ros2_ws/install/include/sp_msgs/sp_msgs/msg/detail
-- Up-to-date: /app/sp_vision/ros2_ws/install/include/sp_msgs/sp_msgs/msg/detail/autoaim_target_msg__description.c
-- Up-to-date: /app/sp_vision/ros2_ws/install/include/sp_msgs/sp_msgs/msg/detail/autoaim_target_msg__functions.c
-- Up-to-date: /app/sp_vision/ros2_ws/install/include/sp_msgs/sp_msgs/msg/detail/autoaim_target_msg__functions.h
-- Up-to-date: /app/sp_vision/ros2_ws/install/include/sp_msgs/sp_msgs/msg/detail/autoaim_target_msg__struct.h
-- Up-to-date: /app/sp_vision/ros2_ws/install/include/sp_msgs/sp_msgs/msg/detail/autoaim_target_msg__type_support.c
-- Up-to-date: /app/sp_vision/ros2_ws/install/include/sp_msgs/sp_msgs/msg/detail/autoaim_target_msg__type_support.h
-- Up-to-date: /app/sp_vision/ros2_ws/install/include/sp_msgs/sp_msgs/msg/detail/enemy_status_msg__description.c
-- Up-to-date: /app/sp_vision/ros2_ws/install/include/sp_msgs/sp_msgs/msg/detail/enemy_status_msg__functions.c
-- Up-to-date: /app/sp_vision/ros2_ws/install/include/sp_msgs/sp_msgs/msg/detail/enemy_status_msg__functions.h
-- Up-to-date: /app/sp_vision/ros2_ws/install/include/sp_msgs/sp_msgs/msg/detail/enemy_status_msg__struct.h
-- Up-to-date: /app/sp_vision/ros2_ws/install/include/sp_msgs/sp_msgs/msg/detail/enemy_status_msg__type_support.c
-- Up-to-date: /app/sp_vision/ros2_ws/install/include/sp_msgs/sp_msgs/msg/detail/enemy_status_msg__type_support.h
-- Up-to-date: /app/sp_vision/ros2_ws/install/include/sp_msgs/sp_msgs/msg/enemy_status_msg.h
-- Up-to-date: /app/sp_vision/ros2_ws/install/include/sp_msgs/sp_msgs/msg/rosidl_generator_c__visibility_control.h
-- Up-to-date: /app/sp_vision/ros2_ws/install/share/sp_msgs/environment/library_path.sh
-- Up-to-date: /app/sp_vision/ros2_ws/install/share/sp_msgs/environment/library_path.dsv
-- Up-to-date: /app/sp_vision/ros2_ws/install/lib/libsp_msgs__rosidl_generator_c.so
-- Up-to-date: /app/sp_vision/ros2_ws/install/include/sp_msgs/sp_msgs
-- Up-to-date: /app/sp_vision/ros2_ws/install/include/sp_msgs/sp_msgs/msg
-- Up-to-date: /app/sp_vision/ros2_ws/install/include/sp_msgs/sp_msgs/msg/detail
-- Up-to-date: /app/sp_vision/ros2_ws/install/include/sp_msgs/sp_msgs/msg/detail/autoaim_target_msg__rosidl_typesupport_fastrtps_c.h
-- Up-to-date: /app/sp_vision/ros2_ws/install/include/sp_msgs/sp_msgs/msg/detail/enemy_status_msg__rosidl_typesupport_fastrtps_c.h
-- Up-to-date: /app/sp_vision/ros2_ws/install/include/sp_msgs/sp_msgs/msg/rosidl_typesupport_fastrtps_c__visibility_control.h
-- Up-to-date: /app/sp_vision/ros2_ws/install/lib/libsp_msgs__rosidl_typesupport_fastrtps_c.so
-- Up-to-date: /app/sp_vision/ros2_ws/install/include/sp_msgs/sp_msgs
-- Up-to-date: /app/sp_vision/ros2_ws/install/include/sp_msgs/sp_msgs/msg
-- Up-to-date: /app/sp_vision/ros2_ws/install/include/sp_msgs/sp_msgs/msg/detail
-- Up-to-date: /app/sp_vision/ros2_ws/install/include/sp_msgs/sp_msgs/msg/detail/autoaim_target_msg__rosidl_typesupport_introspection_c.h
-- Up-to-date: /app/sp_vision/ros2_ws/install/include/sp_msgs/sp_msgs/msg/detail/autoaim_target_msg__type_support.c
-- Up-to-date: /app/sp_vision/ros2_ws/install/include/sp_msgs/sp_msgs/msg/detail/enemy_status_msg__rosidl_typesupport_introspection_c.h
-- Up-to-date: /app/sp_vision/ros2_ws/install/include/sp_msgs/sp_msgs/msg/detail/enemy_status_msg__type_support.c
-- Up-to-date: /app/sp_vision/ros2_ws/install/include/sp_msgs/sp_msgs/msg/rosidl_typesupport_introspection_c__visibility_control.h
-- Up-to-date: /app/sp_vision/ros2_ws/install/lib/libsp_msgs__rosidl_typesupport_introspection_c.so
-- Up-to-date: /app/sp_vision/ros2_ws/install/lib/libsp_msgs__rosidl_typesupport_c.so
-- Up-to-date: /app/sp_vision/ros2_ws/install/include/sp_msgs/sp_msgs
-- Up-to-date: /app/sp_vision/ros2_ws/install/include/sp_msgs/sp_msgs/msg
-- Up-to-date: /app/sp_vision/ros2_ws/install/include/sp_msgs/sp_msgs/msg/autoaim_target_msg.hpp
-- Up-to-date: /app/sp_vision/ros2_ws/install/include/sp_msgs/sp_msgs/msg/detail
-- Up-to-date: /app/sp_vision/ros2_ws/install/include/sp_msgs/sp_msgs/msg/detail/autoaim_target_msg__builder.hpp
-- Up-to-date: /app/sp_vision/ros2_ws/install/include/sp_msgs/sp_msgs/msg/detail/autoaim_target_msg__struct.hpp
-- Up-to-date: /app/sp_vision/ros2_ws/install/include/sp_msgs/sp_msgs/msg/detail/autoaim_target_msg__traits.hpp
-- Up-to-date: /app/sp_vision/ros2_ws/install/include/sp_msgs/sp_msgs/msg/detail/autoaim_target_msg__type_support.hpp
-- Up-to-date: /app/sp_vision/ros2_ws/install/include/sp_msgs/sp_msgs/msg/detail/enemy_status_msg__builder.hpp
-- Up-to-date: /app/sp_vision/ros2_ws/install/include/sp_msgs/sp_msgs/msg/detail/enemy_status_msg__struct.hpp
-- Up-to-date: /app/sp_vision/ros2_ws/install/include/sp_msgs/sp_msgs/msg/detail/enemy_status_msg__traits.hpp
-- Up-to-date: /app/sp_vision/ros2_ws/install/include/sp_msgs/sp_msgs/msg/detail/enemy_status_msg__type_support.hpp
-- Up-to-date: /app/sp_vision/ros2_ws/install/include/sp_msgs/sp_msgs/msg/enemy_status_msg.hpp
-- Up-to-date: /app/sp_vision/ros2_ws/install/include/sp_msgs/sp_msgs/msg/rosidl_generator_cpp__visibility_control.hpp
-- Up-to-date: /app/sp_vision/ros2_ws/install/include/sp_msgs/sp_msgs
-- Up-to-date: /app/sp_vision/ros2_ws/install/include/sp_msgs/sp_msgs/msg
-- Up-to-date: /app/sp_vision/ros2_ws/install/include/sp_msgs/sp_msgs/msg/detail
-- Up-to-date: /app/sp_vision/ros2_ws/install/include/sp_msgs/sp_msgs/msg/detail/autoaim_target_msg__rosidl_typesupport_fastrtps_cpp.hpp
-- Up-to-date: /app/sp_vision/ros2_ws/install/include/sp_msgs/sp_msgs/msg/detail/dds_fastrtps
-- Up-to-date: /app/sp_vision/ros2_ws/install/include/sp_msgs/sp_msgs/msg/detail/enemy_status_msg__rosidl_typesupport_fastrtps_cpp.hpp
-- Up-to-date: /app/sp_vision/ros2_ws/install/include/sp_msgs/sp_msgs/msg/rosidl_typesupport_fastrtps_cpp__visibility_control.h
-- Up-to-date: /app/sp_vision/ros2_ws/install/lib/libsp_msgs__rosidl_typesupport_fastrtps_cpp.so
-- Up-to-date: /app/sp_vision/ros2_ws/install/include/sp_msgs/sp_msgs
-- Up-to-date: /app/sp_vision/ros2_ws/install/include/sp_msgs/sp_msgs/msg
-- Up-to-date: /app/sp_vision/ros2_ws/install/include/sp_msgs/sp_msgs/msg/detail
-- Up-to-date: /app/sp_vision/ros2_ws/install/include/sp_msgs/sp_msgs/msg/detail/autoaim_target_msg__rosidl_typesupport_introspection_cpp.hpp
-- Up-to-date: /app/sp_vision/ros2_ws/install/include/sp_msgs/sp_msgs/msg/detail/autoaim_target_msg__type_support.cpp
-- Up-to-date: /app/sp_vision/ros2_ws/install/include/sp_msgs/sp_msgs/msg/detail/enemy_status_msg__rosidl_typesupport_introspection_cpp.hpp
-- Up-to-date: /app/sp_vision/ros2_ws/install/include/sp_msgs/sp_msgs/msg/detail/enemy_status_msg__type_support.cpp
-- Up-to-date: /app/sp_vision/ros2_ws/install/lib/libsp_msgs__rosidl_typesupport_introspection_cpp.so
-- Up-to-date: /app/sp_vision/ros2_ws/install/lib/libsp_msgs__rosidl_typesupport_cpp.so
-- Up-to-date: /app/sp_vision/ros2_ws/install/share/sp_msgs/environment/pythonpath.sh
-- Up-to-date: /app/sp_vision/ros2_ws/install/share/sp_msgs/environment/pythonpath.dsv
-- Up-to-date: /app/sp_vision/ros2_ws/install/lib/python3.12/site-packages/sp_msgs-0.0.1-py3.12.egg-info
-- Installing: /app/sp_vision/ros2_ws/install/lib/python3.12/site-packages/sp_msgs-0.0.1-py3.12.egg-info/dependency_links.txt
-- Installing: /app/sp_vision/ros2_ws/install/lib/python3.12/site-packages/sp_msgs-0.0.1-py3.12.egg-info/PKG-INFO
-- Installing: /app/sp_vision/ros2_ws/install/lib/python3.12/site-packages/sp_msgs-0.0.1-py3.12.egg-info/SOURCES.txt
-- Installing: /app/sp_vision/ros2_ws/install/lib/python3.12/site-packages/sp_msgs-0.0.1-py3.12.egg-info/top_level.txt
-- Up-to-date: /app/sp_vision/ros2_ws/install/lib/python3.12/site-packages/sp_msgs
-- Up-to-date: /app/sp_vision/ros2_ws/install/lib/python3.12/site-packages/sp_msgs/msg
-- Up-to-date: /app/sp_vision/ros2_ws/install/lib/python3.12/site-packages/sp_msgs/msg/_autoaim_target_msg.py
-- Up-to-date: /app/sp_vision/ros2_ws/install/lib/python3.12/site-packages/sp_msgs/msg/_autoaim_target_msg_s.c
-- Up-to-date: /app/sp_vision/ros2_ws/install/lib/python3.12/site-packages/sp_msgs/msg/_enemy_status_msg.py
-- Up-to-date: /app/sp_vision/ros2_ws/install/lib/python3.12/site-packages/sp_msgs/msg/_enemy_status_msg_s.c
-- Up-to-date: /app/sp_vision/ros2_ws/install/lib/python3.12/site-packages/sp_msgs/msg/__init__.py
-- Up-to-date: /app/sp_vision/ros2_ws/install/lib/python3.12/site-packages/sp_msgs/sp_msgs_s__rosidl_typesupport_c.so
-- Up-to-date: /app/sp_vision/ros2_ws/install/lib/python3.12/site-packages/sp_msgs/sp_msgs_s__rosidl_typesupport_fastrtps_c.so
-- Up-to-date: /app/sp_vision/ros2_ws/install/lib/python3.12/site-packages/sp_msgs/sp_msgs_s__rosidl_typesupport_introspection_c.so
-- Up-to-date: /app/sp_vision/ros2_ws/install/lib/python3.12/site-packages/sp_msgs/_sp_msgs_s.ep.rosidl_typesupport_c.c
-- Up-to-date: /app/sp_vision/ros2_ws/install/lib/python3.12/site-packages/sp_msgs/_sp_msgs_s.ep.rosidl_typesupport_fastrtps_c.c
-- Up-to-date: /app/sp_vision/ros2_ws/install/lib/python3.12/site-packages/sp_msgs/_sp_msgs_s.ep.rosidl_typesupport_introspection_c.c
-- Up-to-date: /app/sp_vision/ros2_ws/install/lib/python3.12/site-packages/sp_msgs/__init__.py
Listing '/app/sp_vision/ros2_ws/install/lib/python3.12/site-packages/sp_msgs'...
Listing '/app/sp_vision/ros2_ws/install/lib/python3.12/site-packages/sp_msgs/msg'...
-- Up-to-date: /app/sp_vision/ros2_ws/install/lib/python3.12/site-packages/sp_msgs/sp_msgs_s__rosidl_typesupport_fastrtps_c.so
-- Up-to-date: /app/sp_vision/ros2_ws/install/lib/python3.12/site-packages/sp_msgs/sp_msgs_s__rosidl_typesupport_introspection_c.so
-- Up-to-date: /app/sp_vision/ros2_ws/install/lib/python3.12/site-packages/sp_msgs/sp_msgs_s__rosidl_typesupport_c.so
-- Up-to-date: /app/sp_vision/ros2_ws/install/lib/libsp_msgs__rosidl_generator_py.so
-- Up-to-date: /app/sp_vision/ros2_ws/install/share/sp_msgs/msg/EnemyStatusMsg.idl
-- Up-to-date: /app/sp_vision/ros2_ws/install/share/sp_msgs/msg/AutoaimTargetMsg.idl
-- Up-to-date: /app/sp_vision/ros2_ws/install/share/sp_msgs/msg/EnemyStatusMsg.msg
-- Up-to-date: /app/sp_vision/ros2_ws/install/share/sp_msgs/msg/AutoaimTargetMsg.msg
-- Up-to-date: /app/sp_vision/ros2_ws/install/share/ament_index/resource_index/package_run_dependencies/sp_msgs
-- Up-to-date: /app/sp_vision/ros2_ws/install/share/ament_index/resource_index/parent_prefix_path/sp_msgs
-- Up-to-date: /app/sp_vision/ros2_ws/install/share/sp_msgs/environment/ament_prefix_path.sh
-- Up-to-date: /app/sp_vision/ros2_ws/install/share/sp_msgs/environment/ament_prefix_path.dsv
-- Up-to-date: /app/sp_vision/ros2_ws/install/share/sp_msgs/environment/path.sh
-- Up-to-date: /app/sp_vision/ros2_ws/install/share/sp_msgs/environment/path.dsv
-- Up-to-date: /app/sp_vision/ros2_ws/install/share/sp_msgs/local_setup.bash
-- Up-to-date: /app/sp_vision/ros2_ws/install/share/sp_msgs/local_setup.sh
-- Up-to-date: /app/sp_vision/ros2_ws/install/share/sp_msgs/local_setup.zsh
-- Up-to-date: /app/sp_vision/ros2_ws/install/share/sp_msgs/local_setup.dsv
-- Installing: /app/sp_vision/ros2_ws/install/share/sp_msgs/package.dsv
-- Up-to-date: /app/sp_vision/ros2_ws/install/share/ament_index/resource_index/packages/sp_msgs
-- Up-to-date: /app/sp_vision/ros2_ws/install/share/sp_msgs/cmake/export_sp_msgs__rosidl_generator_cExport.cmake
-- Up-to-date: /app/sp_vision/ros2_ws/install/share/sp_msgs/cmake/export_sp_msgs__rosidl_generator_cExport-noconfig.cmake
-- Up-to-date: /app/sp_vision/ros2_ws/install/share/sp_msgs/cmake/export_sp_msgs__rosidl_typesupport_fastrtps_cExport.cmake
-- Up-to-date: /app/sp_vision/ros2_ws/install/share/sp_msgs/cmake/export_sp_msgs__rosidl_typesupport_fastrtps_cExport-noconfig.cmake
-- Up-to-date: /app/sp_vision/ros2_ws/install/share/sp_msgs/cmake/sp_msgs__rosidl_typesupport_introspection_cExport.cmake
-- Up-to-date: /app/sp_vision/ros2_ws/install/share/sp_msgs/cmake/sp_msgs__rosidl_typesupport_introspection_cExport-noconfig.cmake
-- Up-to-date: /app/sp_vision/ros2_ws/install/share/sp_msgs/cmake/sp_msgs__rosidl_typesupport_cExport.cmake
-- Up-to-date: /app/sp_vision/ros2_ws/install/share/sp_msgs/cmake/sp_msgs__rosidl_typesupport_cExport-noconfig.cmake
-- Up-to-date: /app/sp_vision/ros2_ws/install/share/sp_msgs/cmake/export_sp_msgs__rosidl_generator_cppExport.cmake
-- Up-to-date: /app/sp_vision/ros2_ws/install/share/sp_msgs/cmake/export_sp_msgs__rosidl_typesupport_fastrtps_cppExport.cmake
-- Up-to-date: /app/sp_vision/ros2_ws/install/share/sp_msgs/cmake/export_sp_msgs__rosidl_typesupport_fastrtps_cppExport-noconfig.cmake
-- Up-to-date: /app/sp_vision/ros2_ws/install/share/sp_msgs/cmake/sp_msgs__rosidl_typesupport_introspection_cppExport.cmake
-- Up-to-date: /app/sp_vision/ros2_ws/install/share/sp_msgs/cmake/sp_msgs__rosidl_typesupport_introspection_cppExport-noconfig.cmake
-- Up-to-date: /app/sp_vision/ros2_ws/install/share/sp_msgs/cmake/sp_msgs__rosidl_typesupport_cppExport.cmake
-- Up-to-date: /app/sp_vision/ros2_ws/install/share/sp_msgs/cmake/sp_msgs__rosidl_typesupport_cppExport-noconfig.cmake
-- Up-to-date: /app/sp_vision/ros2_ws/install/share/sp_msgs/cmake/export_sp_msgs__rosidl_generator_pyExport.cmake
-- Up-to-date: /app/sp_vision/ros2_ws/install/share/sp_msgs/cmake/export_sp_msgs__rosidl_generator_pyExport-noconfig.cmake
-- Up-to-date: /app/sp_vision/ros2_ws/install/share/sp_msgs/cmake/rosidl_cmake-extras.cmake
-- Up-to-date: /app/sp_vision/ros2_ws/install/share/sp_msgs/cmake/ament_cmake_export_dependencies-extras.cmake
-- Up-to-date: /app/sp_vision/ros2_ws/install/share/sp_msgs/cmake/ament_cmake_export_include_directories-extras.cmake
-- Up-to-date: /app/sp_vision/ros2_ws/install/share/sp_msgs/cmake/ament_cmake_export_libraries-extras.cmake
-- Up-to-date: /app/sp_vision/ros2_ws/install/share/sp_msgs/cmake/ament_cmake_export_targets-extras.cmake
-- Up-to-date: /app/sp_vision/ros2_ws/install/share/sp_msgs/cmake/rosidl_cmake_export_typesupport_targets-extras.cmake
-- Up-to-date: /app/sp_vision/ros2_ws/install/share/sp_msgs/cmake/rosidl_cmake_export_typesupport_libraries-extras.cmake
-- Up-to-date: /app/sp_vision/ros2_ws/install/share/sp_msgs/cmake/sp_msgsConfig.cmake
-- Up-to-date: /app/sp_vision/ros2_ws/install/share/sp_msgs/cmake/sp_msgsConfig-version.cmake
-- Up-to-date: /app/sp_vision/ros2_ws/install/share/sp_msgs/package.xml
