[0.169s] DEBUG:colcon:Command line arguments: ['/usr/bin/colcon', 'build', '--merge-install', '--symlink-install', '--packages-up-to', 'sp_msgs']
[0.169s] DEBUG:colcon:Parsed command line arguments: Namespace(log_base=None, log_level=None, verb_name='build', build_base='build', install_base='install', merge_install=True, symlink_install=True, test_result_base=None, continue_on_error=False, executor='parallel', parallel_workers=20, event_handlers=None, ignore_user_meta=False, metas=['./colcon.meta'], base_paths=['.'], packages_ignore=None, packages_ignore_regex=None, paths=None, packages_up_to=['sp_msgs'], packages_up_to_regex=None, packages_above=None, packages_above_and_dependencies=None, packages_above_depth=None, packages_select_by_dep=None, packages_skip_by_dep=None, packages_skip_up_to=None, packages_select_build_failed=False, packages_skip_build_finished=False, packages_select_test_failures=False, packages_skip_test_passed=False, packages_select=None, packages_skip=None, packages_select_regex=None, packages_skip_regex=None, packages_start=None, packages_end=None, cmake_args=None, cmake_target=None, cmake_target_skip_unavailable=False, cmake_clean_cache=False, cmake_clean_first=False, cmake_force_configure=False, ament_cmake_args=None, catkin_cmake_args=None, catkin_skip_building_tests=False, verb_parser=<colcon_defaults.argument_parser.defaults.DefaultArgumentsDecorator object at 0x75701d2cb7a0>, verb_extension=<colcon_core.verb.build.BuildVerb object at 0x75701d2cb590>, main=<bound method BuildVerb.main of <colcon_core.verb.build.BuildVerb object at 0x75701d2cb590>>)
[0.238s] Level 1:colcon.colcon_core.package_discovery:discover_packages(colcon_meta) check parameters
[0.239s] Level 1:colcon.colcon_core.package_discovery:discover_packages(recursive) check parameters
[0.239s] Level 1:colcon.colcon_core.package_discovery:discover_packages(ignore) check parameters
[0.239s] Level 1:colcon.colcon_core.package_discovery:discover_packages(path) check parameters
[0.240s] Level 1:colcon.colcon_core.package_discovery:discover_packages(colcon_meta) discover
[0.240s] Level 1:colcon.colcon_core.package_discovery:discover_packages(recursive) discover
[0.240s] INFO:colcon.colcon_core.package_discovery:Crawling recursively for packages in '/app/sp_vision/ros2_ws'
[0.241s] Level 1:colcon.colcon_core.package_identification:_identify(.) by extensions ['ignore', 'ignore_ament_install']
[0.241s] Level 1:colcon.colcon_core.package_identification:_identify(.) by extension 'ignore'
[0.241s] Level 1:colcon.colcon_core.package_identification:_identify(.) by extension 'ignore_ament_install'
[0.242s] Level 1:colcon.colcon_core.package_identification:_identify(.) by extensions ['colcon_pkg']
[0.242s] Level 1:colcon.colcon_core.package_identification:_identify(.) by extension 'colcon_pkg'
[0.242s] Level 1:colcon.colcon_core.package_identification:_identify(.) by extensions ['colcon_meta']
[0.242s] Level 1:colcon.colcon_core.package_identification:_identify(.) by extension 'colcon_meta'
[0.242s] Level 1:colcon.colcon_core.package_identification:_identify(.) by extensions ['ros']
[0.242s] Level 1:colcon.colcon_core.package_identification:_identify(.) by extension 'ros'
[0.277s] Level 1:colcon.colcon_core.package_identification:_identify(.) by extensions ['cmake', 'python']
[0.281s] Level 1:colcon.colcon_core.package_identification:_identify(.) by extension 'cmake'
[0.282s] Level 1:colcon.colcon_core.package_identification:_identify(.) by extension 'python'
[0.283s] Level 1:colcon.colcon_core.package_identification:_identify(.) by extensions ['python_setup_py']
[0.284s] Level 1:colcon.colcon_core.package_identification:_identify(.) by extension 'python_setup_py'
[0.298s] Level 1:colcon.colcon_core.package_identification:_identify(build) by extensions ['ignore', 'ignore_ament_install']
[0.299s] Level 1:colcon.colcon_core.package_identification:_identify(build) by extension 'ignore'
[0.306s] Level 1:colcon.colcon_core.package_identification:_identify(build) ignored
[0.323s] Level 1:colcon.colcon_core.package_identification:_identify(install) by extensions ['ignore', 'ignore_ament_install']
[0.323s] Level 1:colcon.colcon_core.package_identification:_identify(install) by extension 'ignore'
[0.328s] Level 1:colcon.colcon_core.package_identification:_identify(install) ignored
[0.347s] Level 1:colcon.colcon_core.package_identification:_identify(log) by extensions ['ignore', 'ignore_ament_install']
[0.349s] Level 1:colcon.colcon_core.package_identification:_identify(log) by extension 'ignore'
[0.352s] Level 1:colcon.colcon_core.package_identification:_identify(log) ignored
[0.369s] Level 1:colcon.colcon_core.package_identification:_identify(src) by extensions ['ignore', 'ignore_ament_install']
[0.370s] Level 1:colcon.colcon_core.package_identification:_identify(src) by extension 'ignore'
[0.371s] Level 1:colcon.colcon_core.package_identification:_identify(src) by extension 'ignore_ament_install'
[0.372s] Level 1:colcon.colcon_core.package_identification:_identify(src) by extensions ['colcon_pkg']
[0.372s] Level 1:colcon.colcon_core.package_identification:_identify(src) by extension 'colcon_pkg'
[0.372s] Level 1:colcon.colcon_core.package_identification:_identify(src) by extensions ['colcon_meta']
[0.372s] Level 1:colcon.colcon_core.package_identification:_identify(src) by extension 'colcon_meta'
[0.373s] Level 1:colcon.colcon_core.package_identification:_identify(src) by extensions ['ros']
[0.373s] Level 1:colcon.colcon_core.package_identification:_identify(src) by extension 'ros'
[0.375s] Level 1:colcon.colcon_core.package_identification:_identify(src) by extensions ['cmake', 'python']
[0.375s] Level 1:colcon.colcon_core.package_identification:_identify(src) by extension 'cmake'
[0.375s] Level 1:colcon.colcon_core.package_identification:_identify(src) by extension 'python'
[0.375s] Level 1:colcon.colcon_core.package_identification:_identify(src) by extensions ['python_setup_py']
[0.376s] Level 1:colcon.colcon_core.package_identification:_identify(src) by extension 'python_setup_py'
[0.378s] Level 1:colcon.colcon_core.package_identification:_identify(src/sp_msgs) by extensions ['ignore', 'ignore_ament_install']
[0.378s] Level 1:colcon.colcon_core.package_identification:_identify(src/sp_msgs) by extension 'ignore'
[0.379s] Level 1:colcon.colcon_core.package_identification:_identify(src/sp_msgs) by extension 'ignore_ament_install'
[0.380s] Level 1:colcon.colcon_core.package_identification:_identify(src/sp_msgs) by extensions ['colcon_pkg']
[0.380s] Level 1:colcon.colcon_core.package_identification:_identify(src/sp_msgs) by extension 'colcon_pkg'
[0.381s] Level 1:colcon.colcon_core.package_identification:_identify(src/sp_msgs) by extensions ['colcon_meta']
[0.381s] Level 1:colcon.colcon_core.package_identification:_identify(src/sp_msgs) by extension 'colcon_meta'
[0.382s] Level 1:colcon.colcon_core.package_identification:_identify(src/sp_msgs) by extensions ['ros']
[0.382s] Level 1:colcon.colcon_core.package_identification:_identify(src/sp_msgs) by extension 'ros'
[0.392s] DEBUG:colcon.colcon_core.package_identification:Package 'src/sp_msgs' with type 'ros.catkin' and name 'sp_msgs'
[0.392s] Level 1:colcon.colcon_core.package_discovery:discover_packages(recursive) using defaults
[0.392s] Level 1:colcon.colcon_core.package_discovery:discover_packages(ignore) discover
[0.392s] Level 1:colcon.colcon_core.package_discovery:discover_packages(ignore) using defaults
[0.393s] Level 1:colcon.colcon_core.package_discovery:discover_packages(path) discover
[0.393s] Level 1:colcon.colcon_core.package_discovery:discover_packages(path) using defaults
[0.414s] Level 5:colcon.colcon_core.verb:set package 'sp_msgs' build argument 'cmake_args' from command line to 'None'
[0.415s] Level 5:colcon.colcon_core.verb:set package 'sp_msgs' build argument 'cmake_target' from command line to 'None'
[0.415s] Level 5:colcon.colcon_core.verb:set package 'sp_msgs' build argument 'cmake_target_skip_unavailable' from command line to 'False'
[0.415s] Level 5:colcon.colcon_core.verb:set package 'sp_msgs' build argument 'cmake_clean_cache' from command line to 'False'
[0.415s] Level 5:colcon.colcon_core.verb:set package 'sp_msgs' build argument 'cmake_clean_first' from command line to 'False'
[0.415s] Level 5:colcon.colcon_core.verb:set package 'sp_msgs' build argument 'cmake_force_configure' from command line to 'False'
[0.415s] Level 5:colcon.colcon_core.verb:set package 'sp_msgs' build argument 'ament_cmake_args' from command line to 'None'
[0.415s] Level 5:colcon.colcon_core.verb:set package 'sp_msgs' build argument 'catkin_cmake_args' from command line to 'None'
[0.415s] Level 5:colcon.colcon_core.verb:set package 'sp_msgs' build argument 'catkin_skip_building_tests' from command line to 'False'
[0.416s] DEBUG:colcon.colcon_core.verb:Building package 'sp_msgs' with the following arguments: {'ament_cmake_args': None, 'build_base': '/app/sp_vision/ros2_ws/build/sp_msgs', 'catkin_cmake_args': None, 'catkin_skip_building_tests': False, 'cmake_args': None, 'cmake_clean_cache': False, 'cmake_clean_first': False, 'cmake_force_configure': False, 'cmake_target': None, 'cmake_target_skip_unavailable': False, 'install_base': '/app/sp_vision/ros2_ws/install', 'merge_install': True, 'path': '/app/sp_vision/ros2_ws/src/sp_msgs', 'symlink_install': True, 'test_result_base': None}
[0.416s] INFO:colcon.colcon_core.executor:Executing jobs using 'parallel' executor
[0.416s] DEBUG:colcon.colcon_parallel_executor.executor.parallel:run_until_complete
[0.417s] INFO:colcon.colcon_ros.task.catkin.build:Building ROS package in '/app/sp_vision/ros2_ws/src/sp_msgs' with build type 'catkin'
[0.417s] INFO:colcon.colcon_cmake.task.cmake.build:Building CMake package in '/app/sp_vision/ros2_ws/src/sp_msgs'
[0.419s] INFO:colcon.colcon_core.plugin_system:Skipping extension 'colcon_core.shell.bat': Not used on non-Windows systems
[0.419s] INFO:colcon.colcon_core.shell:Skip shell extension 'powershell' for command environment: Not usable outside of PowerShell
[0.419s] DEBUG:colcon.colcon_core.shell:Skip shell extension 'dsv' for command environment
[0.420s] WARNING:colcon.colcon_ros.prefix_path.catkin:The path '/opt/intel/openvino_latest/runtime/cmake' in the environment variable CMAKE_PREFIX_PATH doesn't exist
[0.422s] WARNING:colcon.colcon_ros.prefix_path.catkin:The path '/usr/lib/cmake/openvino' in the environment variable CMAKE_PREFIX_PATH doesn't exist
[0.478s] DEBUG:colcon.colcon_core.event_handler.log_command:Invoking command in '/app/sp_vision/ros2_ws/build/sp_msgs': DEBUGINFOD_URLS=https://debuginfod.ubuntu.com /usr/bin/cmake --build /app/sp_vision/ros2_ws/build/sp_msgs -- -j20 -l20
[2.527s] DEBUG:colcon.colcon_core.event_handler.log_command:Invoked command in '/app/sp_vision/ros2_ws/build/sp_msgs' returned '0': DEBUGINFOD_URLS=https://debuginfod.ubuntu.com /usr/bin/cmake --build /app/sp_vision/ros2_ws/build/sp_msgs -- -j20 -l20
[2.581s] DEBUG:colcon.colcon_core.event_handler.log_command:Invoking command in '/app/sp_vision/ros2_ws/build/sp_msgs': DEBUGINFOD_URLS=https://debuginfod.ubuntu.com /usr/bin/cmake --install /app/sp_vision/ros2_ws/build/sp_msgs
[6.435s] DEBUG:colcon.colcon_core.event_handler.log_command:Invoked command in '/app/sp_vision/ros2_ws/build/sp_msgs' returned '0': DEBUGINFOD_URLS=https://debuginfod.ubuntu.com /usr/bin/cmake --install /app/sp_vision/ros2_ws/build/sp_msgs
[6.451s] Level 1:colcon.colcon_core.shell:create_environment_hook('sp_msgs', 'ros_package_path')
[6.451s] INFO:colcon.colcon_core.shell:Creating environment hook '/app/sp_vision/ros2_ws/install/share/sp_msgs/hook/ros_package_path.ps1'
[6.462s] INFO:colcon.colcon_core.shell:Creating environment descriptor '/app/sp_vision/ros2_ws/install/share/sp_msgs/hook/ros_package_path.dsv'
[6.473s] INFO:colcon.colcon_core.shell:Creating environment hook '/app/sp_vision/ros2_ws/install/share/sp_msgs/hook/ros_package_path.sh'
[6.492s] Level 1:colcon.colcon_ros.task.catkin:checking '/app/sp_vision/ros2_ws/install/lib/python3.12/site-packages'
[6.494s] Level 1:colcon.colcon_core.shell:create_environment_hook('sp_msgs', 'catkin_pythonpath')
[6.495s] INFO:colcon.colcon_core.shell:Creating environment hook '/app/sp_vision/ros2_ws/install/share/sp_msgs/hook/catkin_pythonpath.ps1'
[6.507s] INFO:colcon.colcon_core.shell:Creating environment descriptor '/app/sp_vision/ros2_ws/install/share/sp_msgs/hook/catkin_pythonpath.dsv'
[6.520s] INFO:colcon.colcon_core.shell:Creating environment hook '/app/sp_vision/ros2_ws/install/share/sp_msgs/hook/catkin_pythonpath.sh'
[6.531s] Level 1:colcon.colcon_core.shell:create_environment_hook('sp_msgs', 'pkg_config_path')
[6.532s] INFO:colcon.colcon_core.shell:Creating environment hook '/app/sp_vision/ros2_ws/install/share/sp_msgs/hook/pkg_config_path.ps1'
[6.542s] INFO:colcon.colcon_core.shell:Creating environment descriptor '/app/sp_vision/ros2_ws/install/share/sp_msgs/hook/pkg_config_path.dsv'
[6.551s] INFO:colcon.colcon_core.shell:Creating environment hook '/app/sp_vision/ros2_ws/install/share/sp_msgs/hook/pkg_config_path.sh'
[6.570s] Level 1:colcon.colcon_core.shell:create_environment_hook('sp_msgs', 'pkg_config_path_multiarch')
[6.570s] INFO:colcon.colcon_core.shell:Creating environment hook '/app/sp_vision/ros2_ws/install/share/sp_msgs/hook/pkg_config_path_multiarch.ps1'
[6.583s] INFO:colcon.colcon_core.shell:Creating environment descriptor '/app/sp_vision/ros2_ws/install/share/sp_msgs/hook/pkg_config_path_multiarch.dsv'
[6.592s] INFO:colcon.colcon_core.shell:Creating environment hook '/app/sp_vision/ros2_ws/install/share/sp_msgs/hook/pkg_config_path_multiarch.sh'
[6.608s] Level 1:colcon.colcon_core.environment:create_environment_scripts_only(sp_msgs)
[6.610s] Level 1:colcon.colcon_core.environment:checking '/app/sp_vision/ros2_ws/install' for CMake module files
[6.742s] Level 1:colcon.colcon_core.environment:checking '/app/sp_vision/ros2_ws/install' for CMake config files
[6.837s] Level 1:colcon.colcon_core.shell:create_environment_hook('sp_msgs', 'cmake_prefix_path')
[6.837s] INFO:colcon.colcon_core.shell:Creating environment hook '/app/sp_vision/ros2_ws/install/share/sp_msgs/hook/cmake_prefix_path.ps1'
[6.844s] INFO:colcon.colcon_core.shell:Creating environment descriptor '/app/sp_vision/ros2_ws/install/share/sp_msgs/hook/cmake_prefix_path.dsv'
[6.851s] INFO:colcon.colcon_core.shell:Creating environment hook '/app/sp_vision/ros2_ws/install/share/sp_msgs/hook/cmake_prefix_path.sh'
[6.858s] Level 1:colcon.colcon_core.environment:checking '/app/sp_vision/ros2_ws/install/lib'
[6.861s] Level 1:colcon.colcon_core.shell:create_environment_hook('sp_msgs', 'ld_library_path_lib')
[6.861s] INFO:colcon.colcon_core.shell:Creating environment hook '/app/sp_vision/ros2_ws/install/share/sp_msgs/hook/ld_library_path_lib.ps1'
[6.872s] INFO:colcon.colcon_core.shell:Creating environment descriptor '/app/sp_vision/ros2_ws/install/share/sp_msgs/hook/ld_library_path_lib.dsv'
[6.881s] INFO:colcon.colcon_core.shell:Creating environment hook '/app/sp_vision/ros2_ws/install/share/sp_msgs/hook/ld_library_path_lib.sh'
[6.891s] Level 1:colcon.colcon_core.environment:checking '/app/sp_vision/ros2_ws/install/bin'
[6.891s] Level 1:colcon.colcon_core.environment:checking '/app/sp_vision/ros2_ws/install/lib/pkgconfig/sp_msgs.pc'
[6.897s] Level 1:colcon.colcon_core.environment:checking '/app/sp_vision/ros2_ws/install/lib/python3.12/site-packages'
[6.901s] Level 1:colcon.colcon_core.shell:create_environment_hook('sp_msgs', 'pythonpath')
[6.902s] INFO:colcon.colcon_core.shell:Creating environment hook '/app/sp_vision/ros2_ws/install/share/sp_msgs/hook/pythonpath.ps1'
[6.908s] INFO:colcon.colcon_core.shell:Creating environment descriptor '/app/sp_vision/ros2_ws/install/share/sp_msgs/hook/pythonpath.dsv'
[6.919s] INFO:colcon.colcon_core.shell:Creating environment hook '/app/sp_vision/ros2_ws/install/share/sp_msgs/hook/pythonpath.sh'
[6.936s] Level 1:colcon.colcon_core.environment:checking '/app/sp_vision/ros2_ws/install/bin'
[6.937s] INFO:colcon.colcon_core.shell:Creating package script '/app/sp_vision/ros2_ws/install/share/sp_msgs/package.ps1'
[6.948s] INFO:colcon.colcon_core.shell:Creating package descriptor '/app/sp_vision/ros2_ws/install/share/sp_msgs/package.dsv'
[6.952s] INFO:colcon.colcon_core.shell:Creating package script '/app/sp_vision/ros2_ws/install/share/sp_msgs/package.sh'
[6.958s] INFO:colcon.colcon_core.shell:Creating package script '/app/sp_vision/ros2_ws/install/share/sp_msgs/package.bash'
[6.978s] INFO:colcon.colcon_core.shell:Creating package script '/app/sp_vision/ros2_ws/install/share/sp_msgs/package.zsh'
[6.982s] Level 1:colcon.colcon_core.environment:create_file_with_runtime_dependencies(/app/sp_vision/ros2_ws/install/share/colcon-core/packages/sp_msgs)
[6.987s] DEBUG:colcon.colcon_parallel_executor.executor.parallel:closing loop
[6.987s] DEBUG:colcon.colcon_parallel_executor.executor.parallel:loop closed
[6.987s] DEBUG:colcon.colcon_parallel_executor.executor.parallel:run_until_complete finished with '0'
[6.988s] DEBUG:colcon.colcon_core.event_reactor:joining thread
[7.027s] INFO:colcon.colcon_core.plugin_system:Skipping extension 'colcon_notification.desktop_notification.notify_send': Could not find 'notify-send'
[7.027s] INFO:colcon.colcon_core.plugin_system:Skipping extension 'colcon_notification.desktop_notification.terminal_notifier': Not used on non-Darwin systems
[7.028s] INFO:colcon.colcon_core.plugin_system:Skipping extension 'colcon_notification.desktop_notification.win32': Not used on non-Windows systems
[7.028s] INFO:colcon.colcon_notification.desktop_notification:Sending desktop notification using 'notify2'
[7.028s] DEBUG:colcon.colcon_notification.desktop_notification.notify2:Failed to initialize notify2: org.freedesktop.DBus.Error.NotSupported: Unable to autolaunch a dbus-daemon without a $DISPLAY for X11
[7.028s] DEBUG:colcon.colcon_core.event_reactor:joined thread
[7.029s] INFO:colcon.colcon_core.shell:Creating prefix script '/app/sp_vision/ros2_ws/install/local_setup.ps1'
[7.037s] INFO:colcon.colcon_core.shell:Creating prefix util module '/app/sp_vision/ros2_ws/install/_local_setup_util_ps1.py'
[7.040s] INFO:colcon.colcon_core.shell:Creating prefix chain script '/app/sp_vision/ros2_ws/install/setup.ps1'
[7.045s] INFO:colcon.colcon_core.shell:Creating prefix script '/app/sp_vision/ros2_ws/install/local_setup.sh'
[7.055s] INFO:colcon.colcon_core.shell:Creating prefix util module '/app/sp_vision/ros2_ws/install/_local_setup_util_sh.py'
[7.058s] INFO:colcon.colcon_core.shell:Creating prefix chain script '/app/sp_vision/ros2_ws/install/setup.sh'
[7.068s] INFO:colcon.colcon_core.shell:Creating prefix script '/app/sp_vision/ros2_ws/install/local_setup.bash'
[7.079s] INFO:colcon.colcon_core.shell:Creating prefix chain script '/app/sp_vision/ros2_ws/install/setup.bash'
[7.083s] INFO:colcon.colcon_core.shell:Creating prefix script '/app/sp_vision/ros2_ws/install/local_setup.zsh'
[7.086s] INFO:colcon.colcon_core.shell:Creating prefix chain script '/app/sp_vision/ros2_ws/install/setup.zsh'
