[0.000000] (-) TimerEvent: {}
[0.000198] (sp_msgs) JobQueued: {'identifier': 'sp_msgs', 'dependencies': OrderedDict()}
[0.000325] (sp_msgs) JobStarted: {'identifier': 'sp_msgs'}
[0.020355] (sp_msgs) JobProgress: {'identifier': 'sp_msgs', 'progress': 'cmake'}
[0.030822] (sp_msgs) JobProgress: {'identifier': 'sp_msgs', 'progress': 'build'}
[0.038343] (sp_msgs) Command: {'cmd': ['/usr/bin/cmake', '--build', '/app/sp_vision/ros2_ws/build/sp_msgs', '--', '-j20', '-l20'], 'cwd': '/app/sp_vision/ros2_ws/build/sp_msgs', 'env': OrderedDict({'HOSTNAME': 'DESKTOP-Q7EV71U', 'OPENVINO_ROOT': '/opt/intel/openvino_latest', 'SHLVL': '1', 'LD_LIBRARY_PATH': '/opt/ros/jazzy/lib/x86_64-linux-gnu:/opt/ros/jazzy/lib:/opt/spdlog/lib:/opt/fmt/lib:/opt/yaml-cpp/lib:/opt/opencv/lib:/opt/ceres/lib:/opt/intel/openvino_latest/runtime/lib/intel64', 'HOME': '/root', 'OLDPWD': '/app/sp_vision', 'ROS_PYTHON_VERSION': '3', 'LC_CTYPE': 'C.UTF-8', 'DEBUGINFOD_URLS': 'https://debuginfod.ubuntu.com', 'ROS_DISTRO': 'jazzy', '_': '/usr/bin/colcon', 'ROS_VERSION': '2', 'PKG_CONFIG_PATH': '/opt/spdlog/lib/pkgconfig:/opt/fmt/lib/pkgconfig:/opt/yaml-cpp/lib/pkgconfig:/opt/opencv/lib/pkgconfig:/opt/ceres/lib/pkgconfig', 'PATH': '/opt/ros/jazzy/bin:/usr/local/sbin:/usr/local/bin:/usr/sbin:/usr/bin:/sbin:/bin', 'AMENT_PREFIX_PATH': '/opt/ros/jazzy', 'ROS_AUTOMATIC_DISCOVERY_RANGE': 'SUBNET', 'PWD': '/app/sp_vision/ros2_ws/build/sp_msgs', 'PYTHONPATH': '/opt/ros/jazzy/lib/python3.12/site-packages', 'TZ': 'Asia/Shanghai', 'COLCON': '1', 'OpenVINO_DIR': '/opt/intel/openvino_latest/runtime/cmake', 'CMAKE_PREFIX_PATH': '/opt/spdlog:/opt/fmt:/opt/json:/opt/yaml-cpp:/opt/opencv:/opt/ceres:/opt/intel/openvino_latest/runtime/cmake:/usr/lib/cmake/openvino'}), 'shell': False}
[0.099346] (-) TimerEvent: {}
[0.200261] (-) TimerEvent: {}
[0.242404] (sp_msgs) StdoutLine: {'line': b'-- Found ament_cmake: 2.5.5 (/opt/ros/jazzy/share/ament_cmake/cmake)\n'}
[0.263641] (sp_msgs) StdoutLine: {'line': b'-- Found Python3: /usr/bin/python3 (found version "3.12.3") found components: Interpreter \n'}
[0.300396] (-) TimerEvent: {}
[0.386321] (sp_msgs) StdoutLine: {'line': b'-- Found rosidl_default_generators: 1.6.0 (/opt/ros/jazzy/share/rosidl_default_generators/cmake)\n'}
[0.400523] (-) TimerEvent: {}
[0.415255] (sp_msgs) StdoutLine: {'line': b'-- Using all available rosidl_typesupport_c: rosidl_typesupport_fastrtps_c;rosidl_typesupport_introspection_c\n'}
[0.500751] (-) TimerEvent: {}
[0.530063] (sp_msgs) StdoutLine: {'line': b'-- Using all available rosidl_typesupport_cpp: rosidl_typesupport_fastrtps_cpp;rosidl_typesupport_introspection_cpp\n'}
[0.600905] (-) TimerEvent: {}
[0.701308] (-) TimerEvent: {}
[0.718921] (sp_msgs) StdoutLine: {'line': b'-- Found rosidl_adapter: 4.6.7 (/opt/ros/jazzy/share/rosidl_adapter/cmake)\n'}
[0.726783] (sp_msgs) StdoutLine: {'line': b'-- Found builtin_interfaces: 2.0.3 (/opt/ros/jazzy/share/builtin_interfaces/cmake)\n'}
[0.801437] (-) TimerEvent: {}
[0.901775] (-) TimerEvent: {}
[1.002223] (-) TimerEvent: {}
[1.103117] (-) TimerEvent: {}
[1.203662] (-) TimerEvent: {}
[1.304905] (-) TimerEvent: {}
[1.405667] (-) TimerEvent: {}
[1.506097] (-) TimerEvent: {}
[1.606481] (-) TimerEvent: {}
[1.706978] (-) TimerEvent: {}
[1.807304] (-) TimerEvent: {}
[1.907624] (-) TimerEvent: {}
[1.917762] (sp_msgs) StdoutLine: {'line': b'-- Found ament_cmake_ros: 0.12.0 (/opt/ros/jazzy/share/ament_cmake_ros/cmake)\n'}
[2.007823] (-) TimerEvent: {}
[2.109471] (-) TimerEvent: {}
[2.210160] (-) TimerEvent: {}
[2.310878] (-) TimerEvent: {}
[2.411317] (-) TimerEvent: {}
[2.511687] (-) TimerEvent: {}
[2.612151] (-) TimerEvent: {}
[2.712472] (-) TimerEvent: {}
[2.813750] (-) TimerEvent: {}
[2.879274] (sp_msgs) StdoutLine: {'line': b'-- Using all available rosidl_typesupport_c: rosidl_typesupport_fastrtps_c;rosidl_typesupport_introspection_c\n'}
[2.913879] (-) TimerEvent: {}
[3.014144] (-) TimerEvent: {}
[3.115109] (-) TimerEvent: {}
[3.215592] (-) TimerEvent: {}
[3.316109] (-) TimerEvent: {}
[3.416510] (-) TimerEvent: {}
[3.516914] (-) TimerEvent: {}
[3.619102] (-) TimerEvent: {}
[3.721377] (-) TimerEvent: {}
[3.821765] (-) TimerEvent: {}
[3.922058] (-) TimerEvent: {}
[4.022821] (-) TimerEvent: {}
[4.123313] (-) TimerEvent: {}
[4.223614] (-) TimerEvent: {}
[4.324175] (-) TimerEvent: {}
[4.401536] (sp_msgs) StdoutLine: {'line': b'-- Using all available rosidl_typesupport_cpp: rosidl_typesupport_fastrtps_cpp;rosidl_typesupport_introspection_cpp\n'}
[4.407510] (sp_msgs) StdoutLine: {'line': b'-- Found python_cmake_module: 0.11.1 (/opt/ros/jazzy/share/python_cmake_module/cmake)\n'}
[4.424300] (-) TimerEvent: {}
[4.524847] (-) TimerEvent: {}
[4.625379] (-) TimerEvent: {}
[4.725863] (-) TimerEvent: {}
[4.796560] (sp_msgs) StdoutLine: {'line': b'-- Found Python3: /usr/bin/python3 (found version "3.12.3") found components: Interpreter Development NumPy Development.Module Development.Embed \n'}
[4.826017] (-) TimerEvent: {}
[4.926282] (-) TimerEvent: {}
[5.027337] (-) TimerEvent: {}
[5.127816] (-) TimerEvent: {}
[5.228971] (-) TimerEvent: {}
[5.329470] (-) TimerEvent: {}
[5.429831] (-) TimerEvent: {}
[5.530142] (-) TimerEvent: {}
[5.630954] (-) TimerEvent: {}
[5.731320] (-) TimerEvent: {}
[5.793733] (sp_msgs) StdoutLine: {'line': b'-- Configuring done (5.6s)\n'}
[5.831483] (-) TimerEvent: {}
[5.933421] (-) TimerEvent: {}
[6.033811] (-) TimerEvent: {}
[6.134115] (-) TimerEvent: {}
[6.234453] (-) TimerEvent: {}
[6.334749] (-) TimerEvent: {}
[6.435145] (-) TimerEvent: {}
[6.535420] (-) TimerEvent: {}
[6.635928] (-) TimerEvent: {}
[6.736397] (-) TimerEvent: {}
[6.836730] (-) TimerEvent: {}
[6.937650] (-) TimerEvent: {}
[7.038416] (-) TimerEvent: {}
[7.138804] (-) TimerEvent: {}
[7.241566] (-) TimerEvent: {}
[7.342033] (-) TimerEvent: {}
[7.442507] (-) TimerEvent: {}
[7.544102] (-) TimerEvent: {}
[7.644488] (-) TimerEvent: {}
[7.652000] (sp_msgs) StdoutLine: {'line': b'-- Generating done (1.6s)\n'}
[7.744607] (-) TimerEvent: {}
[7.845572] (-) TimerEvent: {}
[7.946061] (-) TimerEvent: {}
[8.048117] (-) TimerEvent: {}
[8.148870] (-) TimerEvent: {}
[8.249425] (-) TimerEvent: {}
[8.349839] (-) TimerEvent: {}
[8.450303] (-) TimerEvent: {}
[8.492042] (sp_msgs) StdoutLine: {'line': b'-- Build files have been written to: /app/sp_vision/ros2_ws/build/sp_msgs\n'}
[8.550429] (-) TimerEvent: {}
[8.593454] (sp_msgs) StdoutLine: {'line': b'[  1%] Generating type hashes for ROS interfaces\n'}
[8.650550] (-) TimerEvent: {}
[8.751902] (-) TimerEvent: {}
[8.852277] (-) TimerEvent: {}
[8.953762] (-) TimerEvent: {}
[8.963377] (sp_msgs) StdoutLine: {'line': b'[  1%] Built target sp_msgs__rosidl_generator_type_description\n'}
[9.004208] (sp_msgs) StdoutLine: {'line': b'[  3%] Generating C code for ROS interfaces\n'}
[9.005908] (sp_msgs) StdoutLine: {'line': b'[  3%] Built target ament_cmake_python_copy_sp_msgs\n'}
[9.048782] (sp_msgs) StdoutLine: {'line': b'[  5%] Generating C++ code for ROS interfaces\n'}
[9.053840] (-) TimerEvent: {}
[9.154105] (-) TimerEvent: {}
[9.209819] (sp_msgs) StdoutLine: {'line': b'running egg_info\n'}
[9.224181] (sp_msgs) StdoutLine: {'line': b'writing sp_msgs.egg-info/PKG-INFO\n'}
[9.227264] (sp_msgs) StdoutLine: {'line': b'writing dependency_links to sp_msgs.egg-info/dependency_links.txt\n'}
[9.237649] (sp_msgs) StdoutLine: {'line': b'writing top-level names to sp_msgs.egg-info/top_level.txt\n'}
[9.254241] (-) TimerEvent: {}
[9.316820] (sp_msgs) StdoutLine: {'line': b"reading manifest file 'sp_msgs.egg-info/SOURCES.txt'\n"}
[9.346071] (sp_msgs) StdoutLine: {'line': b"writing manifest file 'sp_msgs.egg-info/SOURCES.txt'\n"}
[9.354357] (-) TimerEvent: {}
[9.373442] (sp_msgs) StdoutLine: {'line': b'[  5%] Built target ament_cmake_python_build_sp_msgs_egg\n'}
[9.454502] (-) TimerEvent: {}
[9.554780] (-) TimerEvent: {}
[9.655248] (-) TimerEvent: {}
[9.676101] (sp_msgs) StdoutLine: {'line': b'[  5%] Built target sp_msgs__cpp\n'}
[9.755378] (-) TimerEvent: {}
[9.855997] (-) TimerEvent: {}
[9.956395] (-) TimerEvent: {}
[9.991774] (sp_msgs) StdoutLine: {'line': b'[  7%] Building C object CMakeFiles/sp_msgs__rosidl_generator_c.dir/rosidl_generator_c/sp_msgs/msg/detail/enemy_status_msg__description.c.o\n'}
[9.999502] (sp_msgs) StdoutLine: {'line': b'[  9%] Building C object CMakeFiles/sp_msgs__rosidl_generator_c.dir/rosidl_generator_c/sp_msgs/msg/detail/enemy_status_msg__functions.c.o\n'}
[10.002869] (sp_msgs) StdoutLine: {'line': b'[ 11%] Building C object CMakeFiles/sp_msgs__rosidl_generator_c.dir/rosidl_generator_c/sp_msgs/msg/detail/enemy_status_msg__type_support.c.o\n'}
[10.019106] (sp_msgs) StdoutLine: {'line': b'[ 12%] Building C object CMakeFiles/sp_msgs__rosidl_generator_c.dir/rosidl_generator_c/sp_msgs/msg/detail/autoaim_target_msg__description.c.o\n'}
[10.028828] (sp_msgs) StdoutLine: {'line': b'[ 14%] Building C object CMakeFiles/sp_msgs__rosidl_generator_c.dir/rosidl_generator_c/sp_msgs/msg/detail/autoaim_target_msg__functions.c.o\n'}
[10.036013] (sp_msgs) StdoutLine: {'line': b'[ 16%] Building C object CMakeFiles/sp_msgs__rosidl_generator_c.dir/rosidl_generator_c/sp_msgs/msg/detail/autoaim_target_msg__type_support.c.o\n'}
[10.043823] (sp_msgs) StdoutLine: {'line': b'[ 18%] Building C object CMakeFiles/sp_msgs__rosidl_generator_c.dir/rosidl_generator_c/sp_msgs/msg/detail/dm02_serial_copy_msg__description.c.o\n'}
[10.048811] (sp_msgs) StdoutLine: {'line': b'[ 20%] Building C object CMakeFiles/sp_msgs__rosidl_generator_c.dir/rosidl_generator_c/sp_msgs/msg/detail/dm02_serial_copy_msg__functions.c.o\n'}
[10.055888] (sp_msgs) StdoutLine: {'line': b'[ 22%] Building C object CMakeFiles/sp_msgs__rosidl_generator_c.dir/rosidl_generator_c/sp_msgs/msg/detail/dm02_serial_copy_msg__type_support.c.o\n'}
[10.058203] (-) TimerEvent: {}
[10.159029] (-) TimerEvent: {}
[10.186041] (sp_msgs) StdoutLine: {'line': b'[ 24%] Linking C shared library libsp_msgs__rosidl_generator_c.so\n'}
[10.259199] (-) TimerEvent: {}
[10.359626] (-) TimerEvent: {}
[10.425854] (sp_msgs) StdoutLine: {'line': b'[ 24%] Built target sp_msgs__rosidl_generator_c\n'}
[10.459749] (-) TimerEvent: {}
[10.473631] (sp_msgs) StdoutLine: {'line': b'[ 27%] Generating C type support dispatch for ROS interfaces\n'}
[10.479011] (sp_msgs) StdoutLine: {'line': b'[ 31%] Generating C++ type support dispatch for ROS interfaces\n'}
[10.482515] (sp_msgs) StdoutLine: {'line': b'[ 35%] Generating C introspection for ROS interfaces\n'}
[10.483364] (sp_msgs) StdoutLine: {'line': b'[ 35%] Generating C++ type support for eProsima Fast-RTPS\n'}
[10.483984] (sp_msgs) StdoutLine: {'line': b'[ 35%] Generating C type support for eProsima Fast-RTPS\n'}
[10.484609] (sp_msgs) StdoutLine: {'line': b'[ 35%] Generating C++ introspection for ROS interfaces\n'}
[10.559858] (-) TimerEvent: {}
[10.660351] (-) TimerEvent: {}
[10.762749] (-) TimerEvent: {}
[10.863087] (-) TimerEvent: {}
[10.963420] (-) TimerEvent: {}
[11.063781] (-) TimerEvent: {}
[11.118173] (sp_msgs) StdoutLine: {'line': b'[ 37%] Building CXX object CMakeFiles/sp_msgs__rosidl_typesupport_c.dir/rosidl_typesupport_c/sp_msgs/msg/enemy_status_msg__type_support.cpp.o\n'}
[11.134958] (sp_msgs) StdoutLine: {'line': b'[ 38%] Building CXX object CMakeFiles/sp_msgs__rosidl_typesupport_c.dir/rosidl_typesupport_c/sp_msgs/msg/autoaim_target_msg__type_support.cpp.o\n'}
[11.141965] (sp_msgs) StdoutLine: {'line': b'[ 40%] Building CXX object CMakeFiles/sp_msgs__rosidl_typesupport_c.dir/rosidl_typesupport_c/sp_msgs/msg/dm02_serial_copy_msg__type_support.cpp.o\n'}
[11.163909] (-) TimerEvent: {}
[11.226831] (sp_msgs) StdoutLine: {'line': b'[ 42%] Building C object CMakeFiles/sp_msgs__rosidl_typesupport_introspection_c.dir/rosidl_typesupport_introspection_c/sp_msgs/msg/detail/enemy_status_msg__type_support.c.o\n'}
[11.244679] (sp_msgs) StdoutLine: {'line': b'[ 44%] Building C object CMakeFiles/sp_msgs__rosidl_typesupport_introspection_c.dir/rosidl_typesupport_introspection_c/sp_msgs/msg/detail/autoaim_target_msg__type_support.c.o\n'}
[11.252310] (sp_msgs) StdoutLine: {'line': b'[ 46%] Building C object CMakeFiles/sp_msgs__rosidl_typesupport_introspection_c.dir/rosidl_typesupport_introspection_c/sp_msgs/msg/detail/dm02_serial_copy_msg__type_support.c.o\n'}
[11.264090] (-) TimerEvent: {}
[11.300378] (sp_msgs) StdoutLine: {'line': b'[ 48%] Building CXX object CMakeFiles/sp_msgs__rosidl_typesupport_cpp.dir/rosidl_typesupport_cpp/sp_msgs/msg/enemy_status_msg__type_support.cpp.o\n'}
[11.324008] (sp_msgs) StdoutLine: {'line': b'[ 50%] Building CXX object CMakeFiles/sp_msgs__rosidl_typesupport_cpp.dir/rosidl_typesupport_cpp/sp_msgs/msg/autoaim_target_msg__type_support.cpp.o\n'}
[11.331543] (sp_msgs) StdoutLine: {'line': b'[ 53%] Linking CXX shared library libsp_msgs__rosidl_typesupport_c.so\n'}
[11.333470] (sp_msgs) StdoutLine: {'line': b'[ 53%] Building CXX object CMakeFiles/sp_msgs__rosidl_typesupport_cpp.dir/rosidl_typesupport_cpp/sp_msgs/msg/dm02_serial_copy_msg__type_support.cpp.o\n'}
[11.364216] (-) TimerEvent: {}
[11.456722] (sp_msgs) StdoutLine: {'line': b'[ 55%] Building CXX object CMakeFiles/sp_msgs__rosidl_typesupport_introspection_cpp.dir/rosidl_typesupport_introspection_cpp/sp_msgs/msg/detail/enemy_status_msg__type_support.cpp.o\n'}
[11.464337] (-) TimerEvent: {}
[11.479248] (sp_msgs) StdoutLine: {'line': b'[ 57%] Building CXX object CMakeFiles/sp_msgs__rosidl_typesupport_introspection_cpp.dir/rosidl_typesupport_introspection_cpp/sp_msgs/msg/detail/autoaim_target_msg__type_support.cpp.o\n'}
[11.489260] (sp_msgs) StdoutLine: {'line': b'[ 59%] Building CXX object CMakeFiles/sp_msgs__rosidl_typesupport_introspection_cpp.dir/rosidl_typesupport_introspection_cpp/sp_msgs/msg/detail/dm02_serial_copy_msg__type_support.cpp.o\n'}
[11.547596] (sp_msgs) StdoutLine: {'line': b'[ 61%] Linking C shared library libsp_msgs__rosidl_typesupport_introspection_c.so\n'}
[11.564459] (-) TimerEvent: {}
[11.601548] (sp_msgs) StdoutLine: {'line': b'[ 61%] Built target sp_msgs__rosidl_typesupport_c\n'}
[11.643829] (sp_msgs) StdoutLine: {'line': b'[ 62%] Building CXX object CMakeFiles/sp_msgs__rosidl_typesupport_fastrtps_c.dir/rosidl_typesupport_fastrtps_c/sp_msgs/msg/detail/enemy_status_msg__type_support_c.cpp.o\n'}
[11.664582] (-) TimerEvent: {}
[11.670173] (sp_msgs) StdoutLine: {'line': b'[ 64%] Building CXX object CMakeFiles/sp_msgs__rosidl_typesupport_fastrtps_c.dir/rosidl_typesupport_fastrtps_c/sp_msgs/msg/detail/autoaim_target_msg__type_support_c.cpp.o\n'}
[11.680624] (sp_msgs) StdoutLine: {'line': b'[ 66%] Building CXX object CMakeFiles/sp_msgs__rosidl_typesupport_fastrtps_c.dir/rosidl_typesupport_fastrtps_c/sp_msgs/msg/detail/dm02_serial_copy_msg__type_support_c.cpp.o\n'}
[11.696856] (sp_msgs) StdoutLine: {'line': b'[ 68%] Building CXX object CMakeFiles/sp_msgs__rosidl_typesupport_fastrtps_cpp.dir/rosidl_typesupport_fastrtps_cpp/sp_msgs/msg/detail/dds_fastrtps/enemy_status_msg__type_support.cpp.o\n'}
[11.752438] (sp_msgs) StdoutLine: {'line': b'[ 70%] Building CXX object CMakeFiles/sp_msgs__rosidl_typesupport_fastrtps_cpp.dir/rosidl_typesupport_fastrtps_cpp/sp_msgs/msg/detail/dds_fastrtps/autoaim_target_msg__type_support.cpp.o\n'}
[11.764703] (-) TimerEvent: {}
[11.766845] (sp_msgs) StdoutLine: {'line': b'[ 72%] Building CXX object CMakeFiles/sp_msgs__rosidl_typesupport_fastrtps_cpp.dir/rosidl_typesupport_fastrtps_cpp/sp_msgs/msg/detail/dds_fastrtps/dm02_serial_copy_msg__type_support.cpp.o\n'}
[11.864830] (-) TimerEvent: {}
[11.918060] (sp_msgs) StdoutLine: {'line': b'[ 72%] Built target sp_msgs__rosidl_typesupport_introspection_c\n'}
[11.964941] (-) TimerEvent: {}
[12.065400] (-) TimerEvent: {}
[12.111637] (sp_msgs) StdoutLine: {'line': b'[ 74%] Linking CXX shared library libsp_msgs__rosidl_typesupport_cpp.so\n'}
[12.165534] (-) TimerEvent: {}
[12.266017] (-) TimerEvent: {}
[12.282252] (sp_msgs) StdoutLine: {'line': b'[ 74%] Built target sp_msgs__rosidl_typesupport_cpp\n'}
[12.366173] (-) TimerEvent: {}
[12.466815] (-) TimerEvent: {}
[12.471813] (sp_msgs) StdoutLine: {'line': b'[ 75%] Linking CXX shared library libsp_msgs__rosidl_typesupport_introspection_cpp.so\n'}
[12.531429] (sp_msgs) StdoutLine: {'line': b'[ 77%] Linking CXX shared library libsp_msgs__rosidl_typesupport_fastrtps_c.so\n'}
[12.566978] (-) TimerEvent: {}
[12.656138] (sp_msgs) StdoutLine: {'line': b'[ 77%] Built target sp_msgs__rosidl_typesupport_introspection_cpp\n'}
[12.667091] (-) TimerEvent: {}
[12.717352] (sp_msgs) StdoutLine: {'line': b'[ 77%] Built target sp_msgs__rosidl_typesupport_fastrtps_c\n'}
[12.767209] (-) TimerEvent: {}
[12.783221] (sp_msgs) StdoutLine: {'line': b'[ 79%] Linking CXX shared library libsp_msgs__rosidl_typesupport_fastrtps_cpp.so\n'}
[12.867329] (-) TimerEvent: {}
[12.967682] (-) TimerEvent: {}
[13.008135] (sp_msgs) StdoutLine: {'line': b'[ 79%] Built target sp_msgs__rosidl_typesupport_fastrtps_cpp\n'}
[13.044077] (sp_msgs) StdoutLine: {'line': b'[ 79%] Built target sp_msgs\n'}
[13.067792] (-) TimerEvent: {}
[13.107309] (sp_msgs) StdoutLine: {'line': b'[ 81%] Generating Python code for ROS interfaces\n'}
[13.167967] (-) TimerEvent: {}
[13.268414] (-) TimerEvent: {}
[13.368815] (-) TimerEvent: {}
[13.469329] (-) TimerEvent: {}
[13.570063] (-) TimerEvent: {}
[13.670536] (-) TimerEvent: {}
[13.770938] (-) TimerEvent: {}
[13.871335] (-) TimerEvent: {}
[13.899926] (sp_msgs) StdoutLine: {'line': b'[ 81%] Built target sp_msgs__py\n'}
[13.971459] (-) TimerEvent: {}
[14.071766] (-) TimerEvent: {}
[14.094215] (sp_msgs) StdoutLine: {'line': b'[ 83%] Building C object CMakeFiles/sp_msgs__rosidl_generator_py.dir/rosidl_generator_py/sp_msgs/msg/_enemy_status_msg_s.c.o\n'}
[14.096886] (sp_msgs) StdoutLine: {'line': b'[ 85%] Building C object CMakeFiles/sp_msgs__rosidl_generator_py.dir/rosidl_generator_py/sp_msgs/msg/_autoaim_target_msg_s.c.o\n'}
[14.101615] (sp_msgs) StdoutLine: {'line': b'[ 87%] Building C object CMakeFiles/sp_msgs__rosidl_generator_py.dir/rosidl_generator_py/sp_msgs/msg/_dm02_serial_copy_msg_s.c.o\n'}
[14.171900] (-) TimerEvent: {}
[14.272471] (-) TimerEvent: {}
[14.372757] (-) TimerEvent: {}
[14.429399] (sp_msgs) StdoutLine: {'line': b'[ 88%] Linking C shared library libsp_msgs__rosidl_generator_py.so\n'}
[14.472870] (-) TimerEvent: {}
[14.558285] (sp_msgs) StdoutLine: {'line': b'[ 88%] Built target sp_msgs__rosidl_generator_py\n'}
[14.573000] (-) TimerEvent: {}
[14.673453] (-) TimerEvent: {}
[14.772917] (sp_msgs) StdoutLine: {'line': b'[ 94%] Building C object CMakeFiles/sp_msgs_s__rosidl_typesupport_introspection_c.dir/rosidl_generator_py/sp_msgs/_sp_msgs_s.ep.rosidl_typesupport_introspection_c.c.o\n'}
[14.773867] (-) TimerEvent: {}
[14.774014] (sp_msgs) StdoutLine: {'line': b'[ 94%] Building C object CMakeFiles/sp_msgs_s__rosidl_typesupport_c.dir/rosidl_generator_py/sp_msgs/_sp_msgs_s.ep.rosidl_typesupport_c.c.o\n'}
[14.775109] (sp_msgs) StdoutLine: {'line': b'[ 94%] Building C object CMakeFiles/sp_msgs_s__rosidl_typesupport_fastrtps_c.dir/rosidl_generator_py/sp_msgs/_sp_msgs_s.ep.rosidl_typesupport_fastrtps_c.c.o\n'}
[14.874109] (-) TimerEvent: {}
[14.974706] (-) TimerEvent: {}
[15.075209] (-) TimerEvent: {}
[15.133298] (sp_msgs) StdoutLine: {'line': b'[ 96%] Linking C shared module rosidl_generator_py/sp_msgs/sp_msgs_s__rosidl_typesupport_c.so\n'}
[15.175459] (-) TimerEvent: {}
[15.196502] (sp_msgs) StdoutLine: {'line': b'[ 98%] Linking C shared module rosidl_generator_py/sp_msgs/sp_msgs_s__rosidl_typesupport_introspection_c.so\n'}
[15.200009] (sp_msgs) StdoutLine: {'line': b'[100%] Linking C shared module rosidl_generator_py/sp_msgs/sp_msgs_s__rosidl_typesupport_fastrtps_c.so\n'}
[15.263108] (sp_msgs) StdoutLine: {'line': b'[100%] Built target sp_msgs_s__rosidl_typesupport_c\n'}
[15.275589] (-) TimerEvent: {}
[15.294391] (sp_msgs) StdoutLine: {'line': b'[100%] Built target sp_msgs_s__rosidl_typesupport_introspection_c\n'}
[15.298881] (sp_msgs) StdoutLine: {'line': b'[100%] Built target sp_msgs_s__rosidl_typesupport_fastrtps_c\n'}
[15.375721] (-) TimerEvent: {}
[15.441500] (sp_msgs) CommandEnded: {'returncode': 0}
[15.471977] (sp_msgs) JobProgress: {'identifier': 'sp_msgs', 'progress': 'install'}
[15.475813] (-) TimerEvent: {}
[15.480540] (sp_msgs) Command: {'cmd': ['/usr/bin/cmake', '--install', '/app/sp_vision/ros2_ws/build/sp_msgs'], 'cwd': '/app/sp_vision/ros2_ws/build/sp_msgs', 'env': OrderedDict({'HOSTNAME': 'DESKTOP-Q7EV71U', 'OPENVINO_ROOT': '/opt/intel/openvino_latest', 'SHLVL': '1', 'LD_LIBRARY_PATH': '/opt/ros/jazzy/lib/x86_64-linux-gnu:/opt/ros/jazzy/lib:/opt/spdlog/lib:/opt/fmt/lib:/opt/yaml-cpp/lib:/opt/opencv/lib:/opt/ceres/lib:/opt/intel/openvino_latest/runtime/lib/intel64', 'HOME': '/root', 'OLDPWD': '/app/sp_vision', 'ROS_PYTHON_VERSION': '3', 'LC_CTYPE': 'C.UTF-8', 'DEBUGINFOD_URLS': 'https://debuginfod.ubuntu.com', 'ROS_DISTRO': 'jazzy', '_': '/usr/bin/colcon', 'ROS_VERSION': '2', 'PKG_CONFIG_PATH': '/opt/spdlog/lib/pkgconfig:/opt/fmt/lib/pkgconfig:/opt/yaml-cpp/lib/pkgconfig:/opt/opencv/lib/pkgconfig:/opt/ceres/lib/pkgconfig', 'PATH': '/opt/ros/jazzy/bin:/usr/local/sbin:/usr/local/bin:/usr/sbin:/usr/bin:/sbin:/bin', 'AMENT_PREFIX_PATH': '/opt/ros/jazzy', 'ROS_AUTOMATIC_DISCOVERY_RANGE': 'SUBNET', 'PWD': '/app/sp_vision/ros2_ws/build/sp_msgs', 'PYTHONPATH': '/opt/ros/jazzy/lib/python3.12/site-packages', 'TZ': 'Asia/Shanghai', 'COLCON': '1', 'OpenVINO_DIR': '/opt/intel/openvino_latest/runtime/cmake', 'CMAKE_PREFIX_PATH': '/opt/spdlog:/opt/fmt:/opt/json:/opt/yaml-cpp:/opt/opencv:/opt/ceres:/opt/intel/openvino_latest/runtime/cmake:/usr/lib/cmake/openvino'}), 'shell': False}
[15.492042] (sp_msgs) StdoutLine: {'line': b'-- Install configuration: ""\n'}
[15.508382] (sp_msgs) StdoutLine: {'line': b'-- Installing: /app/sp_vision/ros2_ws/install/share/ament_index/resource_index/rosidl_interfaces/sp_msgs\n'}
[15.575945] (-) TimerEvent: {}
[15.585512] (sp_msgs) StdoutLine: {'line': b'-- Installing: /app/sp_vision/ros2_ws/install/share/sp_msgs/msg/EnemyStatusMsg.json\n'}
[15.640153] (sp_msgs) StdoutLine: {'line': b'-- Installing: /app/sp_vision/ros2_ws/install/share/sp_msgs/msg/AutoaimTargetMsg.json\n'}
[15.676079] (-) TimerEvent: {}
[15.701756] (sp_msgs) StdoutLine: {'line': b'-- Installing: /app/sp_vision/ros2_ws/install/share/sp_msgs/msg/Dm02SerialCopyMsg.json\n'}
[15.775422] (sp_msgs) StdoutLine: {'line': b'-- Up-to-date: /app/sp_vision/ros2_ws/install/include/sp_msgs/sp_msgs\n'}
[15.776082] (-) TimerEvent: {}
[15.787483] (sp_msgs) StdoutLine: {'line': b'-- Up-to-date: /app/sp_vision/ros2_ws/install/include/sp_msgs/sp_msgs/msg\n'}
[15.802480] (sp_msgs) StdoutLine: {'line': b'-- Installing: /app/sp_vision/ros2_ws/install/include/sp_msgs/sp_msgs/msg/autoaim_target_msg.h\n'}
[15.876231] (-) TimerEvent: {}
[15.894844] (sp_msgs) StdoutLine: {'line': b'-- Up-to-date: /app/sp_vision/ros2_ws/install/include/sp_msgs/sp_msgs/msg/detail\n'}
[15.914323] (sp_msgs) StdoutLine: {'line': b'-- Installing: /app/sp_vision/ros2_ws/install/include/sp_msgs/sp_msgs/msg/detail/autoaim_target_msg__description.c\n'}
[15.976349] (-) TimerEvent: {}
[15.977348] (sp_msgs) StdoutLine: {'line': b'-- Installing: /app/sp_vision/ros2_ws/install/include/sp_msgs/sp_msgs/msg/detail/autoaim_target_msg__functions.c\n'}
[16.050313] (sp_msgs) StdoutLine: {'line': b'-- Installing: /app/sp_vision/ros2_ws/install/include/sp_msgs/sp_msgs/msg/detail/autoaim_target_msg__functions.h\n'}
[16.076512] (-) TimerEvent: {}
[16.114256] (sp_msgs) StdoutLine: {'line': b'-- Installing: /app/sp_vision/ros2_ws/install/include/sp_msgs/sp_msgs/msg/detail/autoaim_target_msg__struct.h\n'}
[16.163881] (sp_msgs) StdoutLine: {'line': b'-- Installing: /app/sp_vision/ros2_ws/install/include/sp_msgs/sp_msgs/msg/detail/autoaim_target_msg__type_support.c\n'}
[16.176628] (-) TimerEvent: {}
[16.232018] (sp_msgs) StdoutLine: {'line': b'-- Installing: /app/sp_vision/ros2_ws/install/include/sp_msgs/sp_msgs/msg/detail/autoaim_target_msg__type_support.h\n'}
[16.276746] (-) TimerEvent: {}
[16.295073] (sp_msgs) StdoutLine: {'line': b'-- Installing: /app/sp_vision/ros2_ws/install/include/sp_msgs/sp_msgs/msg/detail/dm02_serial_copy_msg__description.c\n'}
[16.373307] (sp_msgs) StdoutLine: {'line': b'-- Installing: /app/sp_vision/ros2_ws/install/include/sp_msgs/sp_msgs/msg/detail/dm02_serial_copy_msg__functions.c\n'}
[16.376917] (-) TimerEvent: {}
[16.448981] (sp_msgs) StdoutLine: {'line': b'-- Installing: /app/sp_vision/ros2_ws/install/include/sp_msgs/sp_msgs/msg/detail/dm02_serial_copy_msg__functions.h\n'}
[16.477047] (-) TimerEvent: {}
[16.536027] (sp_msgs) StdoutLine: {'line': b'-- Installing: /app/sp_vision/ros2_ws/install/include/sp_msgs/sp_msgs/msg/detail/dm02_serial_copy_msg__struct.h\n'}
[16.577234] (-) TimerEvent: {}
[16.622460] (sp_msgs) StdoutLine: {'line': b'-- Installing: /app/sp_vision/ros2_ws/install/include/sp_msgs/sp_msgs/msg/detail/dm02_serial_copy_msg__type_support.c\n'}
[16.677351] (-) TimerEvent: {}
[16.688234] (sp_msgs) StdoutLine: {'line': b'-- Installing: /app/sp_vision/ros2_ws/install/include/sp_msgs/sp_msgs/msg/detail/dm02_serial_copy_msg__type_support.h\n'}
[16.777472] (-) TimerEvent: {}
[16.778142] (sp_msgs) StdoutLine: {'line': b'-- Installing: /app/sp_vision/ros2_ws/install/include/sp_msgs/sp_msgs/msg/detail/enemy_status_msg__description.c\n'}
[16.839748] (sp_msgs) StdoutLine: {'line': b'-- Installing: /app/sp_vision/ros2_ws/install/include/sp_msgs/sp_msgs/msg/detail/enemy_status_msg__functions.c\n'}
[16.877597] (-) TimerEvent: {}
[16.940016] (sp_msgs) StdoutLine: {'line': b'-- Installing: /app/sp_vision/ros2_ws/install/include/sp_msgs/sp_msgs/msg/detail/enemy_status_msg__functions.h\n'}
[16.977740] (-) TimerEvent: {}
[17.025507] (sp_msgs) StdoutLine: {'line': b'-- Installing: /app/sp_vision/ros2_ws/install/include/sp_msgs/sp_msgs/msg/detail/enemy_status_msg__struct.h\n'}
[17.077873] (-) TimerEvent: {}
[17.082792] (sp_msgs) StdoutLine: {'line': b'-- Installing: /app/sp_vision/ros2_ws/install/include/sp_msgs/sp_msgs/msg/detail/enemy_status_msg__type_support.c\n'}
[17.144851] (sp_msgs) StdoutLine: {'line': b'-- Installing: /app/sp_vision/ros2_ws/install/include/sp_msgs/sp_msgs/msg/detail/enemy_status_msg__type_support.h\n'}
[17.178032] (-) TimerEvent: {}
[17.227034] (sp_msgs) StdoutLine: {'line': b'-- Installing: /app/sp_vision/ros2_ws/install/include/sp_msgs/sp_msgs/msg/dm02_serial_copy_msg.h\n'}
[17.278144] (-) TimerEvent: {}
[17.278839] (sp_msgs) StdoutLine: {'line': b'-- Installing: /app/sp_vision/ros2_ws/install/include/sp_msgs/sp_msgs/msg/enemy_status_msg.h\n'}
[17.327593] (sp_msgs) StdoutLine: {'line': b'-- Up-to-date: /app/sp_vision/ros2_ws/install/include/sp_msgs/sp_msgs/msg/rosidl_generator_c__visibility_control.h\n'}
[17.334308] (sp_msgs) StdoutLine: {'line': b'-- Up-to-date: /app/sp_vision/ros2_ws/install/share/sp_msgs/environment/library_path.sh\n'}
[17.356834] (sp_msgs) StdoutLine: {'line': b'-- Up-to-date: /app/sp_vision/ros2_ws/install/share/sp_msgs/environment/library_path.dsv\n'}
[17.378260] (-) TimerEvent: {}
[17.378754] (sp_msgs) StdoutLine: {'line': b'-- Installing: /app/sp_vision/ros2_ws/install/lib/libsp_msgs__rosidl_generator_c.so\n'}
[17.445416] (sp_msgs) StdoutLine: {'line': b'-- Set non-toolchain portion of runtime path of "/app/sp_vision/ros2_ws/install/lib/libsp_msgs__rosidl_generator_c.so" to ""\n'}
[17.461953] (sp_msgs) StdoutLine: {'line': b'-- Up-to-date: /app/sp_vision/ros2_ws/install/include/sp_msgs/sp_msgs\n'}
[17.478376] (-) TimerEvent: {}
[17.481630] (sp_msgs) StdoutLine: {'line': b'-- Up-to-date: /app/sp_vision/ros2_ws/install/include/sp_msgs/sp_msgs/msg\n'}
[17.503311] (sp_msgs) StdoutLine: {'line': b'-- Up-to-date: /app/sp_vision/ros2_ws/install/include/sp_msgs/sp_msgs/msg/detail\n'}
[17.531965] (sp_msgs) StdoutLine: {'line': b'-- Installing: /app/sp_vision/ros2_ws/install/include/sp_msgs/sp_msgs/msg/detail/autoaim_target_msg__rosidl_typesupport_fastrtps_c.h\n'}
[17.578521] (-) TimerEvent: {}
[17.613135] (sp_msgs) StdoutLine: {'line': b'-- Installing: /app/sp_vision/ros2_ws/install/include/sp_msgs/sp_msgs/msg/detail/dm02_serial_copy_msg__rosidl_typesupport_fastrtps_c.h\n'}
[17.678666] (-) TimerEvent: {}
[17.703404] (sp_msgs) StdoutLine: {'line': b'-- Installing: /app/sp_vision/ros2_ws/install/include/sp_msgs/sp_msgs/msg/detail/enemy_status_msg__rosidl_typesupport_fastrtps_c.h\n'}
[17.778788] (-) TimerEvent: {}
[17.800978] (sp_msgs) StdoutLine: {'line': b'-- Up-to-date: /app/sp_vision/ros2_ws/install/include/sp_msgs/sp_msgs/msg/rosidl_typesupport_fastrtps_c__visibility_control.h\n'}
[17.860664] (sp_msgs) StdoutLine: {'line': b'-- Installing: /app/sp_vision/ros2_ws/install/lib/libsp_msgs__rosidl_typesupport_fastrtps_c.so\n'}
[17.878900] (-) TimerEvent: {}
[17.933190] (sp_msgs) StdoutLine: {'line': b'-- Set non-toolchain portion of runtime path of "/app/sp_vision/ros2_ws/install/lib/libsp_msgs__rosidl_typesupport_fastrtps_c.so" to ""\n'}
[17.938016] (sp_msgs) StdoutLine: {'line': b'-- Up-to-date: /app/sp_vision/ros2_ws/install/include/sp_msgs/sp_msgs\n'}
[17.949725] (sp_msgs) StdoutLine: {'line': b'-- Up-to-date: /app/sp_vision/ros2_ws/install/include/sp_msgs/sp_msgs/msg\n'}
[17.971462] (sp_msgs) StdoutLine: {'line': b'-- Up-to-date: /app/sp_vision/ros2_ws/install/include/sp_msgs/sp_msgs/msg/detail\n'}
[17.979014] (-) TimerEvent: {}
[17.989202] (sp_msgs) StdoutLine: {'line': b'-- Installing: /app/sp_vision/ros2_ws/install/include/sp_msgs/sp_msgs/msg/detail/autoaim_target_msg__rosidl_typesupport_introspection_c.h\n'}
[18.074812] (sp_msgs) StdoutLine: {'line': b'-- Installing: /app/sp_vision/ros2_ws/install/include/sp_msgs/sp_msgs/msg/detail/autoaim_target_msg__type_support.c\n'}
[18.079096] (-) TimerEvent: {}
[18.146863] (sp_msgs) StdoutLine: {'line': b'-- Installing: /app/sp_vision/ros2_ws/install/include/sp_msgs/sp_msgs/msg/detail/dm02_serial_copy_msg__rosidl_typesupport_introspection_c.h\n'}
[18.179231] (-) TimerEvent: {}
[18.217909] (sp_msgs) StdoutLine: {'line': b'-- Installing: /app/sp_vision/ros2_ws/install/include/sp_msgs/sp_msgs/msg/detail/dm02_serial_copy_msg__type_support.c\n'}
[18.279359] (-) TimerEvent: {}
[18.298055] (sp_msgs) StdoutLine: {'line': b'-- Installing: /app/sp_vision/ros2_ws/install/include/sp_msgs/sp_msgs/msg/detail/enemy_status_msg__rosidl_typesupport_introspection_c.h\n'}
[18.370122] (sp_msgs) StdoutLine: {'line': b'-- Installing: /app/sp_vision/ros2_ws/install/include/sp_msgs/sp_msgs/msg/detail/enemy_status_msg__type_support.c\n'}
[18.379471] (-) TimerEvent: {}
[18.438241] (sp_msgs) StdoutLine: {'line': b'-- Up-to-date: /app/sp_vision/ros2_ws/install/include/sp_msgs/sp_msgs/msg/rosidl_typesupport_introspection_c__visibility_control.h\n'}
[18.466838] (sp_msgs) StdoutLine: {'line': b'-- Installing: /app/sp_vision/ros2_ws/install/lib/libsp_msgs__rosidl_typesupport_introspection_c.so\n'}
[18.479584] (-) TimerEvent: {}
[18.516671] (sp_msgs) StdoutLine: {'line': b'-- Set non-toolchain portion of runtime path of "/app/sp_vision/ros2_ws/install/lib/libsp_msgs__rosidl_typesupport_introspection_c.so" to ""\n'}
[18.550144] (sp_msgs) StdoutLine: {'line': b'-- Installing: /app/sp_vision/ros2_ws/install/lib/libsp_msgs__rosidl_typesupport_c.so\n'}
[18.579698] (-) TimerEvent: {}
[18.638415] (sp_msgs) StdoutLine: {'line': b'-- Set non-toolchain portion of runtime path of "/app/sp_vision/ros2_ws/install/lib/libsp_msgs__rosidl_typesupport_c.so" to ""\n'}
[18.649861] (sp_msgs) StdoutLine: {'line': b'-- Up-to-date: /app/sp_vision/ros2_ws/install/include/sp_msgs/sp_msgs\n'}
[18.665180] (sp_msgs) StdoutLine: {'line': b'-- Up-to-date: /app/sp_vision/ros2_ws/install/include/sp_msgs/sp_msgs/msg\n'}
[18.679868] (-) TimerEvent: {}
[18.684091] (sp_msgs) StdoutLine: {'line': b'-- Installing: /app/sp_vision/ros2_ws/install/include/sp_msgs/sp_msgs/msg/autoaim_target_msg.hpp\n'}
[18.760789] (sp_msgs) StdoutLine: {'line': b'-- Up-to-date: /app/sp_vision/ros2_ws/install/include/sp_msgs/sp_msgs/msg/detail\n'}
[18.779988] (-) TimerEvent: {}
[18.789856] (sp_msgs) StdoutLine: {'line': b'-- Installing: /app/sp_vision/ros2_ws/install/include/sp_msgs/sp_msgs/msg/detail/autoaim_target_msg__builder.hpp\n'}
[18.880107] (-) TimerEvent: {}
[18.888761] (sp_msgs) StdoutLine: {'line': b'-- Installing: /app/sp_vision/ros2_ws/install/include/sp_msgs/sp_msgs/msg/detail/autoaim_target_msg__struct.hpp\n'}
[18.955415] (sp_msgs) StdoutLine: {'line': b'-- Installing: /app/sp_vision/ros2_ws/install/include/sp_msgs/sp_msgs/msg/detail/autoaim_target_msg__traits.hpp\n'}
[18.980221] (-) TimerEvent: {}
[19.020924] (sp_msgs) StdoutLine: {'line': b'-- Installing: /app/sp_vision/ros2_ws/install/include/sp_msgs/sp_msgs/msg/detail/autoaim_target_msg__type_support.hpp\n'}
[19.080346] (-) TimerEvent: {}
[19.119263] (sp_msgs) StdoutLine: {'line': b'-- Installing: /app/sp_vision/ros2_ws/install/include/sp_msgs/sp_msgs/msg/detail/dm02_serial_copy_msg__builder.hpp\n'}
[19.180445] (sp_msgs) StdoutLine: {'line': b'-- Installing: /app/sp_vision/ros2_ws/install/include/sp_msgs/sp_msgs/msg/detail/dm02_serial_copy_msg__struct.hpp\n'}
[19.181008] (-) TimerEvent: {}
[19.263835] (sp_msgs) StdoutLine: {'line': b'-- Installing: /app/sp_vision/ros2_ws/install/include/sp_msgs/sp_msgs/msg/detail/dm02_serial_copy_msg__traits.hpp\n'}
[19.281162] (-) TimerEvent: {}
[19.329405] (sp_msgs) StdoutLine: {'line': b'-- Installing: /app/sp_vision/ros2_ws/install/include/sp_msgs/sp_msgs/msg/detail/dm02_serial_copy_msg__type_support.hpp\n'}
[19.381271] (-) TimerEvent: {}
[19.407411] (sp_msgs) StdoutLine: {'line': b'-- Installing: /app/sp_vision/ros2_ws/install/include/sp_msgs/sp_msgs/msg/detail/enemy_status_msg__builder.hpp\n'}
[19.480110] (sp_msgs) StdoutLine: {'line': b'-- Installing: /app/sp_vision/ros2_ws/install/include/sp_msgs/sp_msgs/msg/detail/enemy_status_msg__struct.hpp\n'}
[19.481340] (-) TimerEvent: {}
[19.552709] (sp_msgs) StdoutLine: {'line': b'-- Installing: /app/sp_vision/ros2_ws/install/include/sp_msgs/sp_msgs/msg/detail/enemy_status_msg__traits.hpp\n'}
[19.581459] (-) TimerEvent: {}
[19.611099] (sp_msgs) StdoutLine: {'line': b'-- Installing: /app/sp_vision/ros2_ws/install/include/sp_msgs/sp_msgs/msg/detail/enemy_status_msg__type_support.hpp\n'}
[19.681580] (-) TimerEvent: {}
[19.699567] (sp_msgs) StdoutLine: {'line': b'-- Installing: /app/sp_vision/ros2_ws/install/include/sp_msgs/sp_msgs/msg/dm02_serial_copy_msg.hpp\n'}
[19.760384] (sp_msgs) StdoutLine: {'line': b'-- Installing: /app/sp_vision/ros2_ws/install/include/sp_msgs/sp_msgs/msg/enemy_status_msg.hpp\n'}
[19.781692] (-) TimerEvent: {}
[19.841818] (sp_msgs) StdoutLine: {'line': b'-- Installing: /app/sp_vision/ros2_ws/install/include/sp_msgs/sp_msgs/msg/rosidl_generator_cpp__visibility_control.hpp\n'}
[19.881821] (-) TimerEvent: {}
[19.909272] (sp_msgs) StdoutLine: {'line': b'-- Up-to-date: /app/sp_vision/ros2_ws/install/include/sp_msgs/sp_msgs\n'}
[19.932461] (sp_msgs) StdoutLine: {'line': b'-- Up-to-date: /app/sp_vision/ros2_ws/install/include/sp_msgs/sp_msgs/msg\n'}
[19.981940] (-) TimerEvent: {}
[19.985716] (sp_msgs) StdoutLine: {'line': b'-- Up-to-date: /app/sp_vision/ros2_ws/install/include/sp_msgs/sp_msgs/msg/detail\n'}
[20.014294] (sp_msgs) StdoutLine: {'line': b'-- Installing: /app/sp_vision/ros2_ws/install/include/sp_msgs/sp_msgs/msg/detail/autoaim_target_msg__rosidl_typesupport_fastrtps_cpp.hpp\n'}
[20.079635] (sp_msgs) StdoutLine: {'line': b'-- Up-to-date: /app/sp_vision/ros2_ws/install/include/sp_msgs/sp_msgs/msg/detail/dds_fastrtps\n'}
[20.082027] (-) TimerEvent: {}
[20.112966] (sp_msgs) StdoutLine: {'line': b'-- Installing: /app/sp_vision/ros2_ws/install/include/sp_msgs/sp_msgs/msg/detail/dm02_serial_copy_msg__rosidl_typesupport_fastrtps_cpp.hpp\n'}
[20.169344] (sp_msgs) StdoutLine: {'line': b'-- Installing: /app/sp_vision/ros2_ws/install/include/sp_msgs/sp_msgs/msg/detail/enemy_status_msg__rosidl_typesupport_fastrtps_cpp.hpp\n'}
[20.182156] (-) TimerEvent: {}
[20.227178] (sp_msgs) StdoutLine: {'line': b'-- Up-to-date: /app/sp_vision/ros2_ws/install/include/sp_msgs/sp_msgs/msg/rosidl_typesupport_fastrtps_cpp__visibility_control.h\n'}
[20.248452] (sp_msgs) StdoutLine: {'line': b'-- Installing: /app/sp_vision/ros2_ws/install/lib/libsp_msgs__rosidl_typesupport_fastrtps_cpp.so\n'}
[20.282275] (-) TimerEvent: {}
[20.314476] (sp_msgs) StdoutLine: {'line': b'-- Set non-toolchain portion of runtime path of "/app/sp_vision/ros2_ws/install/lib/libsp_msgs__rosidl_typesupport_fastrtps_cpp.so" to ""\n'}
[20.323868] (sp_msgs) StdoutLine: {'line': b'-- Up-to-date: /app/sp_vision/ros2_ws/install/include/sp_msgs/sp_msgs\n'}
[20.339206] (sp_msgs) StdoutLine: {'line': b'-- Up-to-date: /app/sp_vision/ros2_ws/install/include/sp_msgs/sp_msgs/msg\n'}
[20.359917] (sp_msgs) StdoutLine: {'line': b'-- Up-to-date: /app/sp_vision/ros2_ws/install/include/sp_msgs/sp_msgs/msg/detail\n'}
[20.382421] (-) TimerEvent: {}
[20.385466] (sp_msgs) StdoutLine: {'line': b'-- Installing: /app/sp_vision/ros2_ws/install/include/sp_msgs/sp_msgs/msg/detail/autoaim_target_msg__rosidl_typesupport_introspection_cpp.hpp\n'}
[20.439898] (sp_msgs) StdoutLine: {'line': b'-- Installing: /app/sp_vision/ros2_ws/install/include/sp_msgs/sp_msgs/msg/detail/autoaim_target_msg__type_support.cpp\n'}
[20.482573] (-) TimerEvent: {}
[20.542189] (sp_msgs) StdoutLine: {'line': b'-- Installing: /app/sp_vision/ros2_ws/install/include/sp_msgs/sp_msgs/msg/detail/dm02_serial_copy_msg__rosidl_typesupport_introspection_cpp.hpp\n'}
[20.582707] (-) TimerEvent: {}
[20.654304] (sp_msgs) StdoutLine: {'line': b'-- Installing: /app/sp_vision/ros2_ws/install/include/sp_msgs/sp_msgs/msg/detail/dm02_serial_copy_msg__type_support.cpp\n'}
[20.682834] (-) TimerEvent: {}
[20.751673] (sp_msgs) StdoutLine: {'line': b'-- Installing: /app/sp_vision/ros2_ws/install/include/sp_msgs/sp_msgs/msg/detail/enemy_status_msg__rosidl_typesupport_introspection_cpp.hpp\n'}
[20.782969] (-) TimerEvent: {}
[20.859858] (sp_msgs) StdoutLine: {'line': b'-- Installing: /app/sp_vision/ros2_ws/install/include/sp_msgs/sp_msgs/msg/detail/enemy_status_msg__type_support.cpp\n'}
[20.883136] (-) TimerEvent: {}
[20.970167] (sp_msgs) StdoutLine: {'line': b'-- Installing: /app/sp_vision/ros2_ws/install/lib/libsp_msgs__rosidl_typesupport_introspection_cpp.so\n'}
[20.983290] (-) TimerEvent: {}
[21.057050] (sp_msgs) StdoutLine: {'line': b'-- Set non-toolchain portion of runtime path of "/app/sp_vision/ros2_ws/install/lib/libsp_msgs__rosidl_typesupport_introspection_cpp.so" to ""\n'}
[21.083412] (-) TimerEvent: {}
[21.098693] (sp_msgs) StdoutLine: {'line': b'-- Installing: /app/sp_vision/ros2_ws/install/lib/libsp_msgs__rosidl_typesupport_cpp.so\n'}
[21.170750] (sp_msgs) StdoutLine: {'line': b'-- Set non-toolchain portion of runtime path of "/app/sp_vision/ros2_ws/install/lib/libsp_msgs__rosidl_typesupport_cpp.so" to ""\n'}
[21.183537] (-) TimerEvent: {}
[21.188771] (sp_msgs) StdoutLine: {'line': b'-- Up-to-date: /app/sp_vision/ros2_ws/install/share/sp_msgs/environment/pythonpath.sh\n'}
[21.206289] (sp_msgs) StdoutLine: {'line': b'-- Up-to-date: /app/sp_vision/ros2_ws/install/share/sp_msgs/environment/pythonpath.dsv\n'}
[21.224794] (sp_msgs) StdoutLine: {'line': b'-- Up-to-date: /app/sp_vision/ros2_ws/install/lib/python3.12/site-packages/sp_msgs-0.0.1-py3.12.egg-info\n'}
[21.259443] (sp_msgs) StdoutLine: {'line': b'-- Installing: /app/sp_vision/ros2_ws/install/lib/python3.12/site-packages/sp_msgs-0.0.1-py3.12.egg-info/dependency_links.txt\n'}
[21.283664] (-) TimerEvent: {}
[21.322864] (sp_msgs) StdoutLine: {'line': b'-- Installing: /app/sp_vision/ros2_ws/install/lib/python3.12/site-packages/sp_msgs-0.0.1-py3.12.egg-info/PKG-INFO\n'}
[21.383836] (-) TimerEvent: {}
[21.405691] (sp_msgs) StdoutLine: {'line': b'-- Installing: /app/sp_vision/ros2_ws/install/lib/python3.12/site-packages/sp_msgs-0.0.1-py3.12.egg-info/SOURCES.txt\n'}
[21.484004] (-) TimerEvent: {}
[21.490399] (sp_msgs) StdoutLine: {'line': b'-- Installing: /app/sp_vision/ros2_ws/install/lib/python3.12/site-packages/sp_msgs-0.0.1-py3.12.egg-info/top_level.txt\n'}
[21.584122] (-) TimerEvent: {}
[21.585980] (sp_msgs) StdoutLine: {'line': b'-- Up-to-date: /app/sp_vision/ros2_ws/install/lib/python3.12/site-packages/sp_msgs\n'}
[21.614205] (sp_msgs) StdoutLine: {'line': b'-- Up-to-date: /app/sp_vision/ros2_ws/install/lib/python3.12/site-packages/sp_msgs/msg\n'}
[21.654759] (sp_msgs) StdoutLine: {'line': b'-- Installing: /app/sp_vision/ros2_ws/install/lib/python3.12/site-packages/sp_msgs/msg/_autoaim_target_msg.py\n'}
[21.684281] (-) TimerEvent: {}
[21.734499] (sp_msgs) StdoutLine: {'line': b'-- Installing: /app/sp_vision/ros2_ws/install/lib/python3.12/site-packages/sp_msgs/msg/_autoaim_target_msg_s.c\n'}
[21.784417] (-) TimerEvent: {}
[21.854600] (sp_msgs) StdoutLine: {'line': b'-- Installing: /app/sp_vision/ros2_ws/install/lib/python3.12/site-packages/sp_msgs/msg/_dm02_serial_copy_msg.py\n'}
[21.884564] (-) TimerEvent: {}
[21.963073] (sp_msgs) StdoutLine: {'line': b'-- Installing: /app/sp_vision/ros2_ws/install/lib/python3.12/site-packages/sp_msgs/msg/_dm02_serial_copy_msg_s.c\n'}
[21.984691] (-) TimerEvent: {}
[22.064155] (sp_msgs) StdoutLine: {'line': b'-- Installing: /app/sp_vision/ros2_ws/install/lib/python3.12/site-packages/sp_msgs/msg/_enemy_status_msg.py\n'}
[22.084846] (-) TimerEvent: {}
[22.170413] (sp_msgs) StdoutLine: {'line': b'-- Installing: /app/sp_vision/ros2_ws/install/lib/python3.12/site-packages/sp_msgs/msg/_enemy_status_msg_s.c\n'}
[22.184969] (-) TimerEvent: {}
[22.247915] (sp_msgs) StdoutLine: {'line': b'-- Installing: /app/sp_vision/ros2_ws/install/lib/python3.12/site-packages/sp_msgs/msg/__init__.py\n'}
[22.285140] (-) TimerEvent: {}
[22.333778] (sp_msgs) StdoutLine: {'line': b'-- Installing: /app/sp_vision/ros2_ws/install/lib/python3.12/site-packages/sp_msgs/sp_msgs_s__rosidl_typesupport_c.so\n'}
[22.385239] (-) TimerEvent: {}
[22.401371] (sp_msgs) StdoutLine: {'line': b'-- Installing: /app/sp_vision/ros2_ws/install/lib/python3.12/site-packages/sp_msgs/sp_msgs_s__rosidl_typesupport_fastrtps_c.so\n'}
[22.465615] (sp_msgs) StdoutLine: {'line': b'-- Installing: /app/sp_vision/ros2_ws/install/lib/python3.12/site-packages/sp_msgs/sp_msgs_s__rosidl_typesupport_introspection_c.so\n'}
[22.485367] (-) TimerEvent: {}
[22.528979] (sp_msgs) StdoutLine: {'line': b'-- Installing: /app/sp_vision/ros2_ws/install/lib/python3.12/site-packages/sp_msgs/_sp_msgs_s.ep.rosidl_typesupport_c.c\n'}
[22.585544] (-) TimerEvent: {}
[22.602943] (sp_msgs) StdoutLine: {'line': b'-- Installing: /app/sp_vision/ros2_ws/install/lib/python3.12/site-packages/sp_msgs/_sp_msgs_s.ep.rosidl_typesupport_fastrtps_c.c\n'}
[22.678685] (sp_msgs) StdoutLine: {'line': b'-- Installing: /app/sp_vision/ros2_ws/install/lib/python3.12/site-packages/sp_msgs/_sp_msgs_s.ep.rosidl_typesupport_introspection_c.c\n'}
[22.685661] (-) TimerEvent: {}
[22.754830] (sp_msgs) StdoutLine: {'line': b'-- Installing: /app/sp_vision/ros2_ws/install/lib/python3.12/site-packages/sp_msgs/__init__.py\n'}
[22.785823] (-) TimerEvent: {}
[22.886170] (-) TimerEvent: {}
[22.986524] (-) TimerEvent: {}
[23.086804] (-) TimerEvent: {}
[23.128994] (sp_msgs) StdoutLine: {'line': b"Listing '/app/sp_vision/ros2_ws/install/lib/python3.12/site-packages/sp_msgs'...\n"}
[23.129692] (sp_msgs) StdoutLine: {'line': b"Compiling '/app/sp_vision/ros2_ws/install/lib/python3.12/site-packages/sp_msgs/__init__.py'...\n"}
[23.130230] (sp_msgs) StdoutLine: {'line': b"Listing '/app/sp_vision/ros2_ws/install/lib/python3.12/site-packages/sp_msgs/msg'...\n"}
[23.131410] (sp_msgs) StdoutLine: {'line': b"Compiling '/app/sp_vision/ros2_ws/install/lib/python3.12/site-packages/sp_msgs/msg/__init__.py'...\n"}
[23.137002] (sp_msgs) StdoutLine: {'line': b"Compiling '/app/sp_vision/ros2_ws/install/lib/python3.12/site-packages/sp_msgs/msg/_autoaim_target_msg.py'...\n"}
[23.139566] (sp_msgs) StdoutLine: {'line': b"Compiling '/app/sp_vision/ros2_ws/install/lib/python3.12/site-packages/sp_msgs/msg/_dm02_serial_copy_msg.py'...\n"}
[23.141300] (sp_msgs) StdoutLine: {'line': b"Compiling '/app/sp_vision/ros2_ws/install/lib/python3.12/site-packages/sp_msgs/msg/_enemy_status_msg.py'...\n"}
[23.186930] (-) TimerEvent: {}
[23.196250] (sp_msgs) StdoutLine: {'line': b'-- Installing: /app/sp_vision/ros2_ws/install/lib/python3.12/site-packages/sp_msgs/sp_msgs_s__rosidl_typesupport_fastrtps_c.so\n'}
[23.285357] (sp_msgs) StdoutLine: {'line': b'-- Set non-toolchain portion of runtime path of "/app/sp_vision/ros2_ws/install/lib/python3.12/site-packages/sp_msgs/sp_msgs_s__rosidl_typesupport_fastrtps_c.so" to ""\n'}
[23.287084] (-) TimerEvent: {}
[23.332391] (sp_msgs) StdoutLine: {'line': b'-- Installing: /app/sp_vision/ros2_ws/install/lib/python3.12/site-packages/sp_msgs/sp_msgs_s__rosidl_typesupport_introspection_c.so\n'}
[23.387216] (-) TimerEvent: {}
[23.415891] (sp_msgs) StdoutLine: {'line': b'-- Set non-toolchain portion of runtime path of "/app/sp_vision/ros2_ws/install/lib/python3.12/site-packages/sp_msgs/sp_msgs_s__rosidl_typesupport_introspection_c.so" to ""\n'}
[23.471812] (sp_msgs) StdoutLine: {'line': b'-- Installing: /app/sp_vision/ros2_ws/install/lib/python3.12/site-packages/sp_msgs/sp_msgs_s__rosidl_typesupport_c.so\n'}
[23.487378] (-) TimerEvent: {}
[23.588249] (-) TimerEvent: {}
[23.688739] (-) TimerEvent: {}
[23.745224] (sp_msgs) StdoutLine: {'line': b'-- Set non-toolchain portion of runtime path of "/app/sp_vision/ros2_ws/install/lib/python3.12/site-packages/sp_msgs/sp_msgs_s__rosidl_typesupport_c.so" to ""\n'}
[23.782637] (sp_msgs) StdoutLine: {'line': b'-- Installing: /app/sp_vision/ros2_ws/install/lib/libsp_msgs__rosidl_generator_py.so\n'}
[23.788867] (-) TimerEvent: {}
[23.889279] (-) TimerEvent: {}
[23.897812] (sp_msgs) StdoutLine: {'line': b'-- Set non-toolchain portion of runtime path of "/app/sp_vision/ros2_ws/install/lib/libsp_msgs__rosidl_generator_py.so" to ""\n'}
[23.919712] (sp_msgs) StdoutLine: {'line': b'-- Up-to-date: /app/sp_vision/ros2_ws/install/share/sp_msgs/msg/EnemyStatusMsg.idl\n'}
[23.944494] (sp_msgs) StdoutLine: {'line': b'-- Up-to-date: /app/sp_vision/ros2_ws/install/share/sp_msgs/msg/AutoaimTargetMsg.idl\n'}
[23.961884] (sp_msgs) StdoutLine: {'line': b'-- Installing: /app/sp_vision/ros2_ws/install/share/sp_msgs/msg/Dm02SerialCopyMsg.idl\n'}
[23.989395] (-) TimerEvent: {}
[24.020315] (sp_msgs) StdoutLine: {'line': b'-- Up-to-date: /app/sp_vision/ros2_ws/install/share/sp_msgs/msg/EnemyStatusMsg.msg\n'}
[24.051892] (sp_msgs) StdoutLine: {'line': b'-- Up-to-date: /app/sp_vision/ros2_ws/install/share/sp_msgs/msg/AutoaimTargetMsg.msg\n'}
[24.068629] (sp_msgs) StdoutLine: {'line': b'-- Installing: /app/sp_vision/ros2_ws/install/share/sp_msgs/msg/Dm02SerialCopyMsg.msg\n'}
[24.089584] (-) TimerEvent: {}
[24.124728] (sp_msgs) StdoutLine: {'line': b'-- Up-to-date: /app/sp_vision/ros2_ws/install/share/ament_index/resource_index/package_run_dependencies/sp_msgs\n'}
[24.148271] (sp_msgs) StdoutLine: {'line': b'-- Up-to-date: /app/sp_vision/ros2_ws/install/share/ament_index/resource_index/parent_prefix_path/sp_msgs\n'}
[24.162010] (sp_msgs) StdoutLine: {'line': b'-- Up-to-date: /app/sp_vision/ros2_ws/install/share/sp_msgs/environment/ament_prefix_path.sh\n'}
[24.175844] (sp_msgs) StdoutLine: {'line': b'-- Up-to-date: /app/sp_vision/ros2_ws/install/share/sp_msgs/environment/ament_prefix_path.dsv\n'}
[24.186605] (sp_msgs) StdoutLine: {'line': b'-- Up-to-date: /app/sp_vision/ros2_ws/install/share/sp_msgs/environment/path.sh\n'}
[24.189670] (-) TimerEvent: {}
[24.204822] (sp_msgs) StdoutLine: {'line': b'-- Up-to-date: /app/sp_vision/ros2_ws/install/share/sp_msgs/environment/path.dsv\n'}
[24.218597] (sp_msgs) StdoutLine: {'line': b'-- Up-to-date: /app/sp_vision/ros2_ws/install/share/sp_msgs/local_setup.bash\n'}
[24.230111] (sp_msgs) StdoutLine: {'line': b'-- Up-to-date: /app/sp_vision/ros2_ws/install/share/sp_msgs/local_setup.sh\n'}
[24.237589] (sp_msgs) StdoutLine: {'line': b'-- Up-to-date: /app/sp_vision/ros2_ws/install/share/sp_msgs/local_setup.zsh\n'}
[24.247318] (sp_msgs) StdoutLine: {'line': b'-- Up-to-date: /app/sp_vision/ros2_ws/install/share/sp_msgs/local_setup.dsv\n'}
[24.256084] (sp_msgs) StdoutLine: {'line': b'-- Installing: /app/sp_vision/ros2_ws/install/share/sp_msgs/package.dsv\n'}
[24.289839] (-) TimerEvent: {}
[24.308899] (sp_msgs) StdoutLine: {'line': b'-- Up-to-date: /app/sp_vision/ros2_ws/install/share/ament_index/resource_index/packages/sp_msgs\n'}
[24.332715] (sp_msgs) StdoutLine: {'line': b'-- Up-to-date: /app/sp_vision/ros2_ws/install/share/sp_msgs/cmake/export_sp_msgs__rosidl_generator_cExport.cmake\n'}
[24.350478] (sp_msgs) StdoutLine: {'line': b'-- Up-to-date: /app/sp_vision/ros2_ws/install/share/sp_msgs/cmake/export_sp_msgs__rosidl_generator_cExport-noconfig.cmake\n'}
[24.377956] (sp_msgs) StdoutLine: {'line': b'-- Up-to-date: /app/sp_vision/ros2_ws/install/share/sp_msgs/cmake/export_sp_msgs__rosidl_typesupport_fastrtps_cExport.cmake\n'}
[24.389962] (-) TimerEvent: {}
[24.409124] (sp_msgs) StdoutLine: {'line': b'-- Up-to-date: /app/sp_vision/ros2_ws/install/share/sp_msgs/cmake/export_sp_msgs__rosidl_typesupport_fastrtps_cExport-noconfig.cmake\n'}
[24.436655] (sp_msgs) StdoutLine: {'line': b'-- Up-to-date: /app/sp_vision/ros2_ws/install/share/sp_msgs/cmake/sp_msgs__rosidl_typesupport_introspection_cExport.cmake\n'}
[24.453705] (sp_msgs) StdoutLine: {'line': b'-- Up-to-date: /app/sp_vision/ros2_ws/install/share/sp_msgs/cmake/sp_msgs__rosidl_typesupport_introspection_cExport-noconfig.cmake\n'}
[24.482304] (sp_msgs) StdoutLine: {'line': b'-- Up-to-date: /app/sp_vision/ros2_ws/install/share/sp_msgs/cmake/sp_msgs__rosidl_typesupport_cExport.cmake\n'}
[24.490102] (-) TimerEvent: {}
[24.499785] (sp_msgs) StdoutLine: {'line': b'-- Up-to-date: /app/sp_vision/ros2_ws/install/share/sp_msgs/cmake/sp_msgs__rosidl_typesupport_cExport-noconfig.cmake\n'}
[24.526152] (sp_msgs) StdoutLine: {'line': b'-- Up-to-date: /app/sp_vision/ros2_ws/install/share/sp_msgs/cmake/export_sp_msgs__rosidl_generator_cppExport.cmake\n'}
[24.546986] (sp_msgs) StdoutLine: {'line': b'-- Up-to-date: /app/sp_vision/ros2_ws/install/share/sp_msgs/cmake/export_sp_msgs__rosidl_typesupport_fastrtps_cppExport.cmake\n'}
[24.569005] (sp_msgs) StdoutLine: {'line': b'-- Up-to-date: /app/sp_vision/ros2_ws/install/share/sp_msgs/cmake/export_sp_msgs__rosidl_typesupport_fastrtps_cppExport-noconfig.cmake\n'}
[24.590214] (-) TimerEvent: {}
[24.597294] (sp_msgs) StdoutLine: {'line': b'-- Up-to-date: /app/sp_vision/ros2_ws/install/share/sp_msgs/cmake/sp_msgs__rosidl_typesupport_introspection_cppExport.cmake\n'}
[24.633752] (sp_msgs) StdoutLine: {'line': b'-- Up-to-date: /app/sp_vision/ros2_ws/install/share/sp_msgs/cmake/sp_msgs__rosidl_typesupport_introspection_cppExport-noconfig.cmake\n'}
[24.666969] (sp_msgs) StdoutLine: {'line': b'-- Up-to-date: /app/sp_vision/ros2_ws/install/share/sp_msgs/cmake/sp_msgs__rosidl_typesupport_cppExport.cmake\n'}
[24.686655] (sp_msgs) StdoutLine: {'line': b'-- Up-to-date: /app/sp_vision/ros2_ws/install/share/sp_msgs/cmake/sp_msgs__rosidl_typesupport_cppExport-noconfig.cmake\n'}
[24.690326] (-) TimerEvent: {}
[24.715994] (sp_msgs) StdoutLine: {'line': b'-- Up-to-date: /app/sp_vision/ros2_ws/install/share/sp_msgs/cmake/export_sp_msgs__rosidl_generator_pyExport.cmake\n'}
[24.733623] (sp_msgs) StdoutLine: {'line': b'-- Up-to-date: /app/sp_vision/ros2_ws/install/share/sp_msgs/cmake/export_sp_msgs__rosidl_generator_pyExport-noconfig.cmake\n'}
[24.748314] (sp_msgs) StdoutLine: {'line': b'-- Installing: /app/sp_vision/ros2_ws/install/share/sp_msgs/cmake/rosidl_cmake-extras.cmake\n'}
[24.790446] (-) TimerEvent: {}
[24.790979] (sp_msgs) StdoutLine: {'line': b'-- Up-to-date: /app/sp_vision/ros2_ws/install/share/sp_msgs/cmake/ament_cmake_export_dependencies-extras.cmake\n'}
[24.813449] (sp_msgs) StdoutLine: {'line': b'-- Up-to-date: /app/sp_vision/ros2_ws/install/share/sp_msgs/cmake/ament_cmake_export_include_directories-extras.cmake\n'}
[24.829475] (sp_msgs) StdoutLine: {'line': b'-- Up-to-date: /app/sp_vision/ros2_ws/install/share/sp_msgs/cmake/ament_cmake_export_libraries-extras.cmake\n'}
[24.890613] (-) TimerEvent: {}
[24.895701] (sp_msgs) StdoutLine: {'line': b'-- Up-to-date: /app/sp_vision/ros2_ws/install/share/sp_msgs/cmake/ament_cmake_export_targets-extras.cmake\n'}
[24.904684] (sp_msgs) StdoutLine: {'line': b'-- Up-to-date: /app/sp_vision/ros2_ws/install/share/sp_msgs/cmake/rosidl_cmake_export_typesupport_targets-extras.cmake\n'}
[24.921377] (sp_msgs) StdoutLine: {'line': b'-- Up-to-date: /app/sp_vision/ros2_ws/install/share/sp_msgs/cmake/rosidl_cmake_export_typesupport_libraries-extras.cmake\n'}
[24.935938] (sp_msgs) StdoutLine: {'line': b'-- Up-to-date: /app/sp_vision/ros2_ws/install/share/sp_msgs/cmake/sp_msgsConfig.cmake\n'}
[24.959752] (sp_msgs) StdoutLine: {'line': b'-- Up-to-date: /app/sp_vision/ros2_ws/install/share/sp_msgs/cmake/sp_msgsConfig-version.cmake\n'}
[24.968883] (sp_msgs) StdoutLine: {'line': b'-- Up-to-date: /app/sp_vision/ros2_ws/install/share/sp_msgs/package.xml\n'}
[24.980637] (sp_msgs) CommandEnded: {'returncode': 0}
[24.990714] (-) TimerEvent: {}
[25.093889] (-) TimerEvent: {}
[25.194374] (-) TimerEvent: {}
[25.294970] (-) TimerEvent: {}
[25.395275] (-) TimerEvent: {}
[25.495581] (-) TimerEvent: {}
[25.573455] (sp_msgs) JobEnded: {'identifier': 'sp_msgs', 'rc': 0}
[25.595023] (-) EventReactorShutdown: {}
