[0.118s] DEBUG:colcon:Command line arguments: ['/usr/bin/colcon', 'build', '--merge-install', '--symlink-install', '--packages-up-to', 'sp_msgs']
[0.119s] DEBUG:colcon:Parsed command line arguments: Namespace(log_base=None, log_level=None, verb_name='build', build_base='build', install_base='install', merge_install=True, symlink_install=True, test_result_base=None, continue_on_error=False, executor='parallel', parallel_workers=20, event_handlers=None, ignore_user_meta=False, metas=['./colcon.meta'], base_paths=['.'], packages_ignore=None, packages_ignore_regex=None, paths=None, packages_up_to=['sp_msgs'], packages_up_to_regex=None, packages_above=None, packages_above_and_dependencies=None, packages_above_depth=None, packages_select_by_dep=None, packages_skip_by_dep=None, packages_skip_up_to=None, packages_select_build_failed=False, packages_skip_build_finished=False, packages_select_test_failures=False, packages_skip_test_passed=False, packages_select=None, packages_skip=None, packages_select_regex=None, packages_skip_regex=None, packages_start=None, packages_end=None, cmake_args=None, cmake_target=None, cmake_target_skip_unavailable=False, cmake_clean_cache=False, cmake_clean_first=False, cmake_force_configure=False, ament_cmake_args=None, catkin_cmake_args=None, catkin_skip_building_tests=False, verb_parser=<colcon_defaults.argument_parser.defaults.DefaultArgumentsDecorator object at 0x70a6d43b7650>, verb_extension=<colcon_core.verb.build.BuildVerb object at 0x70a6d43b7380>, main=<bound method BuildVerb.main of <colcon_core.verb.build.BuildVerb object at 0x70a6d43b7380>>)
[0.160s] Level 1:colcon.colcon_core.package_discovery:discover_packages(colcon_meta) check parameters
[0.161s] Level 1:colcon.colcon_core.package_discovery:discover_packages(recursive) check parameters
[0.162s] Level 1:colcon.colcon_core.package_discovery:discover_packages(ignore) check parameters
[0.162s] Level 1:colcon.colcon_core.package_discovery:discover_packages(path) check parameters
[0.163s] Level 1:colcon.colcon_core.package_discovery:discover_packages(colcon_meta) discover
[0.163s] Level 1:colcon.colcon_core.package_discovery:discover_packages(recursive) discover
[0.163s] INFO:colcon.colcon_core.package_discovery:Crawling recursively for packages in '/app/sp_vision/ros2_ws'
[0.164s] Level 1:colcon.colcon_core.package_identification:_identify(.) by extensions ['ignore', 'ignore_ament_install']
[0.165s] Level 1:colcon.colcon_core.package_identification:_identify(.) by extension 'ignore'
[0.165s] Level 1:colcon.colcon_core.package_identification:_identify(.) by extension 'ignore_ament_install'
[0.165s] Level 1:colcon.colcon_core.package_identification:_identify(.) by extensions ['colcon_pkg']
[0.166s] Level 1:colcon.colcon_core.package_identification:_identify(.) by extension 'colcon_pkg'
[0.166s] Level 1:colcon.colcon_core.package_identification:_identify(.) by extensions ['colcon_meta']
[0.166s] Level 1:colcon.colcon_core.package_identification:_identify(.) by extension 'colcon_meta'
[0.166s] Level 1:colcon.colcon_core.package_identification:_identify(.) by extensions ['ros']
[0.166s] Level 1:colcon.colcon_core.package_identification:_identify(.) by extension 'ros'
[0.185s] Level 1:colcon.colcon_core.package_identification:_identify(.) by extensions ['cmake', 'python']
[0.186s] Level 1:colcon.colcon_core.package_identification:_identify(.) by extension 'cmake'
[0.186s] Level 1:colcon.colcon_core.package_identification:_identify(.) by extension 'python'
[0.186s] Level 1:colcon.colcon_core.package_identification:_identify(.) by extensions ['python_setup_py']
[0.186s] Level 1:colcon.colcon_core.package_identification:_identify(.) by extension 'python_setup_py'
[0.189s] Level 1:colcon.colcon_core.package_identification:_identify(build) by extensions ['ignore', 'ignore_ament_install']
[0.189s] Level 1:colcon.colcon_core.package_identification:_identify(build) by extension 'ignore'
[0.190s] Level 1:colcon.colcon_core.package_identification:_identify(build) ignored
[0.192s] Level 1:colcon.colcon_core.package_identification:_identify(install) by extensions ['ignore', 'ignore_ament_install']
[0.192s] Level 1:colcon.colcon_core.package_identification:_identify(install) by extension 'ignore'
[0.194s] Level 1:colcon.colcon_core.package_identification:_identify(install) ignored
[0.198s] Level 1:colcon.colcon_core.package_identification:_identify(log) by extensions ['ignore', 'ignore_ament_install']
[0.198s] Level 1:colcon.colcon_core.package_identification:_identify(log) by extension 'ignore'
[0.198s] Level 1:colcon.colcon_core.package_identification:_identify(log) ignored
[0.200s] Level 1:colcon.colcon_core.package_identification:_identify(src) by extensions ['ignore', 'ignore_ament_install']
[0.200s] Level 1:colcon.colcon_core.package_identification:_identify(src) by extension 'ignore'
[0.201s] Level 1:colcon.colcon_core.package_identification:_identify(src) by extension 'ignore_ament_install'
[0.201s] Level 1:colcon.colcon_core.package_identification:_identify(src) by extensions ['colcon_pkg']
[0.202s] Level 1:colcon.colcon_core.package_identification:_identify(src) by extension 'colcon_pkg'
[0.202s] Level 1:colcon.colcon_core.package_identification:_identify(src) by extensions ['colcon_meta']
[0.202s] Level 1:colcon.colcon_core.package_identification:_identify(src) by extension 'colcon_meta'
[0.203s] Level 1:colcon.colcon_core.package_identification:_identify(src) by extensions ['ros']
[0.203s] Level 1:colcon.colcon_core.package_identification:_identify(src) by extension 'ros'
[0.205s] Level 1:colcon.colcon_core.package_identification:_identify(src) by extensions ['cmake', 'python']
[0.205s] Level 1:colcon.colcon_core.package_identification:_identify(src) by extension 'cmake'
[0.205s] Level 1:colcon.colcon_core.package_identification:_identify(src) by extension 'python'
[0.206s] Level 1:colcon.colcon_core.package_identification:_identify(src) by extensions ['python_setup_py']
[0.206s] Level 1:colcon.colcon_core.package_identification:_identify(src) by extension 'python_setup_py'
[0.209s] Level 1:colcon.colcon_core.package_identification:_identify(src/sp_msgs) by extensions ['ignore', 'ignore_ament_install']
[0.210s] Level 1:colcon.colcon_core.package_identification:_identify(src/sp_msgs) by extension 'ignore'
[0.212s] Level 1:colcon.colcon_core.package_identification:_identify(src/sp_msgs) by extension 'ignore_ament_install'
[0.215s] Level 1:colcon.colcon_core.package_identification:_identify(src/sp_msgs) by extensions ['colcon_pkg']
[0.215s] Level 1:colcon.colcon_core.package_identification:_identify(src/sp_msgs) by extension 'colcon_pkg'
[0.216s] Level 1:colcon.colcon_core.package_identification:_identify(src/sp_msgs) by extensions ['colcon_meta']
[0.216s] Level 1:colcon.colcon_core.package_identification:_identify(src/sp_msgs) by extension 'colcon_meta'
[0.217s] Level 1:colcon.colcon_core.package_identification:_identify(src/sp_msgs) by extensions ['ros']
[0.217s] Level 1:colcon.colcon_core.package_identification:_identify(src/sp_msgs) by extension 'ros'
[0.227s] DEBUG:colcon.colcon_core.package_identification:Package 'src/sp_msgs' with type 'ros.catkin' and name 'sp_msgs'
[0.228s] Level 1:colcon.colcon_core.package_discovery:discover_packages(recursive) using defaults
[0.228s] Level 1:colcon.colcon_core.package_discovery:discover_packages(ignore) discover
[0.228s] Level 1:colcon.colcon_core.package_discovery:discover_packages(ignore) using defaults
[0.228s] Level 1:colcon.colcon_core.package_discovery:discover_packages(path) discover
[0.228s] Level 1:colcon.colcon_core.package_discovery:discover_packages(path) using defaults
[0.250s] Level 5:colcon.colcon_core.verb:set package 'sp_msgs' build argument 'cmake_args' from command line to 'None'
[0.251s] Level 5:colcon.colcon_core.verb:set package 'sp_msgs' build argument 'cmake_target' from command line to 'None'
[0.251s] Level 5:colcon.colcon_core.verb:set package 'sp_msgs' build argument 'cmake_target_skip_unavailable' from command line to 'False'
[0.251s] Level 5:colcon.colcon_core.verb:set package 'sp_msgs' build argument 'cmake_clean_cache' from command line to 'False'
[0.251s] Level 5:colcon.colcon_core.verb:set package 'sp_msgs' build argument 'cmake_clean_first' from command line to 'False'
[0.251s] Level 5:colcon.colcon_core.verb:set package 'sp_msgs' build argument 'cmake_force_configure' from command line to 'False'
[0.251s] Level 5:colcon.colcon_core.verb:set package 'sp_msgs' build argument 'ament_cmake_args' from command line to 'None'
[0.251s] Level 5:colcon.colcon_core.verb:set package 'sp_msgs' build argument 'catkin_cmake_args' from command line to 'None'
[0.251s] Level 5:colcon.colcon_core.verb:set package 'sp_msgs' build argument 'catkin_skip_building_tests' from command line to 'False'
[0.251s] DEBUG:colcon.colcon_core.verb:Building package 'sp_msgs' with the following arguments: {'ament_cmake_args': None, 'build_base': '/app/sp_vision/ros2_ws/build/sp_msgs', 'catkin_cmake_args': None, 'catkin_skip_building_tests': False, 'cmake_args': None, 'cmake_clean_cache': False, 'cmake_clean_first': False, 'cmake_force_configure': False, 'cmake_target': None, 'cmake_target_skip_unavailable': False, 'install_base': '/app/sp_vision/ros2_ws/install', 'merge_install': True, 'path': '/app/sp_vision/ros2_ws/src/sp_msgs', 'symlink_install': True, 'test_result_base': None}
[0.251s] INFO:colcon.colcon_core.executor:Executing jobs using 'parallel' executor
[0.252s] DEBUG:colcon.colcon_parallel_executor.executor.parallel:run_until_complete
[0.253s] INFO:colcon.colcon_ros.task.catkin.build:Building ROS package in '/app/sp_vision/ros2_ws/src/sp_msgs' with build type 'catkin'
[0.253s] INFO:colcon.colcon_cmake.task.cmake.build:Building CMake package in '/app/sp_vision/ros2_ws/src/sp_msgs'
[0.254s] INFO:colcon.colcon_core.plugin_system:Skipping extension 'colcon_core.shell.bat': Not used on non-Windows systems
[0.255s] INFO:colcon.colcon_core.shell:Skip shell extension 'powershell' for command environment: Not usable outside of PowerShell
[0.255s] DEBUG:colcon.colcon_core.shell:Skip shell extension 'dsv' for command environment
[0.256s] WARNING:colcon.colcon_ros.prefix_path.catkin:The path '/opt/intel/openvino_latest/runtime/cmake' in the environment variable CMAKE_PREFIX_PATH doesn't exist
[0.257s] WARNING:colcon.colcon_ros.prefix_path.catkin:The path '/usr/lib/cmake/openvino' in the environment variable CMAKE_PREFIX_PATH doesn't exist
[0.299s] DEBUG:colcon.colcon_core.event_handler.log_command:Invoking command in '/app/sp_vision/ros2_ws/build/sp_msgs': DEBUGINFOD_URLS=https://debuginfod.ubuntu.com /usr/bin/cmake --build /app/sp_vision/ros2_ws/build/sp_msgs -- -j20 -l20
[15.695s] DEBUG:colcon.colcon_core.event_handler.log_command:Invoked command in '/app/sp_vision/ros2_ws/build/sp_msgs' returned '0': DEBUGINFOD_URLS=https://debuginfod.ubuntu.com /usr/bin/cmake --build /app/sp_vision/ros2_ws/build/sp_msgs -- -j20 -l20
[15.734s] DEBUG:colcon.colcon_core.event_handler.log_command:Invoking command in '/app/sp_vision/ros2_ws/build/sp_msgs': DEBUGINFOD_URLS=https://debuginfod.ubuntu.com /usr/bin/cmake --install /app/sp_vision/ros2_ws/build/sp_msgs
[25.234s] DEBUG:colcon.colcon_core.event_handler.log_command:Invoked command in '/app/sp_vision/ros2_ws/build/sp_msgs' returned '0': DEBUGINFOD_URLS=https://debuginfod.ubuntu.com /usr/bin/cmake --install /app/sp_vision/ros2_ws/build/sp_msgs
[25.260s] Level 1:colcon.colcon_core.shell:create_environment_hook('sp_msgs', 'ros_package_path')
[25.260s] INFO:colcon.colcon_core.shell:Creating environment hook '/app/sp_vision/ros2_ws/install/share/sp_msgs/hook/ros_package_path.ps1'
[25.267s] INFO:colcon.colcon_core.shell:Creating environment descriptor '/app/sp_vision/ros2_ws/install/share/sp_msgs/hook/ros_package_path.dsv'
[25.276s] INFO:colcon.colcon_core.shell:Creating environment hook '/app/sp_vision/ros2_ws/install/share/sp_msgs/hook/ros_package_path.sh'
[25.301s] Level 1:colcon.colcon_ros.task.catkin:checking '/app/sp_vision/ros2_ws/install/lib/python3.12/site-packages'
[25.304s] Level 1:colcon.colcon_core.shell:create_environment_hook('sp_msgs', 'catkin_pythonpath')
[25.305s] INFO:colcon.colcon_core.shell:Creating environment hook '/app/sp_vision/ros2_ws/install/share/sp_msgs/hook/catkin_pythonpath.ps1'
[25.321s] INFO:colcon.colcon_core.shell:Creating environment descriptor '/app/sp_vision/ros2_ws/install/share/sp_msgs/hook/catkin_pythonpath.dsv'
[25.327s] INFO:colcon.colcon_core.shell:Creating environment hook '/app/sp_vision/ros2_ws/install/share/sp_msgs/hook/catkin_pythonpath.sh'
[25.333s] Level 1:colcon.colcon_core.shell:create_environment_hook('sp_msgs', 'pkg_config_path')
[25.334s] INFO:colcon.colcon_core.shell:Creating environment hook '/app/sp_vision/ros2_ws/install/share/sp_msgs/hook/pkg_config_path.ps1'
[25.360s] INFO:colcon.colcon_core.shell:Creating environment descriptor '/app/sp_vision/ros2_ws/install/share/sp_msgs/hook/pkg_config_path.dsv'
[25.367s] INFO:colcon.colcon_core.shell:Creating environment hook '/app/sp_vision/ros2_ws/install/share/sp_msgs/hook/pkg_config_path.sh'
[25.384s] Level 1:colcon.colcon_core.shell:create_environment_hook('sp_msgs', 'pkg_config_path_multiarch')
[25.384s] INFO:colcon.colcon_core.shell:Creating environment hook '/app/sp_vision/ros2_ws/install/share/sp_msgs/hook/pkg_config_path_multiarch.ps1'
[25.392s] INFO:colcon.colcon_core.shell:Creating environment descriptor '/app/sp_vision/ros2_ws/install/share/sp_msgs/hook/pkg_config_path_multiarch.dsv'
[25.415s] INFO:colcon.colcon_core.shell:Creating environment hook '/app/sp_vision/ros2_ws/install/share/sp_msgs/hook/pkg_config_path_multiarch.sh'
[25.425s] Level 1:colcon.colcon_core.environment:create_environment_scripts_only(sp_msgs)
[25.426s] Level 1:colcon.colcon_core.environment:checking '/app/sp_vision/ros2_ws/install' for CMake module files
[25.575s] Level 1:colcon.colcon_core.environment:checking '/app/sp_vision/ros2_ws/install' for CMake config files
[25.664s] Level 1:colcon.colcon_core.shell:create_environment_hook('sp_msgs', 'cmake_prefix_path')
[25.665s] INFO:colcon.colcon_core.shell:Creating environment hook '/app/sp_vision/ros2_ws/install/share/sp_msgs/hook/cmake_prefix_path.ps1'
[25.671s] INFO:colcon.colcon_core.shell:Creating environment descriptor '/app/sp_vision/ros2_ws/install/share/sp_msgs/hook/cmake_prefix_path.dsv'
[25.684s] INFO:colcon.colcon_core.shell:Creating environment hook '/app/sp_vision/ros2_ws/install/share/sp_msgs/hook/cmake_prefix_path.sh'
[25.700s] Level 1:colcon.colcon_core.environment:checking '/app/sp_vision/ros2_ws/install/lib'
[25.702s] Level 1:colcon.colcon_core.shell:create_environment_hook('sp_msgs', 'ld_library_path_lib')
[25.702s] INFO:colcon.colcon_core.shell:Creating environment hook '/app/sp_vision/ros2_ws/install/share/sp_msgs/hook/ld_library_path_lib.ps1'
[25.715s] INFO:colcon.colcon_core.shell:Creating environment descriptor '/app/sp_vision/ros2_ws/install/share/sp_msgs/hook/ld_library_path_lib.dsv'
[25.722s] INFO:colcon.colcon_core.shell:Creating environment hook '/app/sp_vision/ros2_ws/install/share/sp_msgs/hook/ld_library_path_lib.sh'
[25.736s] Level 1:colcon.colcon_core.environment:checking '/app/sp_vision/ros2_ws/install/bin'
[25.741s] Level 1:colcon.colcon_core.environment:checking '/app/sp_vision/ros2_ws/install/lib/pkgconfig/sp_msgs.pc'
[25.746s] Level 1:colcon.colcon_core.environment:checking '/app/sp_vision/ros2_ws/install/lib/python3.12/site-packages'
[25.749s] Level 1:colcon.colcon_core.shell:create_environment_hook('sp_msgs', 'pythonpath')
[25.749s] INFO:colcon.colcon_core.shell:Creating environment hook '/app/sp_vision/ros2_ws/install/share/sp_msgs/hook/pythonpath.ps1'
[25.764s] INFO:colcon.colcon_core.shell:Creating environment descriptor '/app/sp_vision/ros2_ws/install/share/sp_msgs/hook/pythonpath.dsv'
[25.771s] INFO:colcon.colcon_core.shell:Creating environment hook '/app/sp_vision/ros2_ws/install/share/sp_msgs/hook/pythonpath.sh'
[25.778s] Level 1:colcon.colcon_core.environment:checking '/app/sp_vision/ros2_ws/install/bin'
[25.780s] INFO:colcon.colcon_core.shell:Creating package script '/app/sp_vision/ros2_ws/install/share/sp_msgs/package.ps1'
[25.787s] INFO:colcon.colcon_core.shell:Creating package descriptor '/app/sp_vision/ros2_ws/install/share/sp_msgs/package.dsv'
[25.791s] INFO:colcon.colcon_core.shell:Creating package script '/app/sp_vision/ros2_ws/install/share/sp_msgs/package.sh'
[25.797s] INFO:colcon.colcon_core.shell:Creating package script '/app/sp_vision/ros2_ws/install/share/sp_msgs/package.bash'
[25.817s] INFO:colcon.colcon_core.shell:Creating package script '/app/sp_vision/ros2_ws/install/share/sp_msgs/package.zsh'
[25.822s] Level 1:colcon.colcon_core.environment:create_file_with_runtime_dependencies(/app/sp_vision/ros2_ws/install/share/colcon-core/packages/sp_msgs)
[25.826s] DEBUG:colcon.colcon_parallel_executor.executor.parallel:closing loop
[25.826s] DEBUG:colcon.colcon_parallel_executor.executor.parallel:loop closed
[25.827s] DEBUG:colcon.colcon_parallel_executor.executor.parallel:run_until_complete finished with '0'
[25.827s] DEBUG:colcon.colcon_core.event_reactor:joining thread
[25.855s] INFO:colcon.colcon_core.plugin_system:Skipping extension 'colcon_notification.desktop_notification.notify_send': Could not find 'notify-send'
[25.858s] INFO:colcon.colcon_core.plugin_system:Skipping extension 'colcon_notification.desktop_notification.terminal_notifier': Not used on non-Darwin systems
[25.859s] INFO:colcon.colcon_core.plugin_system:Skipping extension 'colcon_notification.desktop_notification.win32': Not used on non-Windows systems
[25.859s] INFO:colcon.colcon_notification.desktop_notification:Sending desktop notification using 'notify2'
[25.859s] DEBUG:colcon.colcon_notification.desktop_notification.notify2:Failed to initialize notify2: org.freedesktop.DBus.Error.NotSupported: Unable to autolaunch a dbus-daemon without a $DISPLAY for X11
[25.859s] DEBUG:colcon.colcon_core.event_reactor:joined thread
[25.859s] INFO:colcon.colcon_core.shell:Creating prefix script '/app/sp_vision/ros2_ws/install/local_setup.ps1'
[25.868s] INFO:colcon.colcon_core.shell:Creating prefix util module '/app/sp_vision/ros2_ws/install/_local_setup_util_ps1.py'
[25.871s] INFO:colcon.colcon_core.shell:Creating prefix chain script '/app/sp_vision/ros2_ws/install/setup.ps1'
[25.874s] INFO:colcon.colcon_core.shell:Creating prefix script '/app/sp_vision/ros2_ws/install/local_setup.sh'
[25.882s] INFO:colcon.colcon_core.shell:Creating prefix util module '/app/sp_vision/ros2_ws/install/_local_setup_util_sh.py'
[25.889s] INFO:colcon.colcon_core.shell:Creating prefix chain script '/app/sp_vision/ros2_ws/install/setup.sh'
[25.904s] INFO:colcon.colcon_core.shell:Creating prefix script '/app/sp_vision/ros2_ws/install/local_setup.bash'
[25.912s] INFO:colcon.colcon_core.shell:Creating prefix chain script '/app/sp_vision/ros2_ws/install/setup.bash'
[25.917s] INFO:colcon.colcon_core.shell:Creating prefix script '/app/sp_vision/ros2_ws/install/local_setup.zsh'
[25.924s] INFO:colcon.colcon_core.shell:Creating prefix chain script '/app/sp_vision/ros2_ws/install/setup.zsh'
